docker compose -f docker-compose.test.yml run --rm -e SKIP_TOKEN_POLLUTION_GUARD=1 -e ENVIRONMENT=test -e PYTHONPATH=/app test pytest tests/ --disable-warnings --tb=short 
============================= test session starts ==============================
platform linux -- Python 3.11.13, pytest-8.4.0, pluggy-1.6.0
rootdir: /app
configfile: pytest.ini
plugins: anyio-4.9.0, cov-6.2.1, json-report-1.5.0, metadata-3.1.1
collected 185 items

tests/integration/test_embedding_integration.py .                        [  0%]
tests/integration/test_memory_endpoints.py .                             [  1%]
tests/test_admin_endpoints.py .....                                      [  3%]
tests/test_auto_code_review.py ...                                       [  5%]
tests/test_backup_restore.py ss                                          [  6%]
tests/test_code_review_endpoints.py ..s....                              [ 10%]
tests/test_db.py .                                                       [ 10%]
tests/test_dependency_injection.py s.                                    [ 11%]
tests/test_misc_scripts_auto_feedback.py .....F                          [ 15%]
tests/test_misc_scripts_fix_rule_files.py ...                            [ 16%]
tests/test_onboarding.py .....                                           [ 19%]
tests/test_onboarding_flow.py F                                          [ 20%]
tests/test_rule_analytics.py ssss                                        [ 22%]
tests/test_rule_api_server.py ss......................sF..               [ 37%]
tests/test_rule_conflicts.py F.FFFFFFFF                                  [ 42%]
tests/test_rule_enforcement.py ....F.                                    [ 45%]
tests/test_rule_enforcement_edge_cases.py ..FFFF                         [ 49%]
tests/test_rule_filtering.py FFFFF                                       [ 51%]
tests/test_rule_promotion.py F..                                         [ 53%]
tests/test_rule_proposal_feedback.py ...F........                        [ 60%]
tests/test_rule_suggestion.py ...............                            [ 68%]
tests/test_rule_updates.py .....                                         [ 70%]
tests/test_rule_versioning.py ..F.                                       [ 72%]
tests/test_scripts.py .ssssss                                            [ 76%]
tests/test_scripts_llm_rule_suggester_service.py ...                     [ 78%]
tests/test_scripts_onboarding_health_check.py ...                        [ 80%]
tests/test_smart_merge_backup.py ...                                     [ 81%]
tests/test_uuid_validation.py .                                          [ 82%]
tests/test_worker.py .FF...                                              [ 85%]
tests/unit/test_env_and_validation.py ...                                [ 87%]
tests/unit/test_memory_cleanup_worker.py .                               [ 87%]
tests/unit/test_memory_edge_inference.py ....                            [ 89%]
tests/unit/test_memory_node_embedding.py .                               [ 90%]
tests/unit/test_memory_refinement_worker.py F                            [ 90%]
tests/unit/test_onboarding_path_optimizer.py .                           [ 91%]
tests/unit/test_proactive_error_handling.py .                            [ 91%]
tests/unit/test_rule_query.py ..                                         [ 92%]
tests/unit/test_stale_rule_detector.py .                                 [ 93%]
tests/unit/test_user_story_completeness_checker.py F                     [ 94%]
tests/unit/test_utils.py ...........                                     [100%]

=================================== FAILURES ===================================
_________________________ test_invalid_input_file_cli __________________________
tests/test_misc_scripts_auto_feedback.py:81: in test_invalid_input_file_cli
    with pytest.raises(SystemExit) as excinfo:
E   Failed: DID NOT RAISE <class 'SystemExit'>
---------------------------- Captured stdout setup -----------------------------
[DEBUG-get_db] ENVIRONMENT=test, POSTGRES_HOST=test-db
[DEBUG-get_db] ENVIRONMENT=test, POSTGRES_HOST=test-db
[TEST DEBUG] Created test project: project_id=8dbbc70e-4662-4f39-9307-e52d5ca8e7cf, token=y-7SeQbsWl7uv4XMnOh2RtwVP507qHy7czJWNmwfVao
---------------------------- Captured stderr setup -----------------------------
INFO:pytest-session:[test_end: test_missing_env_vars_cli] rules table columns: ['id', 'rule_type', 'description', 'diff', 'status', 'submitted_by', 'added_by', 'project', 'timestamp', 'version', 'categories', 'tags', 'examples', 'applies_to', 'applies_to_rationale', 'user_story', 'scope_level', 'scope_id', 'parent_rule_id', 'superseded_by']
INFO:pytest-session:[test_start: test_invalid_input_file_cli] rules table columns: ['id', 'rule_type', 'description', 'diff', 'status', 'submitted_by', 'added_by', 'project', 'timestamp', 'version', 'categories', 'tags', 'examples', 'applies_to', 'applies_to_rationale', 'user_story', 'scope_level', 'scope_id', 'parent_rule_id', 'superseded_by']
INFO:pytest-session:[fixture:clean_db:before] rules table columns: ['id', 'rule_type', 'description', 'diff', 'status', 'submitted_by', 'added_by', 'project', 'timestamp', 'version', 'categories', 'tags', 'examples', 'applies_to', 'applies_to_rationale', 'user_story', 'scope_level', 'scope_id', 'parent_rule_id', 'superseded_by']
INFO:pytest-session:[fixture:clean_db:after] rules table columns: ['id', 'rule_type', 'description', 'diff', 'status', 'submitted_by', 'added_by', 'project', 'timestamp', 'version', 'categories', 'tags', 'examples', 'applies_to', 'applies_to_rationale', 'user_story', 'scope_level', 'scope_id', 'parent_rule_id', 'superseded_by']
INFO:pytest-session:[fixture:test_project:before] rules table columns: ['id', 'rule_type', 'description', 'diff', 'status', 'submitted_by', 'added_by', 'project', 'timestamp', 'version', 'categories', 'tags', 'examples', 'applies_to', 'applies_to_rationale', 'user_story', 'scope_level', 'scope_id', 'parent_rule_id', 'superseded_by']
INFO:httpx:HTTP Request: POST http://testserver/onboarding/init "HTTP/1.1 200 OK"
INFO:pytest-session:[fixture:test_project:after] rules table columns: ['id', 'rule_type', 'description', 'diff', 'status', 'submitted_by', 'added_by', 'project', 'timestamp', 'version', 'categories', 'tags', 'examples', 'applies_to', 'applies_to_rationale', 'user_story', 'scope_level', 'scope_id', 'parent_rule_id', 'superseded_by']
------------------------------ Captured log setup ------------------------------
INFO     pytest-session:conftest.py:46 [fixture:clean_db:before] rules table columns: ['id', 'rule_type', 'description', 'diff', 'status', 'submitted_by', 'added_by', 'project', 'timestamp', 'version', 'categories', 'tags', 'examples', 'applies_to', 'applies_to_rationale', 'user_story', 'scope_level', 'scope_id', 'parent_rule_id', 'superseded_by']
INFO     pytest-session:conftest.py:46 [fixture:clean_db:after] rules table columns: ['id', 'rule_type', 'description', 'diff', 'status', 'submitted_by', 'added_by', 'project', 'timestamp', 'version', 'categories', 'tags', 'examples', 'applies_to', 'applies_to_rationale', 'user_story', 'scope_level', 'scope_id', 'parent_rule_id', 'superseded_by']
INFO     pytest-session:conftest.py:46 [fixture:test_project:before] rules table columns: ['id', 'rule_type', 'description', 'diff', 'status', 'submitted_by', 'added_by', 'project', 'timestamp', 'version', 'categories', 'tags', 'examples', 'applies_to', 'applies_to_rationale', 'user_story', 'scope_level', 'scope_id', 'parent_rule_id', 'superseded_by']
INFO     httpx:_client.py:1025 HTTP Request: POST http://testserver/onboarding/init "HTTP/1.1 200 OK"
INFO     pytest-session:conftest.py:46 [fixture:test_project:after] rules table columns: ['id', 'rule_type', 'description', 'diff', 'status', 'submitted_by', 'added_by', 'project', 'timestamp', 'version', 'categories', 'tags', 'examples', 'applies_to', 'applies_to_rationale', 'user_story', 'scope_level', 'scope_id', 'parent_rule_id', 'superseded_by']
--------------------------- Captured stderr teardown ---------------------------
INFO:pytest-session:[fixture:clean_db:yielded] rules table columns: ['id', 'rule_type', 'description', 'diff', 'status', 'submitted_by', 'added_by', 'project', 'timestamp', 'version', 'categories', 'tags', 'examples', 'applies_to', 'applies_to_rationale', 'user_story', 'scope_level', 'scope_id', 'parent_rule_id', 'superseded_by']
---------------------------- Captured log teardown -----------------------------
INFO     pytest-session:conftest.py:46 [fixture:clean_db:yielded] rules table columns: ['id', 'rule_type', 'description', 'diff', 'status', 'submitted_by', 'added_by', 'project', 'timestamp', 'version', 'categories', 'tags', 'examples', 'applies_to', 'applies_to_rationale', 'user_story', 'scope_level', 'scope_id', 'parent_rule_id', 'superseded_by']
_______________________ test_internal_project_onboarding _______________________
tests/test_onboarding_flow.py:43: in test_internal_project_onboarding
    assert isinstance(initial_progress, list), "Progress should be a list of steps"
E   AssertionError: Progress should be a list of steps
E   assert False
E    +  where False = isinstance({'steps': [{'completed': False, 'details': None, 'doc_link': None, 'id': '5a52d865-aa44-4399-a9d6-d29670a55ac8', ...},...': '/onboarding/user_story/test_path#testing-workflow-guidelines', 'id': 'b8cff8f3-3f05-45d3-b1e8-965859bb67fb', ...}]}, list)
---------------------------- Captured stdout setup -----------------------------
[DEBUG-get_db] ENVIRONMENT=test, POSTGRES_HOST=test-db
[DEBUG-get_db] ENVIRONMENT=test, POSTGRES_HOST=test-db
[TEST DEBUG] Created test project: project_id=4222d01f-ceda-4219-b0dc-5a0d966dcdb5, token=d-UuzR_ZK4n7vMRhpqwNs5gC1u0Dyv4hf4iZLxZ4iyY
---------------------------- Captured stderr setup -----------------------------
INFO:pytest-session:[test_end: test_onboarding_md_has_quick_start] rules table columns: ['id', 'rule_type', 'description', 'diff', 'status', 'submitted_by', 'added_by', 'project', 'timestamp', 'version', 'categories', 'tags', 'examples', 'applies_to', 'applies_to_rationale', 'user_story', 'scope_level', 'scope_id', 'parent_rule_id', 'superseded_by']
INFO:pytest-session:[test_start: test_internal_project_onboarding] rules table columns: ['id', 'rule_type', 'description', 'diff', 'status', 'submitted_by', 'added_by', 'project', 'timestamp', 'version', 'categories', 'tags', 'examples', 'applies_to', 'applies_to_rationale', 'user_story', 'scope_level', 'scope_id', 'parent_rule_id', 'superseded_by']
INFO:pytest-session:[fixture:clean_db:before] rules table columns: ['id', 'rule_type', 'description', 'diff', 'status', 'submitted_by', 'added_by', 'project', 'timestamp', 'version', 'categories', 'tags', 'examples', 'applies_to', 'applies_to_rationale', 'user_story', 'scope_level', 'scope_id', 'parent_rule_id', 'superseded_by']
INFO:pytest-session:[fixture:clean_db:after] rules table columns: ['id', 'rule_type', 'description', 'diff', 'status', 'submitted_by', 'added_by', 'project', 'timestamp', 'version', 'categories', 'tags', 'examples', 'applies_to', 'applies_to_rationale', 'user_story', 'scope_level', 'scope_id', 'parent_rule_id', 'superseded_by']
INFO:pytest-session:[fixture:test_project:before] rules table columns: ['id', 'rule_type', 'description', 'diff', 'status', 'submitted_by', 'added_by', 'project', 'timestamp', 'version', 'categories', 'tags', 'examples', 'applies_to', 'applies_to_rationale', 'user_story', 'scope_level', 'scope_id', 'parent_rule_id', 'superseded_by']
INFO:httpx:HTTP Request: POST http://testserver/onboarding/init "HTTP/1.1 200 OK"
INFO:pytest-session:[fixture:test_project:after] rules table columns: ['id', 'rule_type', 'description', 'diff', 'status', 'submitted_by', 'added_by', 'project', 'timestamp', 'version', 'categories', 'tags', 'examples', 'applies_to', 'applies_to_rationale', 'user_story', 'scope_level', 'scope_id', 'parent_rule_id', 'superseded_by']
------------------------------ Captured log setup ------------------------------
INFO     pytest-session:conftest.py:46 [fixture:clean_db:before] rules table columns: ['id', 'rule_type', 'description', 'diff', 'status', 'submitted_by', 'added_by', 'project', 'timestamp', 'version', 'categories', 'tags', 'examples', 'applies_to', 'applies_to_rationale', 'user_story', 'scope_level', 'scope_id', 'parent_rule_id', 'superseded_by']
INFO     pytest-session:conftest.py:46 [fixture:clean_db:after] rules table columns: ['id', 'rule_type', 'description', 'diff', 'status', 'submitted_by', 'added_by', 'project', 'timestamp', 'version', 'categories', 'tags', 'examples', 'applies_to', 'applies_to_rationale', 'user_story', 'scope_level', 'scope_id', 'parent_rule_id', 'superseded_by']
INFO     pytest-session:conftest.py:46 [fixture:test_project:before] rules table columns: ['id', 'rule_type', 'description', 'diff', 'status', 'submitted_by', 'added_by', 'project', 'timestamp', 'version', 'categories', 'tags', 'examples', 'applies_to', 'applies_to_rationale', 'user_story', 'scope_level', 'scope_id', 'parent_rule_id', 'superseded_by']
INFO     httpx:_client.py:1025 HTTP Request: POST http://testserver/onboarding/init "HTTP/1.1 200 OK"
INFO     pytest-session:conftest.py:46 [fixture:test_project:after] rules table columns: ['id', 'rule_type', 'description', 'diff', 'status', 'submitted_by', 'added_by', 'project', 'timestamp', 'version', 'categories', 'tags', 'examples', 'applies_to', 'applies_to_rationale', 'user_story', 'scope_level', 'scope_id', 'parent_rule_id', 'superseded_by']
----------------------------- Captured stdout call -----------------------------
[TEST DEBUG] project_name=test_project_36631280, path=test_path, headers={'Authorization': 'Bearer d-UuzR_ZK4n7vMRhpqwNs5gC1u0Dyv4hf4iZLxZ4iyY'}
--------------------------- Captured stderr teardown ---------------------------
INFO:pytest-session:[fixture:clean_db:yielded] rules table columns: ['id', 'rule_type', 'description', 'diff', 'status', 'submitted_by', 'added_by', 'project', 'timestamp', 'version', 'categories', 'tags', 'examples', 'applies_to', 'applies_to_rationale', 'user_story', 'scope_level', 'scope_id', 'parent_rule_id', 'superseded_by']
---------------------------- Captured log teardown -----------------------------
INFO     pytest-session:conftest.py:46 [fixture:clean_db:yielded] rules table columns: ['id', 'rule_type', 'description', 'diff', 'status', 'submitted_by', 'added_by', 'project', 'timestamp', 'version', 'categories', 'tags', 'examples', 'applies_to', 'applies_to_rationale', 'user_story', 'scope_level', 'scope_id', 'parent_rule_id', 'superseded_by']
_________________________ test_rule_promotion_endpoint _________________________
tests/test_rule_api_server.py:735: in test_rule_promotion_endpoint
    assert prop_response.status_code == 200
E   assert 422 == 200
E    +  where 422 = <Response [422 Unprocessable Entity]>.status_code
---------------------------- Captured stdout setup -----------------------------
[DEBUG-get_db] ENVIRONMENT=test, POSTGRES_HOST=test-db
[DEBUG-get_db] ENVIRONMENT=test, POSTGRES_HOST=test-db
[DEBUG-get_db] ENVIRONMENT=test, POSTGRES_HOST=test-db
[TEST DEBUG] Created test project: project_id=cb857376-82c4-461a-852f-f16611452642, token=1ef4AdTlfSRjqjS8xmboS3Tex6Hrgzn4Xrp7wplgjXI
[DEBUG-get_db] ENVIRONMENT=test, POSTGRES_HOST=test-db
[DEBUG-get_db] ENVIRONMENT=test, POSTGRES_HOST=test-db
---------------------------- Captured stderr setup -----------------------------
INFO:pytest-session:[test_end: test_review_code_files_llm_endpoint] rules table columns: ['id', 'rule_type', 'description', 'diff', 'status', 'submitted_by', 'added_by', 'project', 'timestamp', 'version', 'categories', 'tags', 'examples', 'applies_to', 'applies_to_rationale', 'user_story', 'scope_level', 'scope_id', 'parent_rule_id', 'superseded_by']
INFO:pytest-session:[test_start: test_rule_promotion_endpoint] rules table columns: ['id', 'rule_type', 'description', 'diff', 'status', 'submitted_by', 'added_by', 'project', 'timestamp', 'version', 'categories', 'tags', 'examples', 'applies_to', 'applies_to_rationale', 'user_story', 'scope_level', 'scope_id', 'parent_rule_id', 'superseded_by']
INFO:pytest-session:[fixture:clean_db:before] rules table columns: ['id', 'rule_type', 'description', 'diff', 'status', 'submitted_by', 'added_by', 'project', 'timestamp', 'version', 'categories', 'tags', 'examples', 'applies_to', 'applies_to_rationale', 'user_story', 'scope_level', 'scope_id', 'parent_rule_id', 'superseded_by']
INFO:pytest-session:[fixture:clean_db:after] rules table columns: ['id', 'rule_type', 'description', 'diff', 'status', 'submitted_by', 'added_by', 'project', 'timestamp', 'version', 'categories', 'tags', 'examples', 'applies_to', 'applies_to_rationale', 'user_story', 'scope_level', 'scope_id', 'parent_rule_id', 'superseded_by']
INFO:pytest-session:[fixture:test_project:before] rules table columns: ['id', 'rule_type', 'description', 'diff', 'status', 'submitted_by', 'added_by', 'project', 'timestamp', 'version', 'categories', 'tags', 'examples', 'applies_to', 'applies_to_rationale', 'user_story', 'scope_level', 'scope_id', 'parent_rule_id', 'superseded_by']
INFO:httpx:HTTP Request: POST http://testserver/onboarding/init "HTTP/1.1 200 OK"
INFO:pytest-session:[fixture:test_project:after] rules table columns: ['id', 'rule_type', 'description', 'diff', 'status', 'submitted_by', 'added_by', 'project', 'timestamp', 'version', 'categories', 'tags', 'examples', 'applies_to', 'applies_to_rationale', 'user_story', 'scope_level', 'scope_id', 'parent_rule_id', 'superseded_by']
------------------------------ Captured log setup ------------------------------
INFO     pytest-session:conftest.py:46 [fixture:clean_db:before] rules table columns: ['id', 'rule_type', 'description', 'diff', 'status', 'submitted_by', 'added_by', 'project', 'timestamp', 'version', 'categories', 'tags', 'examples', 'applies_to', 'applies_to_rationale', 'user_story', 'scope_level', 'scope_id', 'parent_rule_id', 'superseded_by']
INFO     pytest-session:conftest.py:46 [fixture:clean_db:after] rules table columns: ['id', 'rule_type', 'description', 'diff', 'status', 'submitted_by', 'added_by', 'project', 'timestamp', 'version', 'categories', 'tags', 'examples', 'applies_to', 'applies_to_rationale', 'user_story', 'scope_level', 'scope_id', 'parent_rule_id', 'superseded_by']
INFO     pytest-session:conftest.py:46 [fixture:test_project:before] rules table columns: ['id', 'rule_type', 'description', 'diff', 'status', 'submitted_by', 'added_by', 'project', 'timestamp', 'version', 'categories', 'tags', 'examples', 'applies_to', 'applies_to_rationale', 'user_story', 'scope_level', 'scope_id', 'parent_rule_id', 'superseded_by']
INFO     httpx:_client.py:1025 HTTP Request: POST http://testserver/onboarding/init "HTTP/1.1 200 OK"
INFO     pytest-session:conftest.py:46 [fixture:test_project:after] rules table columns: ['id', 'rule_type', 'description', 'diff', 'status', 'submitted_by', 'added_by', 'project', 'timestamp', 'version', 'categories', 'tags', 'examples', 'applies_to', 'applies_to_rationale', 'user_story', 'scope_level', 'scope_id', 'parent_rule_id', 'superseded_by']
----------------------------- Captured stdout call -----------------------------
[DEBUG-get_db] ENVIRONMENT=test, POSTGRES_HOST=test-db
[DEBUG] Proposal creation response: 422 {'detail': "'diff' should start with '# Rule:' (MDC format)."}
----------------------------- Captured stderr call -----------------------------
WARNING:rule_proposals:[DEBUG] Incoming /propose-rule-change payload: {'rule_type': 'promotion_test', 'description': 'Test promotion flow.', 'diff': 'Promotion diff.', 'submitted_by': 'tester', 'scope_level': 'project', 'scope_id': '1a5077b5-8a87-4cad-8afb-e4ada175302c', 'reason_for_change': 'Testing promotion.', 'references': 'Test reference.'}
WARNING:rule_proposals:[SCOPE-DEBUG] ABSOLUTE FIRST: Incoming payload type: <class 'dict'>, repr: {'rule_type': 'promotion_test', 'description': 'Test promotion flow.', 'diff': 'Promotion diff.', 'submitted_by': 'tester', 'scope_level': 'project', 'scope_id': '1a5077b5-8a87-4cad-8afb-e4ada175302c', 'reason_for_change': 'Testing promotion.', 'references': 'Test reference.'}
WARNING:rule_proposals:[SCOPE-DEBUG] ABSOLUTE FIRST: After conversion, payload type: <class 'dict'>, repr: {'rule_type': 'promotion_test', 'description': 'Test promotion flow.', 'diff': 'Promotion diff.', 'submitted_by': 'tester', 'scope_level': 'project', 'scope_id': '1a5077b5-8a87-4cad-8afb-e4ada175302c', 'reason_for_change': 'Testing promotion.', 'references': 'Test reference.'}
WARNING:rule_proposals:[SCOPE-DEBUG] ABSOLUTE FIRST: payload.get('project'): None, payload.get('team'): None
WARNING:rule_proposals:[SCOPE-DEBUG] ABSOLUTE FIRST: Incoming payload: {'rule_type': 'promotion_test', 'description': 'Test promotion flow.', 'diff': 'Promotion diff.', 'submitted_by': 'tester', 'scope_level': 'project', 'scope_id': '1a5077b5-8a87-4cad-8afb-e4ada175302c', 'reason_for_change': 'Testing promotion.', 'references': 'Test reference.'}
WARNING:rule_proposals:[SCOPE-DEBUG] ABSOLUTE FIRST: scope_level=project, project=None, team=None, scope_id=1a5077b5-8a87-4cad-8afb-e4ada175302c
WARNING:rule_proposals:[SCOPE-DEBUG] After resolution: scope_id=1a5077b5-8a87-4cad-8afb-e4ada175302c, payload['scope_id']=1a5077b5-8a87-4cad-8afb-e4ada175302c
WARNING:rule_proposals:[CONFLICT-DEBUG] Checking for conflicts: rule_type=promotion_test, diff=Promotion diff., scope_level=project, scope_id=1a5077b5-8a87-4cad-8afb-e4ada175302c
WARNING:rule_proposals:[MDC-VALIDATION] is_valid=False, error_msg='diff' should start with '# Rule:' (MDC format)., diff=Promotion diff.
ERROR:rule_proposals:[422-RAISE] MDC diff format invalid: 'diff' should start with '# Rule:' (MDC format)., payload={'rule_type': 'promotion_test', 'description': 'Test promotion flow.', 'diff': 'Promotion diff.', 'submitted_by': 'tester', 'scope_level': 'project', 'scope_id': '1a5077b5-8a87-4cad-8afb-e4ada175302c', 'reason_for_change': 'Testing promotion.', 'references': 'Test reference.'}
INFO:httpx:HTTP Request: POST http://testserver/propose-rule-change "HTTP/1.1 422 Unprocessable Entity"
------------------------------ Captured log call -------------------------------
WARNING  rule_proposals:rule_proposals.py:230 [DEBUG] Incoming /propose-rule-change payload: {'rule_type': 'promotion_test', 'description': 'Test promotion flow.', 'diff': 'Promotion diff.', 'submitted_by': 'tester', 'scope_level': 'project', 'scope_id': '1a5077b5-8a87-4cad-8afb-e4ada175302c', 'reason_for_change': 'Testing promotion.', 'references': 'Test reference.'}
WARNING  rule_proposals:rule_proposals.py:235 [SCOPE-DEBUG] ABSOLUTE FIRST: Incoming payload type: <class 'dict'>, repr: {'rule_type': 'promotion_test', 'description': 'Test promotion flow.', 'diff': 'Promotion diff.', 'submitted_by': 'tester', 'scope_level': 'project', 'scope_id': '1a5077b5-8a87-4cad-8afb-e4ada175302c', 'reason_for_change': 'Testing promotion.', 'references': 'Test reference.'}
WARNING  rule_proposals:rule_proposals.py:247 [SCOPE-DEBUG] ABSOLUTE FIRST: After conversion, payload type: <class 'dict'>, repr: {'rule_type': 'promotion_test', 'description': 'Test promotion flow.', 'diff': 'Promotion diff.', 'submitted_by': 'tester', 'scope_level': 'project', 'scope_id': '1a5077b5-8a87-4cad-8afb-e4ada175302c', 'reason_for_change': 'Testing promotion.', 'references': 'Test reference.'}
WARNING  rule_proposals:rule_proposals.py:248 [SCOPE-DEBUG] ABSOLUTE FIRST: payload.get('project'): None, payload.get('team'): None
WARNING  rule_proposals:rule_proposals.py:249 [SCOPE-DEBUG] ABSOLUTE FIRST: Incoming payload: {'rule_type': 'promotion_test', 'description': 'Test promotion flow.', 'diff': 'Promotion diff.', 'submitted_by': 'tester', 'scope_level': 'project', 'scope_id': '1a5077b5-8a87-4cad-8afb-e4ada175302c', 'reason_for_change': 'Testing promotion.', 'references': 'Test reference.'}
WARNING  rule_proposals:rule_proposals.py:250 [SCOPE-DEBUG] ABSOLUTE FIRST: scope_level=project, project=None, team=None, scope_id=1a5077b5-8a87-4cad-8afb-e4ada175302c
WARNING  rule_proposals:rule_proposals.py:281 [SCOPE-DEBUG] After resolution: scope_id=1a5077b5-8a87-4cad-8afb-e4ada175302c, payload['scope_id']=1a5077b5-8a87-4cad-8afb-e4ada175302c
WARNING  rule_proposals:rule_proposals.py:293 [CONFLICT-DEBUG] Checking for conflicts: rule_type=promotion_test, diff=Promotion diff., scope_level=project, scope_id=1a5077b5-8a87-4cad-8afb-e4ada175302c
WARNING  rule_proposals:rule_proposals.py:333 [MDC-VALIDATION] is_valid=False, error_msg='diff' should start with '# Rule:' (MDC format)., diff=Promotion diff.
ERROR    rule_proposals:rule_proposals.py:335 [422-RAISE] MDC diff format invalid: 'diff' should start with '# Rule:' (MDC format)., payload={'rule_type': 'promotion_test', 'description': 'Test promotion flow.', 'diff': 'Promotion diff.', 'submitted_by': 'tester', 'scope_level': 'project', 'scope_id': '1a5077b5-8a87-4cad-8afb-e4ada175302c', 'reason_for_change': 'Testing promotion.', 'references': 'Test reference.'}
INFO     httpx:_client.py:1025 HTTP Request: POST http://testserver/propose-rule-change "HTTP/1.1 422 Unprocessable Entity"
--------------------------- Captured stderr teardown ---------------------------
INFO:pytest-session:[fixture:clean_db:yielded] rules table columns: ['id', 'rule_type', 'description', 'diff', 'status', 'submitted_by', 'added_by', 'project', 'timestamp', 'version', 'categories', 'tags', 'examples', 'applies_to', 'applies_to_rationale', 'user_story', 'scope_level', 'scope_id', 'parent_rule_id', 'superseded_by']
---------------------------- Captured log teardown -----------------------------
INFO     pytest-session:conftest.py:46 [fixture:clean_db:yielded] rules table columns: ['id', 'rule_type', 'description', 'diff', 'status', 'submitted_by', 'added_by', 'project', 'timestamp', 'version', 'categories', 'tags', 'examples', 'applies_to', 'applies_to_rationale', 'user_story', 'scope_level', 'scope_id', 'parent_rule_id', 'superseded_by']
_________________________ test_rule_conflict_detection _________________________
tests/test_rule_conflicts.py:56: in test_rule_conflict_detection
    assert response1.status_code == 200
E   assert 422 == 200
E    +  where 422 = <Response [422 Unprocessable Entity]>.status_code
---------------------------- Captured stdout setup -----------------------------
[DEBUG-get_db] ENVIRONMENT=test, POSTGRES_HOST=test-db
[DEBUG-get_db] ENVIRONMENT=test, POSTGRES_HOST=test-db
[TEST DEBUG] Created test project: project_id=d3f33433-8c92-4049-ad74-d7f51e493575, token=YxaiGhdXOsrOpATqkgf1GDriSjLOyAv0e4EAbC3V27k
---------------------------- Captured stderr setup -----------------------------
INFO:pytest-session:[test_end: test_rule_patch_endpoint] rules table columns: ['id', 'rule_type', 'description', 'diff', 'status', 'submitted_by', 'added_by', 'project', 'timestamp', 'version', 'categories', 'tags', 'examples', 'applies_to', 'applies_to_rationale', 'user_story', 'scope_level', 'scope_id', 'parent_rule_id', 'superseded_by']
INFO:pytest-session:[test_start: test_rule_conflict_detection] rules table columns: ['id', 'rule_type', 'description', 'diff', 'status', 'submitted_by', 'added_by', 'project', 'timestamp', 'version', 'categories', 'tags', 'examples', 'applies_to', 'applies_to_rationale', 'user_story', 'scope_level', 'scope_id', 'parent_rule_id', 'superseded_by']
INFO:pytest-session:[fixture:clean_db:before] rules table columns: ['id', 'rule_type', 'description', 'diff', 'status', 'submitted_by', 'added_by', 'project', 'timestamp', 'version', 'categories', 'tags', 'examples', 'applies_to', 'applies_to_rationale', 'user_story', 'scope_level', 'scope_id', 'parent_rule_id', 'superseded_by']
INFO:pytest-session:[fixture:clean_db:after] rules table columns: ['id', 'rule_type', 'description', 'diff', 'status', 'submitted_by', 'added_by', 'project', 'timestamp', 'version', 'categories', 'tags', 'examples', 'applies_to', 'applies_to_rationale', 'user_story', 'scope_level', 'scope_id', 'parent_rule_id', 'superseded_by']
INFO:pytest-session:[fixture:test_project:before] rules table columns: ['id', 'rule_type', 'description', 'diff', 'status', 'submitted_by', 'added_by', 'project', 'timestamp', 'version', 'categories', 'tags', 'examples', 'applies_to', 'applies_to_rationale', 'user_story', 'scope_level', 'scope_id', 'parent_rule_id', 'superseded_by']
INFO:httpx:HTTP Request: POST http://testserver/onboarding/init "HTTP/1.1 200 OK"
INFO:pytest-session:[fixture:test_project:after] rules table columns: ['id', 'rule_type', 'description', 'diff', 'status', 'submitted_by', 'added_by', 'project', 'timestamp', 'version', 'categories', 'tags', 'examples', 'applies_to', 'applies_to_rationale', 'user_story', 'scope_level', 'scope_id', 'parent_rule_id', 'superseded_by']
------------------------------ Captured log setup ------------------------------
INFO     pytest-session:conftest.py:46 [fixture:clean_db:before] rules table columns: ['id', 'rule_type', 'description', 'diff', 'status', 'submitted_by', 'added_by', 'project', 'timestamp', 'version', 'categories', 'tags', 'examples', 'applies_to', 'applies_to_rationale', 'user_story', 'scope_level', 'scope_id', 'parent_rule_id', 'superseded_by']
INFO     pytest-session:conftest.py:46 [fixture:clean_db:after] rules table columns: ['id', 'rule_type', 'description', 'diff', 'status', 'submitted_by', 'added_by', 'project', 'timestamp', 'version', 'categories', 'tags', 'examples', 'applies_to', 'applies_to_rationale', 'user_story', 'scope_level', 'scope_id', 'parent_rule_id', 'superseded_by']
INFO     pytest-session:conftest.py:46 [fixture:test_project:before] rules table columns: ['id', 'rule_type', 'description', 'diff', 'status', 'submitted_by', 'added_by', 'project', 'timestamp', 'version', 'categories', 'tags', 'examples', 'applies_to', 'applies_to_rationale', 'user_story', 'scope_level', 'scope_id', 'parent_rule_id', 'superseded_by']
INFO     httpx:_client.py:1025 HTTP Request: POST http://testserver/onboarding/init "HTTP/1.1 200 OK"
INFO     pytest-session:conftest.py:46 [fixture:test_project:after] rules table columns: ['id', 'rule_type', 'description', 'diff', 'status', 'submitted_by', 'added_by', 'project', 'timestamp', 'version', 'categories', 'tags', 'examples', 'applies_to', 'applies_to_rationale', 'user_story', 'scope_level', 'scope_id', 'parent_rule_id', 'superseded_by']
----------------------------- Captured stdout call -----------------------------
[DEBUG-get_db] ENVIRONMENT=test, POSTGRES_HOST=test-db
RESPONSE BODY: {"detail":"scope_id must be a valid UUID after resolution."}
----------------------------- Captured stderr call -----------------------------
WARNING:rule_proposals:[DEBUG] Incoming /propose-rule-change payload: {'rule_type': 'conflict_test', 'description': 'Test rule 1', 'diff': 'Pattern: def test_function():\nMessage: Test message 1\nSeverity: warning', 'submitted_by': 'tester', 'categories': ['test'], 'tags': ['conflict'], 'examples': ['Example 1'], 'applies_to': ['python'], 'applies_to_rationale': 'For Python code', 'user_story': 'Test user story', 'reason_for_change': 'Testing conflict flow.', 'references': 'Test reference.'}
WARNING:rule_proposals:[SCOPE-DEBUG] ABSOLUTE FIRST: Incoming payload type: <class 'dict'>, repr: {'rule_type': 'conflict_test', 'description': 'Test rule 1', 'diff': 'Pattern: def test_function():\nMessage: Test message 1\nSeverity: warning', 'submitted_by': 'tester', 'categories': ['test'], 'tags': ['conflict'], 'examples': ['Example 1'], 'applies_to': ['python'], 'applies_to_rationale': 'For Python code', 'user_story': 'Test user story', 'reason_for_change': 'Testing conflict flow.', 'references': 'Test reference.'}
WARNING:rule_proposals:[SCOPE-DEBUG] ABSOLUTE FIRST: After conversion, payload type: <class 'dict'>, repr: {'rule_type': 'conflict_test', 'description': 'Test rule 1', 'diff': 'Pattern: def test_function():\nMessage: Test message 1\nSeverity: warning', 'submitted_by': 'tester', 'categories': ['test'], 'tags': ['conflict'], 'examples': ['Example 1'], 'applies_to': ['python'], 'applies_to_rationale': 'For Python code', 'user_story': 'Test user story', 'reason_for_change': 'Testing conflict flow.', 'references': 'Test reference.'}
WARNING:rule_proposals:[SCOPE-DEBUG] ABSOLUTE FIRST: payload.get('project'): None, payload.get('team'): None
WARNING:rule_proposals:[SCOPE-DEBUG] ABSOLUTE FIRST: Incoming payload: {'rule_type': 'conflict_test', 'description': 'Test rule 1', 'diff': 'Pattern: def test_function():\nMessage: Test message 1\nSeverity: warning', 'submitted_by': 'tester', 'categories': ['test'], 'tags': ['conflict'], 'examples': ['Example 1'], 'applies_to': ['python'], 'applies_to_rationale': 'For Python code', 'user_story': 'Test user story', 'reason_for_change': 'Testing conflict flow.', 'references': 'Test reference.'}
WARNING:rule_proposals:[SCOPE-DEBUG] ABSOLUTE FIRST: scope_level=None, project=None, team=None, scope_id=None
WARNING:rule_proposals:[SCOPE-DEBUG] After resolution: scope_id=None, payload['scope_id']=None
ERROR:rule_proposals:[422-RAISE] scope_id is not a valid UUID after resolution: None, payload={'rule_type': 'conflict_test', 'description': 'Test rule 1', 'diff': 'Pattern: def test_function():\nMessage: Test message 1\nSeverity: warning', 'submitted_by': 'tester', 'categories': ['test'], 'tags': ['conflict'], 'examples': ['Example 1'], 'applies_to': ['python'], 'applies_to_rationale': 'For Python code', 'user_story': 'Test user story', 'reason_for_change': 'Testing conflict flow.', 'references': 'Test reference.'}
INFO:httpx:HTTP Request: POST http://testserver/propose-rule-change "HTTP/1.1 422 Unprocessable Entity"
------------------------------ Captured log call -------------------------------
WARNING  rule_proposals:rule_proposals.py:230 [DEBUG] Incoming /propose-rule-change payload: {'rule_type': 'conflict_test', 'description': 'Test rule 1', 'diff': 'Pattern: def test_function():\nMessage: Test message 1\nSeverity: warning', 'submitted_by': 'tester', 'categories': ['test'], 'tags': ['conflict'], 'examples': ['Example 1'], 'applies_to': ['python'], 'applies_to_rationale': 'For Python code', 'user_story': 'Test user story', 'reason_for_change': 'Testing conflict flow.', 'references': 'Test reference.'}
WARNING  rule_proposals:rule_proposals.py:235 [SCOPE-DEBUG] ABSOLUTE FIRST: Incoming payload type: <class 'dict'>, repr: {'rule_type': 'conflict_test', 'description': 'Test rule 1', 'diff': 'Pattern: def test_function():\nMessage: Test message 1\nSeverity: warning', 'submitted_by': 'tester', 'categories': ['test'], 'tags': ['conflict'], 'examples': ['Example 1'], 'applies_to': ['python'], 'applies_to_rationale': 'For Python code', 'user_story': 'Test user story', 'reason_for_change': 'Testing conflict flow.', 'references': 'Test reference.'}
WARNING  rule_proposals:rule_proposals.py:247 [SCOPE-DEBUG] ABSOLUTE FIRST: After conversion, payload type: <class 'dict'>, repr: {'rule_type': 'conflict_test', 'description': 'Test rule 1', 'diff': 'Pattern: def test_function():\nMessage: Test message 1\nSeverity: warning', 'submitted_by': 'tester', 'categories': ['test'], 'tags': ['conflict'], 'examples': ['Example 1'], 'applies_to': ['python'], 'applies_to_rationale': 'For Python code', 'user_story': 'Test user story', 'reason_for_change': 'Testing conflict flow.', 'references': 'Test reference.'}
WARNING  rule_proposals:rule_proposals.py:248 [SCOPE-DEBUG] ABSOLUTE FIRST: payload.get('project'): None, payload.get('team'): None
WARNING  rule_proposals:rule_proposals.py:249 [SCOPE-DEBUG] ABSOLUTE FIRST: Incoming payload: {'rule_type': 'conflict_test', 'description': 'Test rule 1', 'diff': 'Pattern: def test_function():\nMessage: Test message 1\nSeverity: warning', 'submitted_by': 'tester', 'categories': ['test'], 'tags': ['conflict'], 'examples': ['Example 1'], 'applies_to': ['python'], 'applies_to_rationale': 'For Python code', 'user_story': 'Test user story', 'reason_for_change': 'Testing conflict flow.', 'references': 'Test reference.'}
WARNING  rule_proposals:rule_proposals.py:250 [SCOPE-DEBUG] ABSOLUTE FIRST: scope_level=None, project=None, team=None, scope_id=None
WARNING  rule_proposals:rule_proposals.py:281 [SCOPE-DEBUG] After resolution: scope_id=None, payload['scope_id']=None
ERROR    rule_proposals:rule_proposals.py:290 [422-RAISE] scope_id is not a valid UUID after resolution: None, payload={'rule_type': 'conflict_test', 'description': 'Test rule 1', 'diff': 'Pattern: def test_function():\nMessage: Test message 1\nSeverity: warning', 'submitted_by': 'tester', 'categories': ['test'], 'tags': ['conflict'], 'examples': ['Example 1'], 'applies_to': ['python'], 'applies_to_rationale': 'For Python code', 'user_story': 'Test user story', 'reason_for_change': 'Testing conflict flow.', 'references': 'Test reference.'}
INFO     httpx:_client.py:1025 HTTP Request: POST http://testserver/propose-rule-change "HTTP/1.1 422 Unprocessable Entity"
--------------------------- Captured stderr teardown ---------------------------
INFO:pytest-session:[fixture:clean_db:yielded] rules table columns: ['id', 'rule_type', 'description', 'diff', 'status', 'submitted_by', 'added_by', 'project', 'timestamp', 'version', 'categories', 'tags', 'examples', 'applies_to', 'applies_to_rationale', 'user_story', 'scope_level', 'scope_id', 'parent_rule_id', 'superseded_by']
---------------------------- Captured log teardown -----------------------------
INFO     pytest-session:conftest.py:46 [fixture:clean_db:yielded] rules table columns: ['id', 'rule_type', 'description', 'diff', 'status', 'submitted_by', 'added_by', 'project', 'timestamp', 'version', 'categories', 'tags', 'examples', 'applies_to', 'applies_to_rationale', 'user_story', 'scope_level', 'scope_id', 'parent_rule_id', 'superseded_by']
_________________________ test_rule_enforcement_in_ci __________________________
tests/test_rule_conflicts.py:179: in test_rule_enforcement_in_ci
    assert response.status_code == 200
E   assert 422 == 200
E    +  where 422 = <Response [422 Unprocessable Entity]>.status_code
---------------------------- Captured stdout setup -----------------------------
[DEBUG-get_db] ENVIRONMENT=test, POSTGRES_HOST=test-db
[DEBUG-get_db] ENVIRONMENT=test, POSTGRES_HOST=test-db
[TEST DEBUG] Created test project: project_id=746a2e68-a234-433a-8f0d-8261ce4aa1c3, token=4pM-899BLyjXv_mJ-cuHznCyXNjI4tXZmuiK2U9BtMs
---------------------------- Captured stderr setup -----------------------------
INFO:pytest-session:[test_end: test_rule_scope_conflicts] rules table columns: ['id', 'rule_type', 'description', 'diff', 'status', 'submitted_by', 'added_by', 'project', 'timestamp', 'version', 'categories', 'tags', 'examples', 'applies_to', 'applies_to_rationale', 'user_story', 'scope_level', 'scope_id', 'parent_rule_id', 'superseded_by']
INFO:pytest-session:[test_start: test_rule_enforcement_in_ci] rules table columns: ['id', 'rule_type', 'description', 'diff', 'status', 'submitted_by', 'added_by', 'project', 'timestamp', 'version', 'categories', 'tags', 'examples', 'applies_to', 'applies_to_rationale', 'user_story', 'scope_level', 'scope_id', 'parent_rule_id', 'superseded_by']
INFO:pytest-session:[fixture:clean_db:before] rules table columns: ['id', 'rule_type', 'description', 'diff', 'status', 'submitted_by', 'added_by', 'project', 'timestamp', 'version', 'categories', 'tags', 'examples', 'applies_to', 'applies_to_rationale', 'user_story', 'scope_level', 'scope_id', 'parent_rule_id', 'superseded_by']
INFO:pytest-session:[fixture:clean_db:after] rules table columns: ['id', 'rule_type', 'description', 'diff', 'status', 'submitted_by', 'added_by', 'project', 'timestamp', 'version', 'categories', 'tags', 'examples', 'applies_to', 'applies_to_rationale', 'user_story', 'scope_level', 'scope_id', 'parent_rule_id', 'superseded_by']
INFO:pytest-session:[fixture:test_project:before] rules table columns: ['id', 'rule_type', 'description', 'diff', 'status', 'submitted_by', 'added_by', 'project', 'timestamp', 'version', 'categories', 'tags', 'examples', 'applies_to', 'applies_to_rationale', 'user_story', 'scope_level', 'scope_id', 'parent_rule_id', 'superseded_by']
INFO:httpx:HTTP Request: POST http://testserver/onboarding/init "HTTP/1.1 200 OK"
INFO:pytest-session:[fixture:test_project:after] rules table columns: ['id', 'rule_type', 'description', 'diff', 'status', 'submitted_by', 'added_by', 'project', 'timestamp', 'version', 'categories', 'tags', 'examples', 'applies_to', 'applies_to_rationale', 'user_story', 'scope_level', 'scope_id', 'parent_rule_id', 'superseded_by']
------------------------------ Captured log setup ------------------------------
INFO     pytest-session:conftest.py:46 [fixture:clean_db:before] rules table columns: ['id', 'rule_type', 'description', 'diff', 'status', 'submitted_by', 'added_by', 'project', 'timestamp', 'version', 'categories', 'tags', 'examples', 'applies_to', 'applies_to_rationale', 'user_story', 'scope_level', 'scope_id', 'parent_rule_id', 'superseded_by']
INFO     pytest-session:conftest.py:46 [fixture:clean_db:after] rules table columns: ['id', 'rule_type', 'description', 'diff', 'status', 'submitted_by', 'added_by', 'project', 'timestamp', 'version', 'categories', 'tags', 'examples', 'applies_to', 'applies_to_rationale', 'user_story', 'scope_level', 'scope_id', 'parent_rule_id', 'superseded_by']
INFO     pytest-session:conftest.py:46 [fixture:test_project:before] rules table columns: ['id', 'rule_type', 'description', 'diff', 'status', 'submitted_by', 'added_by', 'project', 'timestamp', 'version', 'categories', 'tags', 'examples', 'applies_to', 'applies_to_rationale', 'user_story', 'scope_level', 'scope_id', 'parent_rule_id', 'superseded_by']
INFO     httpx:_client.py:1025 HTTP Request: POST http://testserver/onboarding/init "HTTP/1.1 200 OK"
INFO     pytest-session:conftest.py:46 [fixture:test_project:after] rules table columns: ['id', 'rule_type', 'description', 'diff', 'status', 'submitted_by', 'added_by', 'project', 'timestamp', 'version', 'categories', 'tags', 'examples', 'applies_to', 'applies_to_rationale', 'user_story', 'scope_level', 'scope_id', 'parent_rule_id', 'superseded_by']
----------------------------- Captured stdout call -----------------------------
[DEBUG-get_db] ENVIRONMENT=test, POSTGRES_HOST=test-db
----------------------------- Captured stderr call -----------------------------
WARNING:rule_proposals:[DEBUG] Incoming /propose-rule-change payload: {'rule_type': 'test_ci_enforcement', 'description': 'CI enforcement test', 'diff': '# Rule: test_ci_enforcement\n## Description\nTest rule for CI enforcement.\n## Enforcement\nThis rule must be enforced in CI.', 'submitted_by': 'tester', 'categories': ['test'], 'tags': ['ci'], 'examples': ['Example 1'], 'applies_to': ['python'], 'applies_to_rationale': 'For Python code', 'user_story': 'Test user story', 'reason_for_change': 'Testing CI enforcement flow.', 'references': 'Test reference.'}
WARNING:rule_proposals:[SCOPE-DEBUG] ABSOLUTE FIRST: Incoming payload type: <class 'dict'>, repr: {'rule_type': 'test_ci_enforcement', 'description': 'CI enforcement test', 'diff': '# Rule: test_ci_enforcement\n## Description\nTest rule for CI enforcement.\n## Enforcement\nThis rule must be enforced in CI.', 'submitted_by': 'tester', 'categories': ['test'], 'tags': ['ci'], 'examples': ['Example 1'], 'applies_to': ['python'], 'applies_to_rationale': 'For Python code', 'user_story': 'Test user story', 'reason_for_change': 'Testing CI enforcement flow.', 'references': 'Test reference.'}
WARNING:rule_proposals:[SCOPE-DEBUG] ABSOLUTE FIRST: After conversion, payload type: <class 'dict'>, repr: {'rule_type': 'test_ci_enforcement', 'description': 'CI enforcement test', 'diff': '# Rule: test_ci_enforcement\n## Description\nTest rule for CI enforcement.\n## Enforcement\nThis rule must be enforced in CI.', 'submitted_by': 'tester', 'categories': ['test'], 'tags': ['ci'], 'examples': ['Example 1'], 'applies_to': ['python'], 'applies_to_rationale': 'For Python code', 'user_story': 'Test user story', 'reason_for_change': 'Testing CI enforcement flow.', 'references': 'Test reference.'}
WARNING:rule_proposals:[SCOPE-DEBUG] ABSOLUTE FIRST: payload.get('project'): None, payload.get('team'): None
WARNING:rule_proposals:[SCOPE-DEBUG] ABSOLUTE FIRST: Incoming payload: {'rule_type': 'test_ci_enforcement', 'description': 'CI enforcement test', 'diff': '# Rule: test_ci_enforcement\n## Description\nTest rule for CI enforcement.\n## Enforcement\nThis rule must be enforced in CI.', 'submitted_by': 'tester', 'categories': ['test'], 'tags': ['ci'], 'examples': ['Example 1'], 'applies_to': ['python'], 'applies_to_rationale': 'For Python code', 'user_story': 'Test user story', 'reason_for_change': 'Testing CI enforcement flow.', 'references': 'Test reference.'}
WARNING:rule_proposals:[SCOPE-DEBUG] ABSOLUTE FIRST: scope_level=None, project=None, team=None, scope_id=None
WARNING:rule_proposals:[SCOPE-DEBUG] After resolution: scope_id=None, payload['scope_id']=None
ERROR:rule_proposals:[422-RAISE] scope_id is not a valid UUID after resolution: None, payload={'rule_type': 'test_ci_enforcement', 'description': 'CI enforcement test', 'diff': '# Rule: test_ci_enforcement\n## Description\nTest rule for CI enforcement.\n## Enforcement\nThis rule must be enforced in CI.', 'submitted_by': 'tester', 'categories': ['test'], 'tags': ['ci'], 'examples': ['Example 1'], 'applies_to': ['python'], 'applies_to_rationale': 'For Python code', 'user_story': 'Test user story', 'reason_for_change': 'Testing CI enforcement flow.', 'references': 'Test reference.'}
INFO:httpx:HTTP Request: POST http://testserver/propose-rule-change "HTTP/1.1 422 Unprocessable Entity"
------------------------------ Captured log call -------------------------------
WARNING  rule_proposals:rule_proposals.py:230 [DEBUG] Incoming /propose-rule-change payload: {'rule_type': 'test_ci_enforcement', 'description': 'CI enforcement test', 'diff': '# Rule: test_ci_enforcement\n## Description\nTest rule for CI enforcement.\n## Enforcement\nThis rule must be enforced in CI.', 'submitted_by': 'tester', 'categories': ['test'], 'tags': ['ci'], 'examples': ['Example 1'], 'applies_to': ['python'], 'applies_to_rationale': 'For Python code', 'user_story': 'Test user story', 'reason_for_change': 'Testing CI enforcement flow.', 'references': 'Test reference.'}
WARNING  rule_proposals:rule_proposals.py:235 [SCOPE-DEBUG] ABSOLUTE FIRST: Incoming payload type: <class 'dict'>, repr: {'rule_type': 'test_ci_enforcement', 'description': 'CI enforcement test', 'diff': '# Rule: test_ci_enforcement\n## Description\nTest rule for CI enforcement.\n## Enforcement\nThis rule must be enforced in CI.', 'submitted_by': 'tester', 'categories': ['test'], 'tags': ['ci'], 'examples': ['Example 1'], 'applies_to': ['python'], 'applies_to_rationale': 'For Python code', 'user_story': 'Test user story', 'reason_for_change': 'Testing CI enforcement flow.', 'references': 'Test reference.'}
WARNING  rule_proposals:rule_proposals.py:247 [SCOPE-DEBUG] ABSOLUTE FIRST: After conversion, payload type: <class 'dict'>, repr: {'rule_type': 'test_ci_enforcement', 'description': 'CI enforcement test', 'diff': '# Rule: test_ci_enforcement\n## Description\nTest rule for CI enforcement.\n## Enforcement\nThis rule must be enforced in CI.', 'submitted_by': 'tester', 'categories': ['test'], 'tags': ['ci'], 'examples': ['Example 1'], 'applies_to': ['python'], 'applies_to_rationale': 'For Python code', 'user_story': 'Test user story', 'reason_for_change': 'Testing CI enforcement flow.', 'references': 'Test reference.'}
WARNING  rule_proposals:rule_proposals.py:248 [SCOPE-DEBUG] ABSOLUTE FIRST: payload.get('project'): None, payload.get('team'): None
WARNING  rule_proposals:rule_proposals.py:249 [SCOPE-DEBUG] ABSOLUTE FIRST: Incoming payload: {'rule_type': 'test_ci_enforcement', 'description': 'CI enforcement test', 'diff': '# Rule: test_ci_enforcement\n## Description\nTest rule for CI enforcement.\n## Enforcement\nThis rule must be enforced in CI.', 'submitted_by': 'tester', 'categories': ['test'], 'tags': ['ci'], 'examples': ['Example 1'], 'applies_to': ['python'], 'applies_to_rationale': 'For Python code', 'user_story': 'Test user story', 'reason_for_change': 'Testing CI enforcement flow.', 'references': 'Test reference.'}
WARNING  rule_proposals:rule_proposals.py:250 [SCOPE-DEBUG] ABSOLUTE FIRST: scope_level=None, project=None, team=None, scope_id=None
WARNING  rule_proposals:rule_proposals.py:281 [SCOPE-DEBUG] After resolution: scope_id=None, payload['scope_id']=None
ERROR    rule_proposals:rule_proposals.py:290 [422-RAISE] scope_id is not a valid UUID after resolution: None, payload={'rule_type': 'test_ci_enforcement', 'description': 'CI enforcement test', 'diff': '# Rule: test_ci_enforcement\n## Description\nTest rule for CI enforcement.\n## Enforcement\nThis rule must be enforced in CI.', 'submitted_by': 'tester', 'categories': ['test'], 'tags': ['ci'], 'examples': ['Example 1'], 'applies_to': ['python'], 'applies_to_rationale': 'For Python code', 'user_story': 'Test user story', 'reason_for_change': 'Testing CI enforcement flow.', 'references': 'Test reference.'}
INFO     httpx:_client.py:1025 HTTP Request: POST http://testserver/propose-rule-change "HTTP/1.1 422 Unprocessable Entity"
--------------------------- Captured stderr teardown ---------------------------
INFO:pytest-session:[fixture:clean_db:yielded] rules table columns: ['id', 'rule_type', 'description', 'diff', 'status', 'submitted_by', 'added_by', 'project', 'timestamp', 'version', 'categories', 'tags', 'examples', 'applies_to', 'applies_to_rationale', 'user_story', 'scope_level', 'scope_id', 'parent_rule_id', 'superseded_by']
---------------------------- Captured log teardown -----------------------------
INFO     pytest-session:conftest.py:46 [fixture:clean_db:yielded] rules table columns: ['id', 'rule_type', 'description', 'diff', 'status', 'submitted_by', 'added_by', 'project', 'timestamp', 'version', 'categories', 'tags', 'examples', 'applies_to', 'applies_to_rationale', 'user_story', 'scope_level', 'scope_id', 'parent_rule_id', 'superseded_by']
________________________ test_rule_violation_reporting _________________________
tests/test_rule_conflicts.py:228: in test_rule_violation_reporting
    assert response.status_code == 200
E   assert 422 == 200
E    +  where 422 = <Response [422 Unprocessable Entity]>.status_code
---------------------------- Captured stdout setup -----------------------------
[DEBUG-get_db] ENVIRONMENT=test, POSTGRES_HOST=test-db
[DEBUG-get_db] ENVIRONMENT=test, POSTGRES_HOST=test-db
[TEST DEBUG] Created test project: project_id=5c73500c-50cc-4143-b7bb-c0f363caf130, token=2Hic7ogLBuqZ4U1oPxEHFSLbYnYAzVDmuJzij-vt_u0
---------------------------- Captured stderr setup -----------------------------
INFO:pytest-session:[test_end: test_rule_enforcement_in_ci] rules table columns: ['id', 'rule_type', 'description', 'diff', 'status', 'submitted_by', 'added_by', 'project', 'timestamp', 'version', 'categories', 'tags', 'examples', 'applies_to', 'applies_to_rationale', 'user_story', 'scope_level', 'scope_id', 'parent_rule_id', 'superseded_by']
INFO:pytest-session:[test_start: test_rule_violation_reporting] rules table columns: ['id', 'rule_type', 'description', 'diff', 'status', 'submitted_by', 'added_by', 'project', 'timestamp', 'version', 'categories', 'tags', 'examples', 'applies_to', 'applies_to_rationale', 'user_story', 'scope_level', 'scope_id', 'parent_rule_id', 'superseded_by']
INFO:pytest-session:[fixture:clean_db:before] rules table columns: ['id', 'rule_type', 'description', 'diff', 'status', 'submitted_by', 'added_by', 'project', 'timestamp', 'version', 'categories', 'tags', 'examples', 'applies_to', 'applies_to_rationale', 'user_story', 'scope_level', 'scope_id', 'parent_rule_id', 'superseded_by']
INFO:pytest-session:[fixture:clean_db:after] rules table columns: ['id', 'rule_type', 'description', 'diff', 'status', 'submitted_by', 'added_by', 'project', 'timestamp', 'version', 'categories', 'tags', 'examples', 'applies_to', 'applies_to_rationale', 'user_story', 'scope_level', 'scope_id', 'parent_rule_id', 'superseded_by']
INFO:pytest-session:[fixture:test_project:before] rules table columns: ['id', 'rule_type', 'description', 'diff', 'status', 'submitted_by', 'added_by', 'project', 'timestamp', 'version', 'categories', 'tags', 'examples', 'applies_to', 'applies_to_rationale', 'user_story', 'scope_level', 'scope_id', 'parent_rule_id', 'superseded_by']
INFO:httpx:HTTP Request: POST http://testserver/onboarding/init "HTTP/1.1 200 OK"
INFO:pytest-session:[fixture:test_project:after] rules table columns: ['id', 'rule_type', 'description', 'diff', 'status', 'submitted_by', 'added_by', 'project', 'timestamp', 'version', 'categories', 'tags', 'examples', 'applies_to', 'applies_to_rationale', 'user_story', 'scope_level', 'scope_id', 'parent_rule_id', 'superseded_by']
------------------------------ Captured log setup ------------------------------
INFO     pytest-session:conftest.py:46 [fixture:clean_db:before] rules table columns: ['id', 'rule_type', 'description', 'diff', 'status', 'submitted_by', 'added_by', 'project', 'timestamp', 'version', 'categories', 'tags', 'examples', 'applies_to', 'applies_to_rationale', 'user_story', 'scope_level', 'scope_id', 'parent_rule_id', 'superseded_by']
INFO     pytest-session:conftest.py:46 [fixture:clean_db:after] rules table columns: ['id', 'rule_type', 'description', 'diff', 'status', 'submitted_by', 'added_by', 'project', 'timestamp', 'version', 'categories', 'tags', 'examples', 'applies_to', 'applies_to_rationale', 'user_story', 'scope_level', 'scope_id', 'parent_rule_id', 'superseded_by']
INFO     pytest-session:conftest.py:46 [fixture:test_project:before] rules table columns: ['id', 'rule_type', 'description', 'diff', 'status', 'submitted_by', 'added_by', 'project', 'timestamp', 'version', 'categories', 'tags', 'examples', 'applies_to', 'applies_to_rationale', 'user_story', 'scope_level', 'scope_id', 'parent_rule_id', 'superseded_by']
INFO     httpx:_client.py:1025 HTTP Request: POST http://testserver/onboarding/init "HTTP/1.1 200 OK"
INFO     pytest-session:conftest.py:46 [fixture:test_project:after] rules table columns: ['id', 'rule_type', 'description', 'diff', 'status', 'submitted_by', 'added_by', 'project', 'timestamp', 'version', 'categories', 'tags', 'examples', 'applies_to', 'applies_to_rationale', 'user_story', 'scope_level', 'scope_id', 'parent_rule_id', 'superseded_by']
----------------------------- Captured stdout call -----------------------------
[DEBUG-get_db] ENVIRONMENT=test, POSTGRES_HOST=test-db
----------------------------- Captured stderr call -----------------------------
WARNING:rule_proposals:[DEBUG] Incoming /propose-rule-change payload: {'rule_type': 'test_violation_reporting', 'description': 'Violation reporting test', 'diff': '# Rule: test_violation_reporting\n## Description\nTest rule for violation reporting.\n## Enforcement\nThis rule must be reported when violated.', 'submitted_by': 'tester', 'categories': ['test'], 'tags': ['reporting'], 'examples': ['Example 1'], 'applies_to': ['python'], 'applies_to_rationale': 'For Python code', 'user_story': 'Test user story', 'reason_for_change': 'Testing violation reporting flow.', 'references': 'Test reference.'}
WARNING:rule_proposals:[SCOPE-DEBUG] ABSOLUTE FIRST: Incoming payload type: <class 'dict'>, repr: {'rule_type': 'test_violation_reporting', 'description': 'Violation reporting test', 'diff': '# Rule: test_violation_reporting\n## Description\nTest rule for violation reporting.\n## Enforcement\nThis rule must be reported when violated.', 'submitted_by': 'tester', 'categories': ['test'], 'tags': ['reporting'], 'examples': ['Example 1'], 'applies_to': ['python'], 'applies_to_rationale': 'For Python code', 'user_story': 'Test user story', 'reason_for_change': 'Testing violation reporting flow.', 'references': 'Test reference.'}
WARNING:rule_proposals:[SCOPE-DEBUG] ABSOLUTE FIRST: After conversion, payload type: <class 'dict'>, repr: {'rule_type': 'test_violation_reporting', 'description': 'Violation reporting test', 'diff': '# Rule: test_violation_reporting\n## Description\nTest rule for violation reporting.\n## Enforcement\nThis rule must be reported when violated.', 'submitted_by': 'tester', 'categories': ['test'], 'tags': ['reporting'], 'examples': ['Example 1'], 'applies_to': ['python'], 'applies_to_rationale': 'For Python code', 'user_story': 'Test user story', 'reason_for_change': 'Testing violation reporting flow.', 'references': 'Test reference.'}
WARNING:rule_proposals:[SCOPE-DEBUG] ABSOLUTE FIRST: payload.get('project'): None, payload.get('team'): None
WARNING:rule_proposals:[SCOPE-DEBUG] ABSOLUTE FIRST: Incoming payload: {'rule_type': 'test_violation_reporting', 'description': 'Violation reporting test', 'diff': '# Rule: test_violation_reporting\n## Description\nTest rule for violation reporting.\n## Enforcement\nThis rule must be reported when violated.', 'submitted_by': 'tester', 'categories': ['test'], 'tags': ['reporting'], 'examples': ['Example 1'], 'applies_to': ['python'], 'applies_to_rationale': 'For Python code', 'user_story': 'Test user story', 'reason_for_change': 'Testing violation reporting flow.', 'references': 'Test reference.'}
WARNING:rule_proposals:[SCOPE-DEBUG] ABSOLUTE FIRST: scope_level=None, project=None, team=None, scope_id=None
WARNING:rule_proposals:[SCOPE-DEBUG] After resolution: scope_id=None, payload['scope_id']=None
ERROR:rule_proposals:[422-RAISE] scope_id is not a valid UUID after resolution: None, payload={'rule_type': 'test_violation_reporting', 'description': 'Violation reporting test', 'diff': '# Rule: test_violation_reporting\n## Description\nTest rule for violation reporting.\n## Enforcement\nThis rule must be reported when violated.', 'submitted_by': 'tester', 'categories': ['test'], 'tags': ['reporting'], 'examples': ['Example 1'], 'applies_to': ['python'], 'applies_to_rationale': 'For Python code', 'user_story': 'Test user story', 'reason_for_change': 'Testing violation reporting flow.', 'references': 'Test reference.'}
INFO:httpx:HTTP Request: POST http://testserver/propose-rule-change "HTTP/1.1 422 Unprocessable Entity"
------------------------------ Captured log call -------------------------------
WARNING  rule_proposals:rule_proposals.py:230 [DEBUG] Incoming /propose-rule-change payload: {'rule_type': 'test_violation_reporting', 'description': 'Violation reporting test', 'diff': '# Rule: test_violation_reporting\n## Description\nTest rule for violation reporting.\n## Enforcement\nThis rule must be reported when violated.', 'submitted_by': 'tester', 'categories': ['test'], 'tags': ['reporting'], 'examples': ['Example 1'], 'applies_to': ['python'], 'applies_to_rationale': 'For Python code', 'user_story': 'Test user story', 'reason_for_change': 'Testing violation reporting flow.', 'references': 'Test reference.'}
WARNING  rule_proposals:rule_proposals.py:235 [SCOPE-DEBUG] ABSOLUTE FIRST: Incoming payload type: <class 'dict'>, repr: {'rule_type': 'test_violation_reporting', 'description': 'Violation reporting test', 'diff': '# Rule: test_violation_reporting\n## Description\nTest rule for violation reporting.\n## Enforcement\nThis rule must be reported when violated.', 'submitted_by': 'tester', 'categories': ['test'], 'tags': ['reporting'], 'examples': ['Example 1'], 'applies_to': ['python'], 'applies_to_rationale': 'For Python code', 'user_story': 'Test user story', 'reason_for_change': 'Testing violation reporting flow.', 'references': 'Test reference.'}
WARNING  rule_proposals:rule_proposals.py:247 [SCOPE-DEBUG] ABSOLUTE FIRST: After conversion, payload type: <class 'dict'>, repr: {'rule_type': 'test_violation_reporting', 'description': 'Violation reporting test', 'diff': '# Rule: test_violation_reporting\n## Description\nTest rule for violation reporting.\n## Enforcement\nThis rule must be reported when violated.', 'submitted_by': 'tester', 'categories': ['test'], 'tags': ['reporting'], 'examples': ['Example 1'], 'applies_to': ['python'], 'applies_to_rationale': 'For Python code', 'user_story': 'Test user story', 'reason_for_change': 'Testing violation reporting flow.', 'references': 'Test reference.'}
WARNING  rule_proposals:rule_proposals.py:248 [SCOPE-DEBUG] ABSOLUTE FIRST: payload.get('project'): None, payload.get('team'): None
WARNING  rule_proposals:rule_proposals.py:249 [SCOPE-DEBUG] ABSOLUTE FIRST: Incoming payload: {'rule_type': 'test_violation_reporting', 'description': 'Violation reporting test', 'diff': '# Rule: test_violation_reporting\n## Description\nTest rule for violation reporting.\n## Enforcement\nThis rule must be reported when violated.', 'submitted_by': 'tester', 'categories': ['test'], 'tags': ['reporting'], 'examples': ['Example 1'], 'applies_to': ['python'], 'applies_to_rationale': 'For Python code', 'user_story': 'Test user story', 'reason_for_change': 'Testing violation reporting flow.', 'references': 'Test reference.'}
WARNING  rule_proposals:rule_proposals.py:250 [SCOPE-DEBUG] ABSOLUTE FIRST: scope_level=None, project=None, team=None, scope_id=None
WARNING  rule_proposals:rule_proposals.py:281 [SCOPE-DEBUG] After resolution: scope_id=None, payload['scope_id']=None
ERROR    rule_proposals:rule_proposals.py:290 [422-RAISE] scope_id is not a valid UUID after resolution: None, payload={'rule_type': 'test_violation_reporting', 'description': 'Violation reporting test', 'diff': '# Rule: test_violation_reporting\n## Description\nTest rule for violation reporting.\n## Enforcement\nThis rule must be reported when violated.', 'submitted_by': 'tester', 'categories': ['test'], 'tags': ['reporting'], 'examples': ['Example 1'], 'applies_to': ['python'], 'applies_to_rationale': 'For Python code', 'user_story': 'Test user story', 'reason_for_change': 'Testing violation reporting flow.', 'references': 'Test reference.'}
INFO     httpx:_client.py:1025 HTTP Request: POST http://testserver/propose-rule-change "HTTP/1.1 422 Unprocessable Entity"
--------------------------- Captured stderr teardown ---------------------------
INFO:pytest-session:[fixture:clean_db:yielded] rules table columns: ['id', 'rule_type', 'description', 'diff', 'status', 'submitted_by', 'added_by', 'project', 'timestamp', 'version', 'categories', 'tags', 'examples', 'applies_to', 'applies_to_rationale', 'user_story', 'scope_level', 'scope_id', 'parent_rule_id', 'superseded_by']
---------------------------- Captured log teardown -----------------------------
INFO     pytest-session:conftest.py:46 [fixture:clean_db:yielded] rules table columns: ['id', 'rule_type', 'description', 'diff', 'status', 'submitted_by', 'added_by', 'project', 'timestamp', 'version', 'categories', 'tags', 'examples', 'applies_to', 'applies_to_rationale', 'user_story', 'scope_level', 'scope_id', 'parent_rule_id', 'superseded_by']
_________________________ test_rule_compliance_report __________________________
tests/test_rule_conflicts.py:288: in test_rule_compliance_report
    assert response.status_code == 200
E   assert 422 == 200
E    +  where 422 = <Response [422 Unprocessable Entity]>.status_code
---------------------------- Captured stdout setup -----------------------------
[DEBUG-get_db] ENVIRONMENT=test, POSTGRES_HOST=test-db
[DEBUG-get_db] ENVIRONMENT=test, POSTGRES_HOST=test-db
[TEST DEBUG] Created test project: project_id=906a6f31-99bf-4390-9127-45833ba0d4c3, token=qGEhi6mqfwyCvfiSXThitLX6sRJO_cy3J_Is16uGwqk
---------------------------- Captured stderr setup -----------------------------
INFO:pytest-session:[test_end: test_rule_violation_reporting] rules table columns: ['id', 'rule_type', 'description', 'diff', 'status', 'submitted_by', 'added_by', 'project', 'timestamp', 'version', 'categories', 'tags', 'examples', 'applies_to', 'applies_to_rationale', 'user_story', 'scope_level', 'scope_id', 'parent_rule_id', 'superseded_by']
INFO:pytest-session:[test_start: test_rule_compliance_report] rules table columns: ['id', 'rule_type', 'description', 'diff', 'status', 'submitted_by', 'added_by', 'project', 'timestamp', 'version', 'categories', 'tags', 'examples', 'applies_to', 'applies_to_rationale', 'user_story', 'scope_level', 'scope_id', 'parent_rule_id', 'superseded_by']
INFO:pytest-session:[fixture:clean_db:before] rules table columns: ['id', 'rule_type', 'description', 'diff', 'status', 'submitted_by', 'added_by', 'project', 'timestamp', 'version', 'categories', 'tags', 'examples', 'applies_to', 'applies_to_rationale', 'user_story', 'scope_level', 'scope_id', 'parent_rule_id', 'superseded_by']
INFO:pytest-session:[fixture:clean_db:after] rules table columns: ['id', 'rule_type', 'description', 'diff', 'status', 'submitted_by', 'added_by', 'project', 'timestamp', 'version', 'categories', 'tags', 'examples', 'applies_to', 'applies_to_rationale', 'user_story', 'scope_level', 'scope_id', 'parent_rule_id', 'superseded_by']
INFO:pytest-session:[fixture:test_project:before] rules table columns: ['id', 'rule_type', 'description', 'diff', 'status', 'submitted_by', 'added_by', 'project', 'timestamp', 'version', 'categories', 'tags', 'examples', 'applies_to', 'applies_to_rationale', 'user_story', 'scope_level', 'scope_id', 'parent_rule_id', 'superseded_by']
INFO:httpx:HTTP Request: POST http://testserver/onboarding/init "HTTP/1.1 200 OK"
INFO:pytest-session:[fixture:test_project:after] rules table columns: ['id', 'rule_type', 'description', 'diff', 'status', 'submitted_by', 'added_by', 'project', 'timestamp', 'version', 'categories', 'tags', 'examples', 'applies_to', 'applies_to_rationale', 'user_story', 'scope_level', 'scope_id', 'parent_rule_id', 'superseded_by']
------------------------------ Captured log setup ------------------------------
INFO     pytest-session:conftest.py:46 [fixture:clean_db:before] rules table columns: ['id', 'rule_type', 'description', 'diff', 'status', 'submitted_by', 'added_by', 'project', 'timestamp', 'version', 'categories', 'tags', 'examples', 'applies_to', 'applies_to_rationale', 'user_story', 'scope_level', 'scope_id', 'parent_rule_id', 'superseded_by']
INFO     pytest-session:conftest.py:46 [fixture:clean_db:after] rules table columns: ['id', 'rule_type', 'description', 'diff', 'status', 'submitted_by', 'added_by', 'project', 'timestamp', 'version', 'categories', 'tags', 'examples', 'applies_to', 'applies_to_rationale', 'user_story', 'scope_level', 'scope_id', 'parent_rule_id', 'superseded_by']
INFO     pytest-session:conftest.py:46 [fixture:test_project:before] rules table columns: ['id', 'rule_type', 'description', 'diff', 'status', 'submitted_by', 'added_by', 'project', 'timestamp', 'version', 'categories', 'tags', 'examples', 'applies_to', 'applies_to_rationale', 'user_story', 'scope_level', 'scope_id', 'parent_rule_id', 'superseded_by']
INFO     httpx:_client.py:1025 HTTP Request: POST http://testserver/onboarding/init "HTTP/1.1 200 OK"
INFO     pytest-session:conftest.py:46 [fixture:test_project:after] rules table columns: ['id', 'rule_type', 'description', 'diff', 'status', 'submitted_by', 'added_by', 'project', 'timestamp', 'version', 'categories', 'tags', 'examples', 'applies_to', 'applies_to_rationale', 'user_story', 'scope_level', 'scope_id', 'parent_rule_id', 'superseded_by']
----------------------------- Captured stdout call -----------------------------
[DEBUG-get_db] ENVIRONMENT=test, POSTGRES_HOST=test-db
----------------------------- Captured stderr call -----------------------------
WARNING:rule_proposals:[DEBUG] Incoming /propose-rule-change payload: {'rule_type': 'test_compliance_0', 'description': 'Compliance test rule 0', 'diff': '# Rule: test_compliance_0\n## Description\nTest rule 0 for compliance reporting.\n## Enforcement\nThis rule must be included in compliance reports.', 'submitted_by': 'tester', 'categories': ['test'], 'tags': ['compliance'], 'applies_to_rationale': 'For Python code', 'user_story': 'Test user story', 'reason_for_change': 'Testing compliance reporting flow.', 'references': 'Test reference.'}
WARNING:rule_proposals:[SCOPE-DEBUG] ABSOLUTE FIRST: Incoming payload type: <class 'dict'>, repr: {'rule_type': 'test_compliance_0', 'description': 'Compliance test rule 0', 'diff': '# Rule: test_compliance_0\n## Description\nTest rule 0 for compliance reporting.\n## Enforcement\nThis rule must be included in compliance reports.', 'submitted_by': 'tester', 'categories': ['test'], 'tags': ['compliance'], 'applies_to_rationale': 'For Python code', 'user_story': 'Test user story', 'reason_for_change': 'Testing compliance reporting flow.', 'references': 'Test reference.'}
WARNING:rule_proposals:[SCOPE-DEBUG] ABSOLUTE FIRST: After conversion, payload type: <class 'dict'>, repr: {'rule_type': 'test_compliance_0', 'description': 'Compliance test rule 0', 'diff': '# Rule: test_compliance_0\n## Description\nTest rule 0 for compliance reporting.\n## Enforcement\nThis rule must be included in compliance reports.', 'submitted_by': 'tester', 'categories': ['test'], 'tags': ['compliance'], 'applies_to_rationale': 'For Python code', 'user_story': 'Test user story', 'reason_for_change': 'Testing compliance reporting flow.', 'references': 'Test reference.'}
WARNING:rule_proposals:[SCOPE-DEBUG] ABSOLUTE FIRST: payload.get('project'): None, payload.get('team'): None
WARNING:rule_proposals:[SCOPE-DEBUG] ABSOLUTE FIRST: Incoming payload: {'rule_type': 'test_compliance_0', 'description': 'Compliance test rule 0', 'diff': '# Rule: test_compliance_0\n## Description\nTest rule 0 for compliance reporting.\n## Enforcement\nThis rule must be included in compliance reports.', 'submitted_by': 'tester', 'categories': ['test'], 'tags': ['compliance'], 'applies_to_rationale': 'For Python code', 'user_story': 'Test user story', 'reason_for_change': 'Testing compliance reporting flow.', 'references': 'Test reference.'}
WARNING:rule_proposals:[SCOPE-DEBUG] ABSOLUTE FIRST: scope_level=None, project=None, team=None, scope_id=None
WARNING:rule_proposals:[SCOPE-DEBUG] After resolution: scope_id=None, payload['scope_id']=None
ERROR:rule_proposals:[422-RAISE] scope_id is not a valid UUID after resolution: None, payload={'rule_type': 'test_compliance_0', 'description': 'Compliance test rule 0', 'diff': '# Rule: test_compliance_0\n## Description\nTest rule 0 for compliance reporting.\n## Enforcement\nThis rule must be included in compliance reports.', 'submitted_by': 'tester', 'categories': ['test'], 'tags': ['compliance'], 'applies_to_rationale': 'For Python code', 'user_story': 'Test user story', 'reason_for_change': 'Testing compliance reporting flow.', 'references': 'Test reference.'}
INFO:httpx:HTTP Request: POST http://testserver/propose-rule-change "HTTP/1.1 422 Unprocessable Entity"
------------------------------ Captured log call -------------------------------
WARNING  rule_proposals:rule_proposals.py:230 [DEBUG] Incoming /propose-rule-change payload: {'rule_type': 'test_compliance_0', 'description': 'Compliance test rule 0', 'diff': '# Rule: test_compliance_0\n## Description\nTest rule 0 for compliance reporting.\n## Enforcement\nThis rule must be included in compliance reports.', 'submitted_by': 'tester', 'categories': ['test'], 'tags': ['compliance'], 'applies_to_rationale': 'For Python code', 'user_story': 'Test user story', 'reason_for_change': 'Testing compliance reporting flow.', 'references': 'Test reference.'}
WARNING  rule_proposals:rule_proposals.py:235 [SCOPE-DEBUG] ABSOLUTE FIRST: Incoming payload type: <class 'dict'>, repr: {'rule_type': 'test_compliance_0', 'description': 'Compliance test rule 0', 'diff': '# Rule: test_compliance_0\n## Description\nTest rule 0 for compliance reporting.\n## Enforcement\nThis rule must be included in compliance reports.', 'submitted_by': 'tester', 'categories': ['test'], 'tags': ['compliance'], 'applies_to_rationale': 'For Python code', 'user_story': 'Test user story', 'reason_for_change': 'Testing compliance reporting flow.', 'references': 'Test reference.'}
WARNING  rule_proposals:rule_proposals.py:247 [SCOPE-DEBUG] ABSOLUTE FIRST: After conversion, payload type: <class 'dict'>, repr: {'rule_type': 'test_compliance_0', 'description': 'Compliance test rule 0', 'diff': '# Rule: test_compliance_0\n## Description\nTest rule 0 for compliance reporting.\n## Enforcement\nThis rule must be included in compliance reports.', 'submitted_by': 'tester', 'categories': ['test'], 'tags': ['compliance'], 'applies_to_rationale': 'For Python code', 'user_story': 'Test user story', 'reason_for_change': 'Testing compliance reporting flow.', 'references': 'Test reference.'}
WARNING  rule_proposals:rule_proposals.py:248 [SCOPE-DEBUG] ABSOLUTE FIRST: payload.get('project'): None, payload.get('team'): None
WARNING  rule_proposals:rule_proposals.py:249 [SCOPE-DEBUG] ABSOLUTE FIRST: Incoming payload: {'rule_type': 'test_compliance_0', 'description': 'Compliance test rule 0', 'diff': '# Rule: test_compliance_0\n## Description\nTest rule 0 for compliance reporting.\n## Enforcement\nThis rule must be included in compliance reports.', 'submitted_by': 'tester', 'categories': ['test'], 'tags': ['compliance'], 'applies_to_rationale': 'For Python code', 'user_story': 'Test user story', 'reason_for_change': 'Testing compliance reporting flow.', 'references': 'Test reference.'}
WARNING  rule_proposals:rule_proposals.py:250 [SCOPE-DEBUG] ABSOLUTE FIRST: scope_level=None, project=None, team=None, scope_id=None
WARNING  rule_proposals:rule_proposals.py:281 [SCOPE-DEBUG] After resolution: scope_id=None, payload['scope_id']=None
ERROR    rule_proposals:rule_proposals.py:290 [422-RAISE] scope_id is not a valid UUID after resolution: None, payload={'rule_type': 'test_compliance_0', 'description': 'Compliance test rule 0', 'diff': '# Rule: test_compliance_0\n## Description\nTest rule 0 for compliance reporting.\n## Enforcement\nThis rule must be included in compliance reports.', 'submitted_by': 'tester', 'categories': ['test'], 'tags': ['compliance'], 'applies_to_rationale': 'For Python code', 'user_story': 'Test user story', 'reason_for_change': 'Testing compliance reporting flow.', 'references': 'Test reference.'}
INFO     httpx:_client.py:1025 HTTP Request: POST http://testserver/propose-rule-change "HTTP/1.1 422 Unprocessable Entity"
--------------------------- Captured stderr teardown ---------------------------
INFO:pytest-session:[fixture:clean_db:yielded] rules table columns: ['id', 'rule_type', 'description', 'diff', 'status', 'submitted_by', 'added_by', 'project', 'timestamp', 'version', 'categories', 'tags', 'examples', 'applies_to', 'applies_to_rationale', 'user_story', 'scope_level', 'scope_id', 'parent_rule_id', 'superseded_by']
---------------------------- Captured log teardown -----------------------------
INFO     pytest-session:conftest.py:46 [fixture:clean_db:yielded] rules table columns: ['id', 'rule_type', 'description', 'diff', 'status', 'submitted_by', 'added_by', 'project', 'timestamp', 'version', 'categories', 'tags', 'examples', 'applies_to', 'applies_to_rationale', 'user_story', 'scope_level', 'scope_id', 'parent_rule_id', 'superseded_by']
_____________________________ test_rule_conflicts ______________________________
tests/test_rule_conflicts.py:347: in test_rule_conflicts
    assert response.status_code == 200
E   assert 422 == 200
E    +  where 422 = <Response [422 Unprocessable Entity]>.status_code
---------------------------- Captured stdout setup -----------------------------
[DEBUG-get_db] ENVIRONMENT=test, POSTGRES_HOST=test-db
[DEBUG-get_db] ENVIRONMENT=test, POSTGRES_HOST=test-db
[TEST DEBUG] Created test project: project_id=93c2aa74-2ec0-47be-86e7-e08b78831f66, token=lz7iRNEPMlSGrQozXsmED7RvfmHNWMM4UDg8JlTSGmE
---------------------------- Captured stderr setup -----------------------------
INFO:pytest-session:[test_end: test_rule_compliance_report] rules table columns: ['id', 'rule_type', 'description', 'diff', 'status', 'submitted_by', 'added_by', 'project', 'timestamp', 'version', 'categories', 'tags', 'examples', 'applies_to', 'applies_to_rationale', 'user_story', 'scope_level', 'scope_id', 'parent_rule_id', 'superseded_by']
INFO:pytest-session:[test_start: test_rule_conflicts] rules table columns: ['id', 'rule_type', 'description', 'diff', 'status', 'submitted_by', 'added_by', 'project', 'timestamp', 'version', 'categories', 'tags', 'examples', 'applies_to', 'applies_to_rationale', 'user_story', 'scope_level', 'scope_id', 'parent_rule_id', 'superseded_by']
INFO:pytest-session:[fixture:clean_db:before] rules table columns: ['id', 'rule_type', 'description', 'diff', 'status', 'submitted_by', 'added_by', 'project', 'timestamp', 'version', 'categories', 'tags', 'examples', 'applies_to', 'applies_to_rationale', 'user_story', 'scope_level', 'scope_id', 'parent_rule_id', 'superseded_by']
INFO:pytest-session:[fixture:clean_db:after] rules table columns: ['id', 'rule_type', 'description', 'diff', 'status', 'submitted_by', 'added_by', 'project', 'timestamp', 'version', 'categories', 'tags', 'examples', 'applies_to', 'applies_to_rationale', 'user_story', 'scope_level', 'scope_id', 'parent_rule_id', 'superseded_by']
INFO:pytest-session:[fixture:test_project:before] rules table columns: ['id', 'rule_type', 'description', 'diff', 'status', 'submitted_by', 'added_by', 'project', 'timestamp', 'version', 'categories', 'tags', 'examples', 'applies_to', 'applies_to_rationale', 'user_story', 'scope_level', 'scope_id', 'parent_rule_id', 'superseded_by']
INFO:httpx:HTTP Request: POST http://testserver/onboarding/init "HTTP/1.1 200 OK"
INFO:pytest-session:[fixture:test_project:after] rules table columns: ['id', 'rule_type', 'description', 'diff', 'status', 'submitted_by', 'added_by', 'project', 'timestamp', 'version', 'categories', 'tags', 'examples', 'applies_to', 'applies_to_rationale', 'user_story', 'scope_level', 'scope_id', 'parent_rule_id', 'superseded_by']
------------------------------ Captured log setup ------------------------------
INFO     pytest-session:conftest.py:46 [fixture:clean_db:before] rules table columns: ['id', 'rule_type', 'description', 'diff', 'status', 'submitted_by', 'added_by', 'project', 'timestamp', 'version', 'categories', 'tags', 'examples', 'applies_to', 'applies_to_rationale', 'user_story', 'scope_level', 'scope_id', 'parent_rule_id', 'superseded_by']
INFO     pytest-session:conftest.py:46 [fixture:clean_db:after] rules table columns: ['id', 'rule_type', 'description', 'diff', 'status', 'submitted_by', 'added_by', 'project', 'timestamp', 'version', 'categories', 'tags', 'examples', 'applies_to', 'applies_to_rationale', 'user_story', 'scope_level', 'scope_id', 'parent_rule_id', 'superseded_by']
INFO     pytest-session:conftest.py:46 [fixture:test_project:before] rules table columns: ['id', 'rule_type', 'description', 'diff', 'status', 'submitted_by', 'added_by', 'project', 'timestamp', 'version', 'categories', 'tags', 'examples', 'applies_to', 'applies_to_rationale', 'user_story', 'scope_level', 'scope_id', 'parent_rule_id', 'superseded_by']
INFO     httpx:_client.py:1025 HTTP Request: POST http://testserver/onboarding/init "HTTP/1.1 200 OK"
INFO     pytest-session:conftest.py:46 [fixture:test_project:after] rules table columns: ['id', 'rule_type', 'description', 'diff', 'status', 'submitted_by', 'added_by', 'project', 'timestamp', 'version', 'categories', 'tags', 'examples', 'applies_to', 'applies_to_rationale', 'user_story', 'scope_level', 'scope_id', 'parent_rule_id', 'superseded_by']
----------------------------- Captured stdout call -----------------------------
[DEBUG-get_db] ENVIRONMENT=test, POSTGRES_HOST=test-db
RESPONSE BODY: {"detail":"scope_id must be a valid UUID after resolution."}
----------------------------- Captured stderr call -----------------------------
[...]
WARNING  rule_proposals:rule_proposals.py:293 [CONFLICT-DEBUG] Checking for conflicts: rule_type=test_multiple_updates, diff=Diff 2
## Description
This is a test rule.
## Enforcement
This rule is enforced for testing., scope_level=project, scope_id=00d5282e-3d4e-4a2f-9dfe-037d5b7284ad
WARNING  rule_proposals:rule_proposals.py:333 [MDC-VALIDATION] is_valid=False, error_msg='diff' should start with '# Rule:' (MDC format)., diff=Diff 2
## Description
This is a test rule.
## Enforcement
This rule is enforced for testing.
ERROR    rule_proposals:rule_proposals.py:335 [422-RAISE] MDC diff format invalid: 'diff' should start with '# Rule:' (MDC format)., payload={'rule_type': 'test_multiple_updates', 'description': 'Version 2', 'diff': 'Diff 2\n## Description\nThis is a test rule.\n## Enforcement\nThis rule is enforced for testing.', 'submitted_by': 'tester', 'categories': ['test'], 'tags': ['versioning', 'v2'], 'parent_rule_id': 'cd99d077-04ae-47a6-be86-8f8e492cd752', 'examples': ['Example 1'], 'applies_to': ['python'], 'user_story': 'Test user story', 'reason_for_change': 'Testing multiple updates. Reason for change: v2', 'references': 'Test reference.', 'scope_level': 'project', 'project': 'test-project', 'scope_id': '00d5282e-3d4e-4a2f-9dfe-037d5b7284ad'}
INFO     httpx:_client.py:1025 HTTP Request: POST http://testserver/propose-rule-change "HTTP/1.1 422 Unprocessable Entity"
--------------------------- Captured stderr teardown ---------------------------
INFO:pytest-session:[fixture:clean_db:yielded] rules table columns: ['id', 'rule_type', 'description', 'diff', 'status', 'submitted_by', 'added_by', 'project', 'timestamp', 'version', 'categories', 'tags', 'examples', 'applies_to', 'applies_to_rationale', 'user_story', 'scope_level', 'scope_id', 'parent_rule_id', 'superseded_by']
---------------------------- Captured log teardown -----------------------------
INFO     pytest-session:conftest.py:46 [fixture:clean_db:yielded] rules table columns: ['id', 'rule_type', 'description', 'diff', 'status', 'submitted_by', 'added_by', 'project', 'timestamp', 'version', 'categories', 'tags', 'examples', 'applies_to', 'applies_to_rationale', 'user_story', 'scope_level', 'scope_id', 'parent_rule_id', 'superseded_by']
________________________ test_process_job_missing_diff _________________________
tests/test_worker.py:31: in test_process_job_missing_diff
    assert "No 'diff' field found in job" in out
E   assert "No 'diff' field found in job" in ''
---------------------------- Captured stdout setup -----------------------------
[DEBUG-get_db] ENVIRONMENT=test, POSTGRES_HOST=test-db
---------------------------- Captured stderr setup -----------------------------
INFO:pytest-session:[test_end: test_process_job_valid] rules table columns: ['id', 'rule_type', 'description', 'diff', 'status', 'submitted_by', 'added_by', 'project', 'timestamp', 'version', 'categories', 'tags', 'examples', 'applies_to', 'applies_to_rationale', 'user_story', 'scope_level', 'scope_id', 'parent_rule_id', 'superseded_by']
INFO:pytest-session:[test_start: test_process_job_missing_diff] rules table columns: ['id', 'rule_type', 'description', 'diff', 'status', 'submitted_by', 'added_by', 'project', 'timestamp', 'version', 'categories', 'tags', 'examples', 'applies_to', 'applies_to_rationale', 'user_story', 'scope_level', 'scope_id', 'parent_rule_id', 'superseded_by']
INFO:pytest-session:[fixture:clean_db:before] rules table columns: ['id', 'rule_type', 'description', 'diff', 'status', 'submitted_by', 'added_by', 'project', 'timestamp', 'version', 'categories', 'tags', 'examples', 'applies_to', 'applies_to_rationale', 'user_story', 'scope_level', 'scope_id', 'parent_rule_id', 'superseded_by']
INFO:pytest-session:[fixture:clean_db:after] rules table columns: ['id', 'rule_type', 'description', 'diff', 'status', 'submitted_by', 'added_by', 'project', 'timestamp', 'version', 'categories', 'tags', 'examples', 'applies_to', 'applies_to_rationale', 'user_story', 'scope_level', 'scope_id', 'parent_rule_id', 'superseded_by']
------------------------------ Captured log setup ------------------------------
INFO     pytest-session:conftest.py:46 [fixture:clean_db:before] rules table columns: ['id', 'rule_type', 'description', 'diff', 'status', 'submitted_by', 'added_by', 'project', 'timestamp', 'version', 'categories', 'tags', 'examples', 'applies_to', 'applies_to_rationale', 'user_story', 'scope_level', 'scope_id', 'parent_rule_id', 'superseded_by']
INFO     pytest-session:conftest.py:46 [fixture:clean_db:after] rules table columns: ['id', 'rule_type', 'description', 'diff', 'status', 'submitted_by', 'added_by', 'project', 'timestamp', 'version', 'categories', 'tags', 'examples', 'applies_to', 'applies_to_rationale', 'user_story', 'scope_level', 'scope_id', 'parent_rule_id', 'superseded_by']
--------------------------- Captured stderr teardown ---------------------------
INFO:pytest-session:[fixture:clean_db:yielded] rules table columns: ['id', 'rule_type', 'description', 'diff', 'status', 'submitted_by', 'added_by', 'project', 'timestamp', 'version', 'categories', 'tags', 'examples', 'applies_to', 'applies_to_rationale', 'user_story', 'scope_level', 'scope_id', 'parent_rule_id', 'superseded_by']
---------------------------- Captured log teardown -----------------------------
INFO     pytest-session:conftest.py:46 [fixture:clean_db:yielded] rules table columns: ['id', 'rule_type', 'description', 'diff', 'status', 'submitted_by', 'added_by', 'project', 'timestamp', 'version', 'categories', 'tags', 'examples', 'applies_to', 'applies_to_rationale', 'user_story', 'scope_level', 'scope_id', 'parent_rule_id', 'superseded_by']
__________________________ test_process_job_api_error __________________________
tests/test_worker.py:42: in test_process_job_api_error
    assert "Error calling Ollama Functions API" in out
E   AssertionError: assert 'Error calling Ollama Functions API' in ''
---------------------------- Captured stdout setup -----------------------------
[DEBUG-get_db] ENVIRONMENT=test, POSTGRES_HOST=test-db
---------------------------- Captured stderr setup -----------------------------
INFO:pytest-session:[test_end: test_process_job_missing_diff] rules table columns: ['id', 'rule_type', 'description', 'diff', 'status', 'submitted_by', 'added_by', 'project', 'timestamp', 'version', 'categories', 'tags', 'examples', 'applies_to', 'applies_to_rationale', 'user_story', 'scope_level', 'scope_id', 'parent_rule_id', 'superseded_by']
INFO:pytest-session:[test_start: test_process_job_api_error] rules table columns: ['id', 'rule_type', 'description', 'diff', 'status', 'submitted_by', 'added_by', 'project', 'timestamp', 'version', 'categories', 'tags', 'examples', 'applies_to', 'applies_to_rationale', 'user_story', 'scope_level', 'scope_id', 'parent_rule_id', 'superseded_by']
INFO:pytest-session:[fixture:clean_db:before] rules table columns: ['id', 'rule_type', 'description', 'diff', 'status', 'submitted_by', 'added_by', 'project', 'timestamp', 'version', 'categories', 'tags', 'examples', 'applies_to', 'applies_to_rationale', 'user_story', 'scope_level', 'scope_id', 'parent_rule_id', 'superseded_by']
INFO:pytest-session:[fixture:clean_db:after] rules table columns: ['id', 'rule_type', 'description', 'diff', 'status', 'submitted_by', 'added_by', 'project', 'timestamp', 'version', 'categories', 'tags', 'examples', 'applies_to', 'applies_to_rationale', 'user_story', 'scope_level', 'scope_id', 'parent_rule_id', 'superseded_by']
------------------------------ Captured log setup ------------------------------
INFO     pytest-session:conftest.py:46 [fixture:clean_db:before] rules table columns: ['id', 'rule_type', 'description', 'diff', 'status', 'submitted_by', 'added_by', 'project', 'timestamp', 'version', 'categories', 'tags', 'examples', 'applies_to', 'applies_to_rationale', 'user_story', 'scope_level', 'scope_id', 'parent_rule_id', 'superseded_by']
INFO     pytest-session:conftest.py:46 [fixture:clean_db:after] rules table columns: ['id', 'rule_type', 'description', 'diff', 'status', 'submitted_by', 'added_by', 'project', 'timestamp', 'version', 'categories', 'tags', 'examples', 'applies_to', 'applies_to_rationale', 'user_story', 'scope_level', 'scope_id', 'parent_rule_id', 'superseded_by']
--------------------------- Captured stderr teardown ---------------------------
INFO:pytest-session:[fixture:clean_db:yielded] rules table columns: ['id', 'rule_type', 'description', 'diff', 'status', 'submitted_by', 'added_by', 'project', 'timestamp', 'version', 'categories', 'tags', 'examples', 'applies_to', 'applies_to_rationale', 'user_story', 'scope_level', 'scope_id', 'parent_rule_id', 'superseded_by']
---------------------------- Captured log teardown -----------------------------
INFO     pytest-session:conftest.py:46 [fixture:clean_db:yielded] rules table columns: ['id', 'rule_type', 'description', 'diff', 'status', 'submitted_by', 'added_by', 'project', 'timestamp', 'version', 'categories', 'tags', 'examples', 'applies_to', 'applies_to_rationale', 'user_story', 'scope_level', 'scope_id', 'parent_rule_id', 'superseded_by']
________________________ test_memory_refinement_dry_run ________________________
tests/unit/test_memory_refinement_worker.py:36: in test_memory_refinement_dry_run
    assert "CLARIFY" in log_msgs
E   assert 'CLARIFY' in "call('Loaded 4 memory nodes from memorydb.') call('[SUMMARY] id=1 ns=ns\\n  Original: xxxxxxxxxxxxxxxxxxxxxxxxxxxxxxx...z...') call('  Content 2: foo bar baz!...') call('Dry run: no changes applied. Review logs for proposed refinements.')"
---------------------------- Captured stdout setup -----------------------------
[DEBUG-get_db] ENVIRONMENT=test, POSTGRES_HOST=test-db
---------------------------- Captured stderr setup -----------------------------
INFO:pytest-session:[test_end: test_memory_node_fields] rules table columns: ['id', 'rule_type', 'description', 'diff', 'status', 'submitted_by', 'added_by', 'project', 'timestamp', 'version', 'categories', 'tags', 'examples', 'applies_to', 'applies_to_rationale', 'user_story', 'scope_level', 'scope_id', 'parent_rule_id', 'superseded_by']
INFO:pytest-session:[test_start: test_memory_refinement_dry_run] rules table columns: ['id', 'rule_type', 'description', 'diff', 'status', 'submitted_by', 'added_by', 'project', 'timestamp', 'version', 'categories', 'tags', 'examples', 'applies_to', 'applies_to_rationale', 'user_story', 'scope_level', 'scope_id', 'parent_rule_id', 'superseded_by']
INFO:pytest-session:[fixture:clean_db:before] rules table columns: ['id', 'rule_type', 'description', 'diff', 'status', 'submitted_by', 'added_by', 'project', 'timestamp', 'version', 'categories', 'tags', 'examples', 'applies_to', 'applies_to_rationale', 'user_story', 'scope_level', 'scope_id', 'parent_rule_id', 'superseded_by']
INFO:pytest-session:[fixture:clean_db:after] rules table columns: ['id', 'rule_type', 'description', 'diff', 'status', 'submitted_by', 'added_by', 'project', 'timestamp', 'version', 'categories', 'tags', 'examples', 'applies_to', 'applies_to_rationale', 'user_story', 'scope_level', 'scope_id', 'parent_rule_id', 'superseded_by']
------------------------------ Captured log setup ------------------------------
INFO     pytest-session:conftest.py:46 [fixture:clean_db:before] rules table columns: ['id', 'rule_type', 'description', 'diff', 'status', 'submitted_by', 'added_by', 'project', 'timestamp', 'version', 'categories', 'tags', 'examples', 'applies_to', 'applies_to_rationale', 'user_story', 'scope_level', 'scope_id', 'parent_rule_id', 'superseded_by']
INFO     pytest-session:conftest.py:46 [fixture:clean_db:after] rules table columns: ['id', 'rule_type', 'description', 'diff', 'status', 'submitted_by', 'added_by', 'project', 'timestamp', 'version', 'categories', 'tags', 'examples', 'applies_to', 'applies_to_rationale', 'user_story', 'scope_level', 'scope_id', 'parent_rule_id', 'superseded_by']
--------------------------- Captured stderr teardown ---------------------------
INFO:pytest-session:[fixture:clean_db:yielded] rules table columns: ['id', 'rule_type', 'description', 'diff', 'status', 'submitted_by', 'added_by', 'project', 'timestamp', 'version', 'categories', 'tags', 'examples', 'applies_to', 'applies_to_rationale', 'user_story', 'scope_level', 'scope_id', 'parent_rule_id', 'superseded_by']
---------------------------- Captured log teardown -----------------------------
INFO     pytest-session:conftest.py:46 [fixture:clean_db:yielded] rules table columns: ['id', 'rule_type', 'description', 'diff', 'status', 'submitted_by', 'added_by', 'project', 'timestamp', 'version', 'categories', 'tags', 'examples', 'applies_to', 'applies_to_rationale', 'user_story', 'scope_level', 'scope_id', 'parent_rule_id', 'superseded_by']
_____________________ test_user_story_completeness_missing _____________________
tests/unit/test_user_story_completeness_checker.py:24: in test_user_story_completeness_missing
    user_story_completeness_checker.main()
scripts/user_story_completeness_checker.py:52: in main
    parser = argparse.ArgumentParser(description="User Story Completeness Checker")
             ^^^^^^^^^^^^^^^^^^^^^^^^^^^^^^^^^^^^^^^^^^^^^^^^^^^^^^^^^^^^^^^^^^^^^^
/usr/local/lib/python3.11/argparse.py:1777: in __init__
    self._positionals = add_group(_('positional arguments'))
                                  ^^^^^^^^^^^^^^^^^^^^^^^^^
/usr/local/lib/python3.11/gettext.py:617: in gettext
    return dgettext(_current_domain, message)
           ^^^^^^^^^^^^^^^^^^^^^^^^^^^^^^^^^^
/usr/local/lib/python3.11/gettext.py:580: in dgettext
    t = translation(domain, _localedirs.get(domain, None))
        ^^^^^^^^^^^^^^^^^^^^^^^^^^^^^^^^^^^^^^^^^^^^^^^^^^
/usr/local/lib/python3.11/gettext.py:538: in translation
    t = _translations.setdefault(key, class_(fp))
                                      ^^^^^^^^^^
/usr/local/lib/python3.11/gettext.py:272: in __init__
    self._parse(fp)
/usr/local/lib/python3.11/gettext.py:353: in _parse
    magic = unpack('<I', buf[:4])[0]
            ^^^^^^^^^^^^^^^^^^^^^
E   TypeError: a bytes-like object is required, not 'str'
---------------------------- Captured stdout setup -----------------------------
[DEBUG-get_db] ENVIRONMENT=test, POSTGRES_HOST=test-db
---------------------------- Captured stderr setup -----------------------------
INFO:pytest-session:[test_end: test_stale_rule_detector_dry_run] rules table columns: ['id', 'rule_type', 'description', 'diff', 'status', 'submitted_by', 'added_by', 'project', 'timestamp', 'version', 'categories', 'tags', 'examples', 'applies_to', 'applies_to_rationale', 'user_story', 'scope_level', 'scope_id', 'parent_rule_id', 'superseded_by']
INFO:pytest-session:[test_start: test_user_story_completeness_missing] rules table columns: ['id', 'rule_type', 'description', 'diff', 'status', 'submitted_by', 'added_by', 'project', 'timestamp', 'version', 'categories', 'tags', 'examples', 'applies_to', 'applies_to_rationale', 'user_story', 'scope_level', 'scope_id', 'parent_rule_id', 'superseded_by']
INFO:pytest-session:[fixture:clean_db:before] rules table columns: ['id', 'rule_type', 'description', 'diff', 'status', 'submitted_by', 'added_by', 'project', 'timestamp', 'version', 'categories', 'tags', 'examples', 'applies_to', 'applies_to_rationale', 'user_story', 'scope_level', 'scope_id', 'parent_rule_id', 'superseded_by']
INFO:pytest-session:[fixture:clean_db:after] rules table columns: ['id', 'rule_type', 'description', 'diff', 'status', 'submitted_by', 'added_by', 'project', 'timestamp', 'version', 'categories', 'tags', 'examples', 'applies_to', 'applies_to_rationale', 'user_story', 'scope_level', 'scope_id', 'parent_rule_id', 'superseded_by']
------------------------------ Captured log setup ------------------------------
INFO     pytest-session:conftest.py:46 [fixture:clean_db:before] rules table columns: ['id', 'rule_type', 'description', 'diff', 'status', 'submitted_by', 'added_by', 'project', 'timestamp', 'version', 'categories', 'tags', 'examples', 'applies_to', 'applies_to_rationale', 'user_story', 'scope_level', 'scope_id', 'parent_rule_id', 'superseded_by']
INFO     pytest-session:conftest.py:46 [fixture:clean_db:after] rules table columns: ['id', 'rule_type', 'description', 'diff', 'status', 'submitted_by', 'added_by', 'project', 'timestamp', 'version', 'categories', 'tags', 'examples', 'applies_to', 'applies_to_rationale', 'user_story', 'scope_level', 'scope_id', 'parent_rule_id', 'superseded_by']
--------------------------- Captured stderr teardown ---------------------------
INFO:pytest-session:[fixture:clean_db:yielded] rules table columns: ['id', 'rule_type', 'description', 'diff', 'status', 'submitted_by', 'added_by', 'project', 'timestamp', 'version', 'categories', 'tags', 'examples', 'applies_to', 'applies_to_rationale', 'user_story', 'scope_level', 'scope_id', 'parent_rule_id', 'superseded_by']
---------------------------- Captured log teardown -----------------------------
INFO     pytest-session:conftest.py:46 [fixture:clean_db:yielded] rules table columns: ['id', 'rule_type', 'description', 'diff', 'status', 'submitted_by', 'added_by', 'project', 'timestamp', 'version', 'categories', 'tags', 'examples', 'applies_to', 'applies_to_rationale', 'user_story', 'scope_level', 'scope_id', 'parent_rule_id', 'superseded_by']
=========================== short test summary info ============================
FAILED tests/test_misc_scripts_auto_feedback.py::test_invalid_input_file_cli
FAILED tests/test_onboarding_flow.py::test_internal_project_onboarding - Asse...
FAILED tests/test_rule_api_server.py::test_rule_promotion_endpoint - assert 4...
FAILED tests/test_rule_conflicts.py::test_rule_conflict_detection - assert 42...
FAILED tests/test_rule_conflicts.py::test_rule_enforcement_in_ci - assert 422...
FAILED tests/test_rule_conflicts.py::test_rule_violation_reporting - assert 4...
FAILED tests/test_rule_conflicts.py::test_rule_compliance_report - assert 422...
FAILED tests/test_rule_conflicts.py::test_rule_conflicts - assert 422 == 200
FAILED tests/test_rule_conflicts.py::test_rule_conflicts_different_patterns
FAILED tests/test_rule_conflicts.py::test_rule_conflicts_same_name - assert 4...
FAILED tests/test_rule_conflicts.py::test_rule_conflicts_update - assert 422 ...
FAILED tests/test_rule_conflicts.py::test_rule_conflicts_delete - assert 422 ...
FAILED tests/test_rule_enforcement.py::test_rule_enforcement_versioning - ass...
FAILED tests/test_rule_enforcement_edge_cases.py::test_rule_promotion_edge_cases
FAILED tests/test_rule_enforcement_edge_cases.py::test_rule_versioning_edge_cases
FAILED tests/test_rule_enforcement_edge_cases.py::test_rule_feedback_edge_cases
FAILED tests/test_rule_enforcement_edge_cases.py::test_rule_enforcement_edge_cases
FAILED tests/test_rule_filtering.py::test_rule_filtering_by_category - assert...
FAILED tests/test_rule_filtering.py::test_rule_filtering_by_tag - assert 422 ...
FAILED tests/test_rule_filtering.py::test_rule_filtering_by_scope - assert 42...
FAILED tests/test_rule_filtering.py::test_rule_filtering_combinations - asser...
FAILED tests/test_rule_filtering.py::test_rule_search - assert 422 == 200
FAILED tests/test_rule_promotion.py::test_rule_promotion_flow - assert 422 ==...
FAILED tests/test_rule_proposal_feedback.py::test_invalid_feedback_type - ass...
FAILED tests/test_rule_versioning.py::test_multiple_rule_updates - assert 422...
FAILED tests/test_worker.py::test_process_job_missing_diff - assert "No 'diff...
FAILED tests/test_worker.py::test_process_job_api_error - AssertionError: ass...
FAILED tests/unit/test_memory_refinement_worker.py::test_memory_refinement_dry_run
FAILED tests/unit/test_user_story_completeness_checker.py::test_user_story_completeness_missing
=========== 29 failed, 139 passed, 17 skipped, 148 warnings in 6.88s ===========
