/Library/Developer/CommandLineTools/usr/bin/make -f Makefile.ai-test ai-test
docker-compose -f docker-compose.test.yml  run --rm -e PYTHONPATH=/app test pytest tests/ --disable-warnings --tb=short
============================= test session starts ==============================
platform linux -- Python 3.11.12, pytest-8.4.0, pluggy-1.6.0
rootdir: /app
configfile: pytest.ini
plugins: metadata-3.1.1, anyio-4.9.0, cov-6.1.1, json-report-1.5.0
collected 169 items

tests/integration/test_embedding_integration.py .                        [  0%]
tests/test_admin_endpoints.py FFFF                                       [  2%]
tests/test_auto_code_review.py ...                                       [  4%]
tests/test_backup_restore.py ss                                          [  5%]
tests/test_code_review_endpoints.py FFFF....                             [ 10%]
tests/test_db.py .                                                       [ 11%]
tests/test_dependency_injection.py F.                                    [ 12%]
tests/test_misc_scripts_auto_feedback.py FFFFF.                          [ 15%]
tests/test_misc_scripts_fix_rule_files.py ...                            [ 17%]
tests/test_onboarding.py FFF..                                           [ 20%]
tests/test_rule_analytics.py ssss                                        [ 23%]
tests/test_rule_api_server.py FFFFFFFFFFFFFF.F.F.FFFFFFFFF               [ 39%]
tests/test_rule_conflicts.py FFFFFFFFFF                                  [ 45%]
tests/test_rule_enforcement.py FFFFFF                                    [ 49%]
tests/test_rule_enforcement_edge_cases.py .FFFFF                         [ 52%]
tests/test_rule_filtering.py FFFFF                                       [ 55%]
tests/test_rule_promotion.py FFF                                         [ 57%]
tests/test_rule_proposal_feedback.py FFFF                                [ 59%]
tests/test_rule_suggestion.py F.F...FFFFFFF.F                            [ 68%]
tests/test_rule_updates.py FF.FF                                         [ 71%]
tests/test_rule_versioning.py FFFF                                       [ 73%]
tests/test_scripts.py .ssssss                                            [ 78%]
tests/test_scripts_llm_rule_suggester_service.py ...                     [ 79%]
tests/test_scripts_onboarding_health_check.py ...                        [ 81%]
tests/test_smart_merge_backup.py ...                                     [ 83%]
tests/test_worker.py ......                                              [ 86%]
tests/unit/test_env_and_validation.py ...                                [ 88%]
tests/unit/test_memory_edge_inference.py ....                            [ 91%]
tests/unit/test_memory_node_embedding.py .                               [ 91%]
tests/unit/test_proactive_error_handling.py .                            [ 92%]
tests/unit/test_rule_query.py ..                                         [ 93%]
tests/unit/test_utils.py ...........                                     [100%]

=================================== FAILURES ===================================
_____________________________ test_generate_token ______________________________
tests/test_admin_endpoints.py:53: in test_generate_token
    assert data["description"] == "Test token"
E   AssertionError: assert '' == 'Test token'
E     
E     - Test token
---------------------------- Captured stderr setup -----------------------------
INFO:httpx:HTTP Request: POST http://testserver/admin/generate-token "HTTP/1.1 200 OK"
------------------------------ Captured log setup ------------------------------
INFO     httpx:_client.py:1025 HTTP Request: POST http://testserver/admin/generate-token "HTTP/1.1 200 OK"
----------------------------- Captured stderr call -----------------------------
INFO:httpx:HTTP Request: POST http://testserver/admin/generate-token "HTTP/1.1 200 OK"
------------------------------ Captured log call -------------------------------
INFO     httpx:_client.py:1025 HTTP Request: POST http://testserver/admin/generate-token "HTTP/1.1 200 OK"
______________________________ test_error_logging ______________________________
tests/test_admin_endpoints.py:79: in test_error_logging
    assert response.status_code == 404
E   assert 422 == 404
E    +  where 422 = <Response [422 Unprocessable Entity]>.status_code
---------------------------- Captured stderr setup -----------------------------
INFO:httpx:HTTP Request: POST http://testserver/admin/generate-token "HTTP/1.1 200 OK"
------------------------------ Captured log setup ------------------------------
INFO     httpx:_client.py:1025 HTTP Request: POST http://testserver/admin/generate-token "HTTP/1.1 200 OK"
----------------------------- Captured stderr call -----------------------------
INFO:httpx:HTTP Request: GET http://testserver/admin/errors/nonexistent-id "HTTP/1.1 422 Unprocessable Entity"
------------------------------ Captured log call -------------------------------
INFO     httpx:_client.py:1025 HTTP Request: GET http://testserver/admin/errors/nonexistent-id "HTTP/1.1 422 Unprocessable Entity"
____________________________ test_token_validation _____________________________
tests/test_admin_endpoints.py:106: in test_token_validation
    assert response.status_code == 401
E   assert 422 == 401
E    +  where 422 = <Response [422 Unprocessable Entity]>.status_code
---------------------------- Captured stderr setup -----------------------------
INFO:httpx:HTTP Request: POST http://testserver/admin/generate-token "HTTP/1.1 200 OK"
------------------------------ Captured log setup ------------------------------
INFO     httpx:_client.py:1025 HTTP Request: POST http://testserver/admin/generate-token "HTTP/1.1 200 OK"
----------------------------- Captured stderr call -----------------------------
INFO:httpx:HTTP Request: GET http://testserver/admin/errors/some-error-id "HTTP/1.1 401 Unauthorized"
INFO:httpx:HTTP Request: GET http://testserver/admin/errors/some-error-id "HTTP/1.1 422 Unprocessable Entity"
------------------------------ Captured log call -------------------------------
INFO     httpx:_client.py:1025 HTTP Request: GET http://testserver/admin/errors/some-error-id "HTTP/1.1 401 Unauthorized"
INFO     httpx:_client.py:1025 HTTP Request: GET http://testserver/admin/errors/some-error-id "HTTP/1.1 422 Unprocessable Entity"
_________________________ test_token_role_restrictions _________________________
tests/test_admin_endpoints.py:129: in test_token_role_restrictions
    assert response2.status_code in (401, 403)  # Unauthorized or forbidden
    ^^^^^^^^^^^^^^^^^^^^^^^^^^^^^^^^^^^^^^^^^^
E   assert 200 in (401, 403)
E    +  where 200 = <Response [200 OK]>.status_code
---------------------------- Captured stderr setup -----------------------------
INFO:httpx:HTTP Request: POST http://testserver/admin/generate-token "HTTP/1.1 200 OK"
------------------------------ Captured log setup ------------------------------
INFO     httpx:_client.py:1025 HTTP Request: POST http://testserver/admin/generate-token "HTTP/1.1 200 OK"
----------------------------- Captured stderr call -----------------------------
INFO:httpx:HTTP Request: POST http://testserver/admin/generate-token "HTTP/1.1 200 OK"
INFO:httpx:HTTP Request: POST http://testserver/admin/generate-token "HTTP/1.1 200 OK"
------------------------------ Captured log call -------------------------------
INFO     httpx:_client.py:1025 HTTP Request: POST http://testserver/admin/generate-token "HTTP/1.1 200 OK"
INFO     httpx:_client.py:1025 HTTP Request: POST http://testserver/admin/generate-token "HTTP/1.1 200 OK"
____________________________ test_review_code_files ____________________________
tests/test_code_review_endpoints.py:52: in test_review_code_files
    assert any("long_function" in s.get("rule_type", "") for s in suggestions)
E   assert False
E    +  where False = any(<generator object test_review_code_files.<locals>.<genexpr> at 0xffff69553970>)
---------------------------- Captured stderr setup -----------------------------
INFO:httpx:HTTP Request: POST http://testserver/admin/generate-token "HTTP/1.1 200 OK"
------------------------------ Captured log setup ------------------------------
INFO     httpx:_client.py:1025 HTTP Request: POST http://testserver/admin/generate-token "HTTP/1.1 200 OK"
----------------------------- Captured stderr call -----------------------------
INFO:httpx:HTTP Request: POST http://testserver/review-code-files "HTTP/1.1 200 OK"
------------------------------ Captured log call -------------------------------
INFO     httpx:_client.py:1025 HTTP Request: POST http://testserver/review-code-files "HTTP/1.1 200 OK"
___________________________ test_review_code_snippet ___________________________
tests/test_code_review_endpoints.py:80: in test_review_code_snippet
    assert any("long_function" in s.get("rule_type", "") for s in data)
E   assert False
E    +  where False = any(<generator object test_review_code_snippet.<locals>.<genexpr> at 0xffff66d94130>)
---------------------------- Captured stderr setup -----------------------------
INFO:httpx:HTTP Request: POST http://testserver/admin/generate-token "HTTP/1.1 200 OK"
------------------------------ Captured log setup ------------------------------
INFO     httpx:_client.py:1025 HTTP Request: POST http://testserver/admin/generate-token "HTTP/1.1 200 OK"
----------------------------- Captured stderr call -----------------------------
INFO:httpx:HTTP Request: POST http://testserver/review-code-snippet "HTTP/1.1 200 OK"
------------------------------ Captured log call -------------------------------
INFO     httpx:_client.py:1025 HTTP Request: POST http://testserver/review-code-snippet "HTTP/1.1 200 OK"
__________________________ test_review_code_files_llm __________________________
tests/test_code_review_endpoints.py:115: in test_review_code_files_llm
    assert all(isinstance(s, dict) for s in suggestions)
E   assert False
E    +  where False = all(<generator object test_review_code_files_llm.<locals>.<genexpr> at 0xffff6bd8adc0>)
---------------------------- Captured stderr setup -----------------------------
INFO:httpx:HTTP Request: POST http://testserver/admin/generate-token "HTTP/1.1 200 OK"
------------------------------ Captured log setup ------------------------------
INFO     httpx:_client.py:1025 HTTP Request: POST http://testserver/admin/generate-token "HTTP/1.1 200 OK"
----------------------------- Captured stderr call -----------------------------
INFO:httpx:HTTP Request: POST http://testserver/review-code-files-llm "HTTP/1.1 200 OK"
------------------------------ Captured log call -------------------------------
INFO     httpx:_client.py:1025 HTTP Request: POST http://testserver/review-code-files-llm "HTTP/1.1 200 OK"
_______________________ test_review_code_files_multiple ________________________
tests/test_code_review_endpoints.py:150: in test_review_code_files_multiple
    response = client.post("/review-code-files", files=files, headers=admin_headers)
               ^^^^^^^^^^^^^^^^^^^^^^^^^^^^^^^^^^^^^^^^^^^^^^^^^^^^^^^^^^^^^^^^^^^^^
/usr/local/lib/python3.11/site-packages/starlette/testclient.py:538: in post
    return super().post(
/usr/local/lib/python3.11/site-packages/httpx/_client.py:1144: in post
    return self.request(
/usr/local/lib/python3.11/site-packages/starlette/testclient.py:437: in request
    return super().request(
/usr/local/lib/python3.11/site-packages/httpx/_client.py:812: in request
    request = self.build_request(
/usr/local/lib/python3.11/site-packages/httpx/_client.py:378: in build_request
    return Request(
/usr/local/lib/python3.11/site-packages/httpx/_models.py:408: in __init__
    headers, stream = encode_request(
/usr/local/lib/python3.11/site-packages/httpx/_content.py:212: in encode_request
    return encode_multipart_data(data or {}, files, boundary)
           ^^^^^^^^^^^^^^^^^^^^^^^^^^^^^^^^^^^^^^^^^^^^^^^^^^
/usr/local/lib/python3.11/site-packages/httpx/_content.py:156: in encode_multipart_data
    headers = multipart.get_headers()
              ^^^^^^^^^^^^^^^^^^^^^^^
/usr/local/lib/python3.11/site-packages/httpx/_multipart.py:288: in get_headers
    content_length = self.get_content_length()
                     ^^^^^^^^^^^^^^^^^^^^^^^^^
/usr/local/lib/python3.11/site-packages/httpx/_multipart.py:274: in get_content_length
    field_length = field.get_length()
                   ^^^^^^^^^^^^^^^^^^
/usr/local/lib/python3.11/site-packages/httpx/_multipart.py:177: in get_length
    file_length = peek_filelike_length(self.file)
                  ^^^^^^^^^^^^^^^^^^^^^^^^^^^^^^^
/usr/local/lib/python3.11/site-packages/httpx/_utils.py:102: in peek_filelike_length
    fd = stream.fileno()
         ^^^^^^^^^^^^^^^
E   ValueError: I/O operation on closed file
---------------------------- Captured stderr setup -----------------------------
INFO:httpx:HTTP Request: POST http://testserver/admin/generate-token "HTTP/1.1 200 OK"
------------------------------ Captured log setup ------------------------------
INFO     httpx:_client.py:1025 HTTP Request: POST http://testserver/admin/generate-token "HTTP/1.1 200 OK"
____________________________ test_get_db_uses_mock _____________________________
tests/test_dependency_injection.py:13: in test_get_db_uses_mock
    assert isinstance(db_instance, MockSession)
E   AssertionError: assert False
E    +  where False = isinstance(<sqlalchemy.orm.session.Session object at 0xffff66df3e50>, <class 'mocks.mock_db.MockSession'>)
___________________________ test_valid_args_dry_run ____________________________
/usr/local/lib/python3.11/site-packages/urllib3/connection.py:198: in _new_conn
    sock = connection.create_connection(
/usr/local/lib/python3.11/site-packages/urllib3/util/connection.py:60: in create_connection
    for res in socket.getaddrinfo(host, port, family, socket.SOCK_STREAM):
               ^^^^^^^^^^^^^^^^^^^^^^^^^^^^^^^^^^^^^^^^^^^^^^^^^^^^^^^^^^
/usr/local/lib/python3.11/socket.py:974: in getaddrinfo
    for res in _socket.getaddrinfo(host, port, family, type, proto, flags):
               ^^^^^^^^^^^^^^^^^^^^^^^^^^^^^^^^^^^^^^^^^^^^^^^^^^^^^^^^^^^
E   socket.gaierror: [Errno -2] Name or service not known

The above exception was the direct cause of the following exception:
/usr/local/lib/python3.11/site-packages/urllib3/connectionpool.py:787: in urlopen
    response = self._make_request(
/usr/local/lib/python3.11/site-packages/urllib3/connectionpool.py:493: in _make_request
    conn.request(
/usr/local/lib/python3.11/site-packages/urllib3/connection.py:445: in request
    self.endheaders()
/usr/local/lib/python3.11/http/client.py:1298: in endheaders
    self._send_output(message_body, encode_chunked=encode_chunked)
/usr/local/lib/python3.11/http/client.py:1058: in _send_output
    self.send(msg)
/usr/local/lib/python3.11/http/client.py:996: in send
    self.connect()
/usr/local/lib/python3.11/site-packages/urllib3/connection.py:276: in connect
    self.sock = self._new_conn()
                ^^^^^^^^^^^^^^^^
/usr/local/lib/python3.11/site-packages/urllib3/connection.py:205: in _new_conn
    raise NameResolutionError(self.host, self, e) from e
E   urllib3.exceptions.NameResolutionError: <urllib3.connection.HTTPConnection object at 0xffff66db5a50>: Failed to resolve 'api' ([Errno -2] Name or service not known)

The above exception was the direct cause of the following exception:
/usr/local/lib/python3.11/site-packages/requests/adapters.py:667: in send
    resp = conn.urlopen(
/usr/local/lib/python3.11/site-packages/urllib3/connectionpool.py:841: in urlopen
    retries = retries.increment(
/usr/local/lib/python3.11/site-packages/urllib3/util/retry.py:519: in increment
    raise MaxRetryError(_pool, url, reason) from reason  # type: ignore[arg-type]
    ^^^^^^^^^^^^^^^^^^^^^^^^^^^^^^^^^^^^^^^^^^^^^^^^^^^
E   urllib3.exceptions.MaxRetryError: HTTPConnectionPool(host='api', port=8000): Max retries exceeded with url: /pending-rule-changes (Caused by NameResolutionError("<urllib3.connection.HTTPConnection object at 0xffff66db5a50>: Failed to resolve 'api' ([Errno -2] Name or service not known)"))

During handling of the above exception, another exception occurred:
misc_scripts/auto_feedback.py:107: in main
    proposals = get_pending_proposals()
                ^^^^^^^^^^^^^^^^^^^^^^^
misc_scripts/auto_feedback.py:29: in get_pending_proposals
    resp = requests.get(f"{get_api_base()}/pending-rule-changes")
           ^^^^^^^^^^^^^^^^^^^^^^^^^^^^^^^^^^^^^^^^^^^^^^^^^^^^^^
/usr/local/lib/python3.11/site-packages/requests/api.py:73: in get
    return request("get", url, params=params, **kwargs)
           ^^^^^^^^^^^^^^^^^^^^^^^^^^^^^^^^^^^^^^^^^^^^
/usr/local/lib/python3.11/site-packages/requests/api.py:59: in request
    return session.request(method=method, url=url, **kwargs)
           ^^^^^^^^^^^^^^^^^^^^^^^^^^^^^^^^^^^^^^^^^^^^^^^^^
/usr/local/lib/python3.11/site-packages/requests/sessions.py:589: in request
    resp = self.send(prep, **send_kwargs)
           ^^^^^^^^^^^^^^^^^^^^^^^^^^^^^^
/usr/local/lib/python3.11/site-packages/requests/sessions.py:703: in send
    r = adapter.send(request, **kwargs)
        ^^^^^^^^^^^^^^^^^^^^^^^^^^^^^^^
/usr/local/lib/python3.11/site-packages/requests/adapters.py:700: in send
    raise ConnectionError(e, request=request)
E   requests.exceptions.ConnectionError: HTTPConnectionPool(host='api', port=8000): Max retries exceeded with url: /pending-rule-changes (Caused by NameResolutionError("<urllib3.connection.HTTPConnection object at 0xffff66db5a50>: Failed to resolve 'api' ([Errno -2] Name or service not known)"))

During handling of the above exception, another exception occurred:
tests/test_misc_scripts_auto_feedback.py:14: in test_valid_args_dry_run
    auto_feedback.main()
misc_scripts/auto_feedback.py:110: in main
    sys.exit(1)
E   SystemExit: 1
----------------------------- Captured stdout call -----------------------------
Error fetching proposals: HTTPConnectionPool(host='api', port=8000): Max retries exceeded with url: /pending-rule-changes (Caused by NameResolutionError("<urllib3.connection.HTTPConnection object at 0xffff66db5a50>: Failed to resolve 'api' ([Errno -2] Name or service not known)"))
____________________________ test_missing_env_vars _____________________________
/usr/local/lib/python3.11/site-packages/urllib3/connection.py:198: in _new_conn
    sock = connection.create_connection(
/usr/local/lib/python3.11/site-packages/urllib3/util/connection.py:60: in create_connection
    for res in socket.getaddrinfo(host, port, family, socket.SOCK_STREAM):
               ^^^^^^^^^^^^^^^^^^^^^^^^^^^^^^^^^^^^^^^^^^^^^^^^^^^^^^^^^^
/usr/local/lib/python3.11/socket.py:974: in getaddrinfo
    for res in _socket.getaddrinfo(host, port, family, type, proto, flags):
               ^^^^^^^^^^^^^^^^^^^^^^^^^^^^^^^^^^^^^^^^^^^^^^^^^^^^^^^^^^^
E   socket.gaierror: [Errno -2] Name or service not known

The above exception was the direct cause of the following exception:
/usr/local/lib/python3.11/site-packages/urllib3/connectionpool.py:787: in urlopen
    response = self._make_request(
/usr/local/lib/python3.11/site-packages/urllib3/connectionpool.py:493: in _make_request
    conn.request(
/usr/local/lib/python3.11/site-packages/urllib3/connection.py:445: in request
    self.endheaders()
/usr/local/lib/python3.11/http/client.py:1298: in endheaders
    self._send_output(message_body, encode_chunked=encode_chunked)
/usr/local/lib/python3.11/http/client.py:1058: in _send_output
    self.send(msg)
/usr/local/lib/python3.11/http/client.py:996: in send
    self.connect()
/usr/local/lib/python3.11/site-packages/urllib3/connection.py:276: in connect
    self.sock = self._new_conn()
                ^^^^^^^^^^^^^^^^
/usr/local/lib/python3.11/site-packages/urllib3/connection.py:205: in _new_conn
    raise NameResolutionError(self.host, self, e) from e
E   urllib3.exceptions.NameResolutionError: <urllib3.connection.HTTPConnection object at 0xffff66378d90>: Failed to resolve 'api' ([Errno -2] Name or service not known)

The above exception was the direct cause of the following exception:
/usr/local/lib/python3.11/site-packages/requests/adapters.py:667: in send
    resp = conn.urlopen(
/usr/local/lib/python3.11/site-packages/urllib3/connectionpool.py:841: in urlopen
    retries = retries.increment(
/usr/local/lib/python3.11/site-packages/urllib3/util/retry.py:519: in increment
    raise MaxRetryError(_pool, url, reason) from reason  # type: ignore[arg-type]
    ^^^^^^^^^^^^^^^^^^^^^^^^^^^^^^^^^^^^^^^^^^^^^^^^^^^
E   urllib3.exceptions.MaxRetryError: HTTPConnectionPool(host='api', port=8000): Max retries exceeded with url: /pending-rule-changes (Caused by NameResolutionError("<urllib3.connection.HTTPConnection object at 0xffff66378d90>: Failed to resolve 'api' ([Errno -2] Name or service not known)"))

During handling of the above exception, another exception occurred:
misc_scripts/auto_feedback.py:107: in main
    proposals = get_pending_proposals()
                ^^^^^^^^^^^^^^^^^^^^^^^
misc_scripts/auto_feedback.py:29: in get_pending_proposals
    resp = requests.get(f"{get_api_base()}/pending-rule-changes")
           ^^^^^^^^^^^^^^^^^^^^^^^^^^^^^^^^^^^^^^^^^^^^^^^^^^^^^^
/usr/local/lib/python3.11/site-packages/requests/api.py:73: in get
    return request("get", url, params=params, **kwargs)
           ^^^^^^^^^^^^^^^^^^^^^^^^^^^^^^^^^^^^^^^^^^^^
/usr/local/lib/python3.11/site-packages/requests/api.py:59: in request
    return session.request(method=method, url=url, **kwargs)
           ^^^^^^^^^^^^^^^^^^^^^^^^^^^^^^^^^^^^^^^^^^^^^^^^^
/usr/local/lib/python3.11/site-packages/requests/sessions.py:589: in request
    resp = self.send(prep, **send_kwargs)
           ^^^^^^^^^^^^^^^^^^^^^^^^^^^^^^
/usr/local/lib/python3.11/site-packages/requests/sessions.py:703: in send
    r = adapter.send(request, **kwargs)
        ^^^^^^^^^^^^^^^^^^^^^^^^^^^^^^^
/usr/local/lib/python3.11/site-packages/requests/adapters.py:700: in send
    raise ConnectionError(e, request=request)
E   requests.exceptions.ConnectionError: HTTPConnectionPool(host='api', port=8000): Max retries exceeded with url: /pending-rule-changes (Caused by NameResolutionError("<urllib3.connection.HTTPConnection object at 0xffff66378d90>: Failed to resolve 'api' ([Errno -2] Name or service not known)"))

During handling of the above exception, another exception occurred:
tests/test_misc_scripts_auto_feedback.py:22: in test_missing_env_vars
    auto_feedback.main()
misc_scripts/auto_feedback.py:110: in main
    sys.exit(1)
E   SystemExit: 1
----------------------------- Captured stdout call -----------------------------
Error fetching proposals: HTTPConnectionPool(host='api', port=8000): Max retries exceeded with url: /pending-rule-changes (Caused by NameResolutionError("<urllib3.connection.HTTPConnection object at 0xffff66378d90>: Failed to resolve 'api' ([Errno -2] Name or service not known)"))
___________________________ test_invalid_input_file ____________________________
/usr/local/lib/python3.11/site-packages/urllib3/connection.py:198: in _new_conn
    sock = connection.create_connection(
/usr/local/lib/python3.11/site-packages/urllib3/util/connection.py:60: in create_connection
    for res in socket.getaddrinfo(host, port, family, socket.SOCK_STREAM):
               ^^^^^^^^^^^^^^^^^^^^^^^^^^^^^^^^^^^^^^^^^^^^^^^^^^^^^^^^^^
/usr/local/lib/python3.11/socket.py:974: in getaddrinfo
    for res in _socket.getaddrinfo(host, port, family, type, proto, flags):
               ^^^^^^^^^^^^^^^^^^^^^^^^^^^^^^^^^^^^^^^^^^^^^^^^^^^^^^^^^^^
E   socket.gaierror: [Errno -2] Name or service not known

The above exception was the direct cause of the following exception:
/usr/local/lib/python3.11/site-packages/urllib3/connectionpool.py:787: in urlopen
    response = self._make_request(
/usr/local/lib/python3.11/site-packages/urllib3/connectionpool.py:493: in _make_request
    conn.request(
/usr/local/lib/python3.11/site-packages/urllib3/connection.py:445: in request
    self.endheaders()
/usr/local/lib/python3.11/http/client.py:1298: in endheaders
    self._send_output(message_body, encode_chunked=encode_chunked)
/usr/local/lib/python3.11/http/client.py:1058: in _send_output
    self.send(msg)
/usr/local/lib/python3.11/http/client.py:996: in send
    self.connect()
/usr/local/lib/python3.11/site-packages/urllib3/connection.py:276: in connect
    self.sock = self._new_conn()
                ^^^^^^^^^^^^^^^^
/usr/local/lib/python3.11/site-packages/urllib3/connection.py:205: in _new_conn
    raise NameResolutionError(self.host, self, e) from e
E   urllib3.exceptions.NameResolutionError: <urllib3.connection.HTTPConnection object at 0xffff66317210>: Failed to resolve 'api' ([Errno -2] Name or service not known)

The above exception was the direct cause of the following exception:
/usr/local/lib/python3.11/site-packages/requests/adapters.py:667: in send
    resp = conn.urlopen(
/usr/local/lib/python3.11/site-packages/urllib3/connectionpool.py:841: in urlopen
    retries = retries.increment(
/usr/local/lib/python3.11/site-packages/urllib3/util/retry.py:519: in increment
    raise MaxRetryError(_pool, url, reason) from reason  # type: ignore[arg-type]
    ^^^^^^^^^^^^^^^^^^^^^^^^^^^^^^^^^^^^^^^^^^^^^^^^^^^
E   urllib3.exceptions.MaxRetryError: HTTPConnectionPool(host='api', port=8000): Max retries exceeded with url: /pending-rule-changes (Caused by NameResolutionError("<urllib3.connection.HTTPConnection object at 0xffff66317210>: Failed to resolve 'api' ([Errno -2] Name or service not known)"))

During handling of the above exception, another exception occurred:
misc_scripts/auto_feedback.py:107: in main
    proposals = get_pending_proposals()
                ^^^^^^^^^^^^^^^^^^^^^^^
misc_scripts/auto_feedback.py:29: in get_pending_proposals
    resp = requests.get(f"{get_api_base()}/pending-rule-changes")
           ^^^^^^^^^^^^^^^^^^^^^^^^^^^^^^^^^^^^^^^^^^^^^^^^^^^^^^
/usr/local/lib/python3.11/site-packages/requests/api.py:73: in get
    return request("get", url, params=params, **kwargs)
           ^^^^^^^^^^^^^^^^^^^^^^^^^^^^^^^^^^^^^^^^^^^^
/usr/local/lib/python3.11/site-packages/requests/api.py:59: in request
    return session.request(method=method, url=url, **kwargs)
           ^^^^^^^^^^^^^^^^^^^^^^^^^^^^^^^^^^^^^^^^^^^^^^^^^
/usr/local/lib/python3.11/site-packages/requests/sessions.py:589: in request
    resp = self.send(prep, **send_kwargs)
           ^^^^^^^^^^^^^^^^^^^^^^^^^^^^^^
/usr/local/lib/python3.11/site-packages/requests/sessions.py:703: in send
    r = adapter.send(request, **kwargs)
        ^^^^^^^^^^^^^^^^^^^^^^^^^^^^^^^
/usr/local/lib/python3.11/site-packages/requests/adapters.py:700: in send
    raise ConnectionError(e, request=request)
E   requests.exceptions.ConnectionError: HTTPConnectionPool(host='api', port=8000): Max retries exceeded with url: /pending-rule-changes (Caused by NameResolutionError("<urllib3.connection.HTTPConnection object at 0xffff66317210>: Failed to resolve 'api' ([Errno -2] Name or service not known)"))

During handling of the above exception, another exception occurred:
tests/test_misc_scripts_auto_feedback.py:30: in test_invalid_input_file
    auto_feedback.main()
misc_scripts/auto_feedback.py:110: in main
    sys.exit(1)
E   SystemExit: 1
----------------------------- Captured stdout call -----------------------------
Error fetching proposals: HTTPConnectionPool(host='api', port=8000): Max retries exceeded with url: /pending-rule-changes (Caused by NameResolutionError("<urllib3.connection.HTTPConnection object at 0xffff66317210>: Failed to resolve 'api' ([Errno -2] Name or service not known)"))
_________________________ test_valid_args_dry_run_cli __________________________
/usr/local/lib/python3.11/site-packages/urllib3/connection.py:198: in _new_conn
    sock = connection.create_connection(
/usr/local/lib/python3.11/site-packages/urllib3/util/connection.py:60: in create_connection
    for res in socket.getaddrinfo(host, port, family, socket.SOCK_STREAM):
               ^^^^^^^^^^^^^^^^^^^^^^^^^^^^^^^^^^^^^^^^^^^^^^^^^^^^^^^^^^
/usr/local/lib/python3.11/socket.py:974: in getaddrinfo
    for res in _socket.getaddrinfo(host, port, family, type, proto, flags):
               ^^^^^^^^^^^^^^^^^^^^^^^^^^^^^^^^^^^^^^^^^^^^^^^^^^^^^^^^^^^
E   socket.gaierror: [Errno -2] Name or service not known

The above exception was the direct cause of the following exception:
/usr/local/lib/python3.11/site-packages/urllib3/connectionpool.py:787: in urlopen
    response = self._make_request(
/usr/local/lib/python3.11/site-packages/urllib3/connectionpool.py:493: in _make_request
    conn.request(
/usr/local/lib/python3.11/site-packages/urllib3/connection.py:445: in request
    self.endheaders()
/usr/local/lib/python3.11/http/client.py:1298: in endheaders
    self._send_output(message_body, encode_chunked=encode_chunked)
/usr/local/lib/python3.11/http/client.py:1058: in _send_output
    self.send(msg)
/usr/local/lib/python3.11/http/client.py:996: in send
    self.connect()
/usr/local/lib/python3.11/site-packages/urllib3/connection.py:276: in connect
    self.sock = self._new_conn()
                ^^^^^^^^^^^^^^^^
/usr/local/lib/python3.11/site-packages/urllib3/connection.py:205: in _new_conn
    raise NameResolutionError(self.host, self, e) from e
E   urllib3.exceptions.NameResolutionError: <urllib3.connection.HTTPConnection object at 0xffff6632f310>: Failed to resolve 'api' ([Errno -2] Name or service not known)

The above exception was the direct cause of the following exception:
/usr/local/lib/python3.11/site-packages/requests/adapters.py:667: in send
    resp = conn.urlopen(
/usr/local/lib/python3.11/site-packages/urllib3/connectionpool.py:841: in urlopen
    retries = retries.increment(
/usr/local/lib/python3.11/site-packages/urllib3/util/retry.py:519: in increment
    raise MaxRetryError(_pool, url, reason) from reason  # type: ignore[arg-type]
    ^^^^^^^^^^^^^^^^^^^^^^^^^^^^^^^^^^^^^^^^^^^^^^^^^^^
E   urllib3.exceptions.MaxRetryError: HTTPConnectionPool(host='api', port=8000): Max retries exceeded with url: /pending-rule-changes (Caused by NameResolutionError("<urllib3.connection.HTTPConnection object at 0xffff6632f310>: Failed to resolve 'api' ([Errno -2] Name or service not known)"))

During handling of the above exception, another exception occurred:
misc_scripts/auto_feedback.py:107: in main
    proposals = get_pending_proposals()
                ^^^^^^^^^^^^^^^^^^^^^^^
misc_scripts/auto_feedback.py:29: in get_pending_proposals
    resp = requests.get(f"{get_api_base()}/pending-rule-changes")
           ^^^^^^^^^^^^^^^^^^^^^^^^^^^^^^^^^^^^^^^^^^^^^^^^^^^^^^
/usr/local/lib/python3.11/site-packages/requests/api.py:73: in get
    return request("get", url, params=params, **kwargs)
           ^^^^^^^^^^^^^^^^^^^^^^^^^^^^^^^^^^^^^^^^^^^^
/usr/local/lib/python3.11/site-packages/requests/api.py:59: in request
    return session.request(method=method, url=url, **kwargs)
           ^^^^^^^^^^^^^^^^^^^^^^^^^^^^^^^^^^^^^^^^^^^^^^^^^
/usr/local/lib/python3.11/site-packages/requests/sessions.py:589: in request
    resp = self.send(prep, **send_kwargs)
           ^^^^^^^^^^^^^^^^^^^^^^^^^^^^^^
/usr/local/lib/python3.11/site-packages/requests/sessions.py:703: in send
    r = adapter.send(request, **kwargs)
        ^^^^^^^^^^^^^^^^^^^^^^^^^^^^^^^
/usr/local/lib/python3.11/site-packages/requests/adapters.py:700: in send
    raise ConnectionError(e, request=request)
E   requests.exceptions.ConnectionError: HTTPConnectionPool(host='api', port=8000): Max retries exceeded with url: /pending-rule-changes (Caused by NameResolutionError("<urllib3.connection.HTTPConnection object at 0xffff6632f310>: Failed to resolve 'api' ([Errno -2] Name or service not known)"))

During handling of the above exception, another exception occurred:
tests/test_misc_scripts_auto_feedback.py:39: in test_valid_args_dry_run_cli
    auto_feedback.main()
misc_scripts/auto_feedback.py:110: in main
    sys.exit(1)
E   SystemExit: 1

During handling of the above exception, another exception occurred:
tests/test_misc_scripts_auto_feedback.py:41: in test_valid_args_dry_run_cli
    assert e.code == 0 or e.code is None
E   assert (1 == 0 or 1 is None)
E    +  where 1 = SystemExit(1).code
E    +  and   1 = SystemExit(1).code
----------------------------- Captured stdout call -----------------------------
Error fetching proposals: HTTPConnectionPool(host='api', port=8000): Max retries exceeded with url: /pending-rule-changes (Caused by NameResolutionError("<urllib3.connection.HTTPConnection object at 0xffff6632f310>: Failed to resolve 'api' ([Errno -2] Name or service not known)"))
__________________________ test_missing_env_vars_cli ___________________________
/usr/local/lib/python3.11/site-packages/urllib3/connection.py:198: in _new_conn
    sock = connection.create_connection(
/usr/local/lib/python3.11/site-packages/urllib3/util/connection.py:60: in create_connection
    for res in socket.getaddrinfo(host, port, family, socket.SOCK_STREAM):
               ^^^^^^^^^^^^^^^^^^^^^^^^^^^^^^^^^^^^^^^^^^^^^^^^^^^^^^^^^^
/usr/local/lib/python3.11/socket.py:974: in getaddrinfo
    for res in _socket.getaddrinfo(host, port, family, type, proto, flags):
               ^^^^^^^^^^^^^^^^^^^^^^^^^^^^^^^^^^^^^^^^^^^^^^^^^^^^^^^^^^^
E   socket.gaierror: [Errno -2] Name or service not known

The above exception was the direct cause of the following exception:
/usr/local/lib/python3.11/site-packages/urllib3/connectionpool.py:787: in urlopen
    response = self._make_request(
/usr/local/lib/python3.11/site-packages/urllib3/connectionpool.py:493: in _make_request
    conn.request(
/usr/local/lib/python3.11/site-packages/urllib3/connection.py:445: in request
    self.endheaders()
/usr/local/lib/python3.11/http/client.py:1298: in endheaders
    self._send_output(message_body, encode_chunked=encode_chunked)
/usr/local/lib/python3.11/http/client.py:1058: in _send_output
    self.send(msg)
/usr/local/lib/python3.11/http/client.py:996: in send
    self.connect()
/usr/local/lib/python3.11/site-packages/urllib3/connection.py:276: in connect
    self.sock = self._new_conn()
                ^^^^^^^^^^^^^^^^
/usr/local/lib/python3.11/site-packages/urllib3/connection.py:205: in _new_conn
    raise NameResolutionError(self.host, self, e) from e
E   urllib3.exceptions.NameResolutionError: <urllib3.connection.HTTPConnection object at 0xffff64ffbcd0>: Failed to resolve 'api' ([Errno -2] Name or service not known)

The above exception was the direct cause of the following exception:
/usr/local/lib/python3.11/site-packages/requests/adapters.py:667: in send
    resp = conn.urlopen(
/usr/local/lib/python3.11/site-packages/urllib3/connectionpool.py:841: in urlopen
    retries = retries.increment(
/usr/local/lib/python3.11/site-packages/urllib3/util/retry.py:519: in increment
    raise MaxRetryError(_pool, url, reason) from reason  # type: ignore[arg-type]
    ^^^^^^^^^^^^^^^^^^^^^^^^^^^^^^^^^^^^^^^^^^^^^^^^^^^
E   urllib3.exceptions.MaxRetryError: HTTPConnectionPool(host='api', port=8000): Max retries exceeded with url: /pending-rule-changes (Caused by NameResolutionError("<urllib3.connection.HTTPConnection object at 0xffff64ffbcd0>: Failed to resolve 'api' ([Errno -2] Name or service not known)"))

During handling of the above exception, another exception occurred:
misc_scripts/auto_feedback.py:107: in main
    proposals = get_pending_proposals()
                ^^^^^^^^^^^^^^^^^^^^^^^
misc_scripts/auto_feedback.py:29: in get_pending_proposals
    resp = requests.get(f"{get_api_base()}/pending-rule-changes")
           ^^^^^^^^^^^^^^^^^^^^^^^^^^^^^^^^^^^^^^^^^^^^^^^^^^^^^^
/usr/local/lib/python3.11/site-packages/requests/api.py:73: in get
    return request("get", url, params=params, **kwargs)
           ^^^^^^^^^^^^^^^^^^^^^^^^^^^^^^^^^^^^^^^^^^^^
/usr/local/lib/python3.11/site-packages/requests/api.py:59: in request
    return session.request(method=method, url=url, **kwargs)
           ^^^^^^^^^^^^^^^^^^^^^^^^^^^^^^^^^^^^^^^^^^^^^^^^^
/usr/local/lib/python3.11/site-packages/requests/sessions.py:589: in request
    resp = self.send(prep, **send_kwargs)
           ^^^^^^^^^^^^^^^^^^^^^^^^^^^^^^
/usr/local/lib/python3.11/site-packages/requests/sessions.py:703: in send
    r = adapter.send(request, **kwargs)
        ^^^^^^^^^^^^^^^^^^^^^^^^^^^^^^^
/usr/local/lib/python3.11/site-packages/requests/adapters.py:700: in send
    raise ConnectionError(e, request=request)
E   requests.exceptions.ConnectionError: HTTPConnectionPool(host='api', port=8000): Max retries exceeded with url: /pending-rule-changes (Caused by NameResolutionError("<urllib3.connection.HTTPConnection object at 0xffff64ffbcd0>: Failed to resolve 'api' ([Errno -2] Name or service not known)"))

During handling of the above exception, another exception occurred:
tests/test_misc_scripts_auto_feedback.py:50: in test_missing_env_vars_cli
    auto_feedback.main()
misc_scripts/auto_feedback.py:110: in main
    sys.exit(1)
E   SystemExit: 1

During handling of the above exception, another exception occurred:
tests/test_misc_scripts_auto_feedback.py:52: in test_missing_env_vars_cli
    assert e.code == 0 or e.code is None
E   assert (1 == 0 or 1 is None)
E    +  where 1 = SystemExit(1).code
E    +  and   1 = SystemExit(1).code
----------------------------- Captured stdout call -----------------------------
Error fetching proposals: HTTPConnectionPool(host='api', port=8000): Max retries exceeded with url: /pending-rule-changes (Caused by NameResolutionError("<urllib3.connection.HTTPConnection object at 0xffff64ffbcd0>: Failed to resolve 'api' ([Errno -2] Name or service not known)"))
_______________________ test_internal_project_onboarding _______________________
/usr/local/lib/python3.11/site-packages/urllib3/connection.py:198: in _new_conn
    sock = connection.create_connection(
/usr/local/lib/python3.11/site-packages/urllib3/util/connection.py:60: in create_connection
    for res in socket.getaddrinfo(host, port, family, socket.SOCK_STREAM):
               ^^^^^^^^^^^^^^^^^^^^^^^^^^^^^^^^^^^^^^^^^^^^^^^^^^^^^^^^^^
/usr/local/lib/python3.11/socket.py:974: in getaddrinfo
    for res in _socket.getaddrinfo(host, port, family, type, proto, flags):
               ^^^^^^^^^^^^^^^^^^^^^^^^^^^^^^^^^^^^^^^^^^^^^^^^^^^^^^^^^^^
E   socket.gaierror: [Errno -2] Name or service not known

The above exception was the direct cause of the following exception:
/usr/local/lib/python3.11/site-packages/urllib3/connectionpool.py:787: in urlopen
    response = self._make_request(
/usr/local/lib/python3.11/site-packages/urllib3/connectionpool.py:493: in _make_request
    conn.request(
/usr/local/lib/python3.11/site-packages/urllib3/connection.py:445: in request
    self.endheaders()
/usr/local/lib/python3.11/http/client.py:1298: in endheaders
    self._send_output(message_body, encode_chunked=encode_chunked)
/usr/local/lib/python3.11/http/client.py:1058: in _send_output
    self.send(msg)
/usr/local/lib/python3.11/http/client.py:996: in send
    self.connect()
/usr/local/lib/python3.11/site-packages/urllib3/connection.py:276: in connect
    self.sock = self._new_conn()
                ^^^^^^^^^^^^^^^^
/usr/local/lib/python3.11/site-packages/urllib3/connection.py:205: in _new_conn
    raise NameResolutionError(self.host, self, e) from e
E   urllib3.exceptions.NameResolutionError: <urllib3.connection.HTTPConnection object at 0xffff6816c550>: Failed to resolve 'api' ([Errno -2] Name or service not known)

The above exception was the direct cause of the following exception:
/usr/local/lib/python3.11/site-packages/requests/adapters.py:667: in send
    resp = conn.urlopen(
/usr/local/lib/python3.11/site-packages/urllib3/connectionpool.py:841: in urlopen
    retries = retries.increment(
/usr/local/lib/python3.11/site-packages/urllib3/util/retry.py:519: in increment
    raise MaxRetryError(_pool, url, reason) from reason  # type: ignore[arg-type]
    ^^^^^^^^^^^^^^^^^^^^^^^^^^^^^^^^^^^^^^^^^^^^^^^^^^^
E   urllib3.exceptions.MaxRetryError: HTTPConnectionPool(host='api', port=8000): Max retries exceeded with url: /onboarding-init (Caused by NameResolutionError("<urllib3.connection.HTTPConnection object at 0xffff6816c550>: Failed to resolve 'api' ([Errno -2] Name or service not known)"))

During handling of the above exception, another exception occurred:
tests/test_onboarding.py:41: in test_internal_project_onboarding
    init_response = requests.post(
/usr/local/lib/python3.11/site-packages/requests/api.py:115: in post
    return request("post", url, data=data, json=json, **kwargs)
           ^^^^^^^^^^^^^^^^^^^^^^^^^^^^^^^^^^^^^^^^^^^^^^^^^^^^
/usr/local/lib/python3.11/site-packages/requests/api.py:59: in request
    return session.request(method=method, url=url, **kwargs)
           ^^^^^^^^^^^^^^^^^^^^^^^^^^^^^^^^^^^^^^^^^^^^^^^^^
/usr/local/lib/python3.11/site-packages/requests/sessions.py:589: in request
    resp = self.send(prep, **send_kwargs)
           ^^^^^^^^^^^^^^^^^^^^^^^^^^^^^^
/usr/local/lib/python3.11/site-packages/requests/sessions.py:703: in send
    r = adapter.send(request, **kwargs)
        ^^^^^^^^^^^^^^^^^^^^^^^^^^^^^^^
/usr/local/lib/python3.11/site-packages/requests/adapters.py:700: in send
    raise ConnectionError(e, request=request)
E   requests.exceptions.ConnectionError: HTTPConnectionPool(host='api', port=8000): Max retries exceeded with url: /onboarding-init (Caused by NameResolutionError("<urllib3.connection.HTTPConnection object at 0xffff6816c550>: Failed to resolve 'api' ([Errno -2] Name or service not known)"))
---------------------------- Captured stderr setup -----------------------------
INFO:httpx:HTTP Request: POST http://testserver/admin/generate-token "HTTP/1.1 200 OK"
------------------------------ Captured log setup ------------------------------
INFO     httpx:_client.py:1025 HTTP Request: POST http://testserver/admin/generate-token "HTTP/1.1 200 OK"
----------------------------- Captured stdout call -----------------------------
[TEST DEBUG] project_name=test_project_54d8a143, path=internal_dev
__________________________ test_onboarding_validation __________________________
/usr/local/lib/python3.11/site-packages/urllib3/connection.py:198: in _new_conn
    sock = connection.create_connection(
/usr/local/lib/python3.11/site-packages/urllib3/util/connection.py:60: in create_connection
    for res in socket.getaddrinfo(host, port, family, socket.SOCK_STREAM):
               ^^^^^^^^^^^^^^^^^^^^^^^^^^^^^^^^^^^^^^^^^^^^^^^^^^^^^^^^^^
/usr/local/lib/python3.11/socket.py:974: in getaddrinfo
    for res in _socket.getaddrinfo(host, port, family, type, proto, flags):
               ^^^^^^^^^^^^^^^^^^^^^^^^^^^^^^^^^^^^^^^^^^^^^^^^^^^^^^^^^^^
E   socket.gaierror: [Errno -2] Name or service not known

The above exception was the direct cause of the following exception:
/usr/local/lib/python3.11/site-packages/urllib3/connectionpool.py:787: in urlopen
    response = self._make_request(
/usr/local/lib/python3.11/site-packages/urllib3/connectionpool.py:493: in _make_request
    conn.request(
/usr/local/lib/python3.11/site-packages/urllib3/connection.py:445: in request
    self.endheaders()
/usr/local/lib/python3.11/http/client.py:1298: in endheaders
    self._send_output(message_body, encode_chunked=encode_chunked)
/usr/local/lib/python3.11/http/client.py:1058: in _send_output
    self.send(msg)
/usr/local/lib/python3.11/http/client.py:996: in send
    self.connect()
/usr/local/lib/python3.11/site-packages/urllib3/connection.py:276: in connect
    self.sock = self._new_conn()
                ^^^^^^^^^^^^^^^^
/usr/local/lib/python3.11/site-packages/urllib3/connection.py:205: in _new_conn
    raise NameResolutionError(self.host, self, e) from e
E   urllib3.exceptions.NameResolutionError: <urllib3.connection.HTTPConnection object at 0xffff66dfb390>: Failed to resolve 'api' ([Errno -2] Name or service not known)

The above exception was the direct cause of the following exception:
/usr/local/lib/python3.11/site-packages/requests/adapters.py:667: in send
    resp = conn.urlopen(
/usr/local/lib/python3.11/site-packages/urllib3/connectionpool.py:841: in urlopen
    retries = retries.increment(
/usr/local/lib/python3.11/site-packages/urllib3/util/retry.py:519: in increment
    raise MaxRetryError(_pool, url, reason) from reason  # type: ignore[arg-type]
    ^^^^^^^^^^^^^^^^^^^^^^^^^^^^^^^^^^^^^^^^^^^^^^^^^^^
E   urllib3.exceptions.MaxRetryError: HTTPConnectionPool(host='api', port=8000): Max retries exceeded with url: /onboarding-init (Caused by NameResolutionError("<urllib3.connection.HTTPConnection object at 0xffff66dfb390>: Failed to resolve 'api' ([Errno -2] Name or service not known)"))

During handling of the above exception, another exception occurred:
tests/test_onboarding.py:94: in test_onboarding_validation
    invalid_path_response = requests.post(
/usr/local/lib/python3.11/site-packages/requests/api.py:115: in post
    return request("post", url, data=data, json=json, **kwargs)
           ^^^^^^^^^^^^^^^^^^^^^^^^^^^^^^^^^^^^^^^^^^^^^^^^^^^^
/usr/local/lib/python3.11/site-packages/requests/api.py:59: in request
    return session.request(method=method, url=url, **kwargs)
           ^^^^^^^^^^^^^^^^^^^^^^^^^^^^^^^^^^^^^^^^^^^^^^^^^
/usr/local/lib/python3.11/site-packages/requests/sessions.py:589: in request
    resp = self.send(prep, **send_kwargs)
           ^^^^^^^^^^^^^^^^^^^^^^^^^^^^^^
/usr/local/lib/python3.11/site-packages/requests/sessions.py:703: in send
    r = adapter.send(request, **kwargs)
        ^^^^^^^^^^^^^^^^^^^^^^^^^^^^^^^
/usr/local/lib/python3.11/site-packages/requests/adapters.py:700: in send
    raise ConnectionError(e, request=request)
E   requests.exceptions.ConnectionError: HTTPConnectionPool(host='api', port=8000): Max retries exceeded with url: /onboarding-init (Caused by NameResolutionError("<urllib3.connection.HTTPConnection object at 0xffff66dfb390>: Failed to resolve 'api' ([Errno -2] Name or service not known)"))
---------------------------- Captured stderr setup -----------------------------
INFO:httpx:HTTP Request: POST http://testserver/admin/generate-token "HTTP/1.1 200 OK"
------------------------------ Captured log setup ------------------------------
INFO     httpx:_client.py:1025 HTTP Request: POST http://testserver/admin/generate-token "HTTP/1.1 200 OK"
______________________ test_onboarding_progress_retrieval ______________________
/usr/local/lib/python3.11/site-packages/urllib3/connection.py:198: in _new_conn
    sock = connection.create_connection(
/usr/local/lib/python3.11/site-packages/urllib3/util/connection.py:60: in create_connection
    for res in socket.getaddrinfo(host, port, family, socket.SOCK_STREAM):
               ^^^^^^^^^^^^^^^^^^^^^^^^^^^^^^^^^^^^^^^^^^^^^^^^^^^^^^^^^^
/usr/local/lib/python3.11/socket.py:974: in getaddrinfo
    for res in _socket.getaddrinfo(host, port, family, type, proto, flags):
               ^^^^^^^^^^^^^^^^^^^^^^^^^^^^^^^^^^^^^^^^^^^^^^^^^^^^^^^^^^^
E   socket.gaierror: [Errno -2] Name or service not known

The above exception was the direct cause of the following exception:
/usr/local/lib/python3.11/site-packages/urllib3/connectionpool.py:787: in urlopen
    response = self._make_request(
/usr/local/lib/python3.11/site-packages/urllib3/connectionpool.py:493: in _make_request
    conn.request(
/usr/local/lib/python3.11/site-packages/urllib3/connection.py:445: in request
    self.endheaders()
/usr/local/lib/python3.11/http/client.py:1298: in endheaders
    self._send_output(message_body, encode_chunked=encode_chunked)
/usr/local/lib/python3.11/http/client.py:1058: in _send_output
    self.send(msg)
/usr/local/lib/python3.11/http/client.py:996: in send
    self.connect()
/usr/local/lib/python3.11/site-packages/urllib3/connection.py:276: in connect
    self.sock = self._new_conn()
                ^^^^^^^^^^^^^^^^
/usr/local/lib/python3.11/site-packages/urllib3/connection.py:205: in _new_conn
    raise NameResolutionError(self.host, self, e) from e
E   urllib3.exceptions.NameResolutionError: <urllib3.connection.HTTPConnection object at 0xffff6637a690>: Failed to resolve 'api' ([Errno -2] Name or service not known)

The above exception was the direct cause of the following exception:
/usr/local/lib/python3.11/site-packages/requests/adapters.py:667: in send
    resp = conn.urlopen(
/usr/local/lib/python3.11/site-packages/urllib3/connectionpool.py:841: in urlopen
    retries = retries.increment(
/usr/local/lib/python3.11/site-packages/urllib3/util/retry.py:519: in increment
    raise MaxRetryError(_pool, url, reason) from reason  # type: ignore[arg-type]
    ^^^^^^^^^^^^^^^^^^^^^^^^^^^^^^^^^^^^^^^^^^^^^^^^^^^
E   urllib3.exceptions.MaxRetryError: HTTPConnectionPool(host='api', port=8000): Max retries exceeded with url: /onboarding/progress/2bf84c6f-92f7-4327-9788-59ea5f97ff67?path=internal_dev (Caused by NameResolutionError("<urllib3.connection.HTTPConnection object at 0xffff6637a690>: Failed to resolve 'api' ([Errno -2] Name or service not known)"))

During handling of the above exception, another exception occurred:
tests/test_onboarding.py:123: in test_onboarding_progress_retrieval
    response = requests.get(
/usr/local/lib/python3.11/site-packages/requests/api.py:73: in get
    return request("get", url, params=params, **kwargs)
           ^^^^^^^^^^^^^^^^^^^^^^^^^^^^^^^^^^^^^^^^^^^^
/usr/local/lib/python3.11/site-packages/requests/api.py:59: in request
    return session.request(method=method, url=url, **kwargs)
           ^^^^^^^^^^^^^^^^^^^^^^^^^^^^^^^^^^^^^^^^^^^^^^^^^
/usr/local/lib/python3.11/site-packages/requests/sessions.py:589: in request
    resp = self.send(prep, **send_kwargs)
           ^^^^^^^^^^^^^^^^^^^^^^^^^^^^^^
/usr/local/lib/python3.11/site-packages/requests/sessions.py:703: in send
    r = adapter.send(request, **kwargs)
        ^^^^^^^^^^^^^^^^^^^^^^^^^^^^^^^
/usr/local/lib/python3.11/site-packages/requests/adapters.py:700: in send
    raise ConnectionError(e, request=request)
E   requests.exceptions.ConnectionError: HTTPConnectionPool(host='api', port=8000): Max retries exceeded with url: /onboarding/progress/2bf84c6f-92f7-4327-9788-59ea5f97ff67?path=internal_dev (Caused by NameResolutionError("<urllib3.connection.HTTPConnection object at 0xffff6637a690>: Failed to resolve 'api' ([Errno -2] Name or service not known)"))
---------------------------- Captured stderr setup -----------------------------
INFO:httpx:HTTP Request: POST http://testserver/admin/generate-token "HTTP/1.1 200 OK"
------------------------------ Captured log setup ------------------------------
INFO     httpx:_client.py:1025 HTTP Request: POST http://testserver/admin/generate-token "HTTP/1.1 200 OK"
______________________ test_protected_route_without_token ______________________
tests/test_rule_api_server.py:92: in test_protected_route_without_token
    assert response.status_code == 401
E   assert 404 == 401
E    +  where 404 = <Response [404 Not Found]>.status_code
----------------------------- Captured stderr call -----------------------------
INFO:httpx:HTTP Request: GET http://testserver/protected "HTTP/1.1 404 Not Found"
------------------------------ Captured log call -------------------------------
INFO     httpx:_client.py:1025 HTTP Request: GET http://testserver/protected "HTTP/1.1 404 Not Found"
_______________________ test_protected_route_with_token ________________________
tests/test_rule_api_server.py:98: in test_protected_route_with_token
    assert response.status_code == 200
E   assert 404 == 200
E    +  where 404 = <Response [404 Not Found]>.status_code
---------------------------- Captured stderr setup -----------------------------
INFO:httpx:HTTP Request: POST http://testserver/admin/generate-token "HTTP/1.1 200 OK"
------------------------------ Captured log setup ------------------------------
INFO     httpx:_client.py:1025 HTTP Request: POST http://testserver/admin/generate-token "HTTP/1.1 200 OK"
----------------------------- Captured stderr call -----------------------------
INFO:httpx:HTTP Request: GET http://testserver/protected "HTTP/1.1 404 Not Found"
------------------------------ Captured log call -------------------------------
INFO     httpx:_client.py:1025 HTTP Request: GET http://testserver/protected "HTTP/1.1 404 Not Found"
___________________________ test_propose_rule_change ___________________________
tests/test_rule_api_server.py:123: in test_propose_rule_change
    assert response.status_code == 200
E   assert 500 == 200
E    +  where 500 = <Response [500 Internal Server Error]>.status_code
---------------------------- Captured stderr setup -----------------------------
INFO:httpx:HTTP Request: POST http://testserver/admin/generate-token "HTTP/1.1 200 OK"
------------------------------ Captured log setup ------------------------------
INFO     httpx:_client.py:1025 HTTP Request: POST http://testserver/admin/generate-token "HTTP/1.1 200 OK"
----------------------------- Captured stdout call -----------------------------
RESPONSE BODY: {"detail":"Internal server error. Reference ID: 6a9457c2-2b82-484c-bcbc-b6a38a0a3e6a"}
----------------------------- Captured stderr call -----------------------------
ERROR:rule_api_server:[ERROR] Middleware caught exception: 1 validation error for RuleProposal
id
  Input should be a valid string [type=string_type, input_value=UUID('1aaf8c52-afb2-4eb4-8bb1-8d43a8c9d8af'), input_type=UUID]
    For further information visit https://errors.pydantic.dev/2.11/v/string_type
Traceback (most recent call last):
  File "/usr/local/lib/python3.11/site-packages/starlette/middleware/base.py", line 148, in call_next
    message = await recv_stream.receive()
              ^^^^^^^^^^^^^^^^^^^^^^^^^^^
  File "/usr/local/lib/python3.11/site-packages/anyio/streams/memory.py", line 126, in receive
    raise EndOfStream from None
anyio.EndOfStream

During handling of the above exception, another exception occurred:

Traceback (most recent call last):
  File "/app/rule_api_server.py", line 1167, in error_logging_middleware
    return await call_next(request)
           ^^^^^^^^^^^^^^^^^^^^^^^^
  File "/usr/local/lib/python3.11/site-packages/starlette/middleware/base.py", line 156, in call_next
    raise app_exc
  File "/usr/local/lib/python3.11/site-packages/starlette/middleware/base.py", line 141, in coro
    await self.app(scope, receive_or_disconnect, send_no_error)
  File "/usr/local/lib/python3.11/site-packages/starlette/middleware/cors.py", line 85, in __call__
    await self.app(scope, receive, send)
  File "/usr/local/lib/python3.11/site-packages/starlette/middleware/exceptions.py", line 62, in __call__
    await wrap_app_handling_exceptions(self.app, conn)(scope, receive, send)
  File "/usr/local/lib/python3.11/site-packages/starlette/_exception_handler.py", line 53, in wrapped_app
    raise exc
  File "/usr/local/lib/python3.11/site-packages/starlette/_exception_handler.py", line 42, in wrapped_app
    await app(scope, receive, sender)
  File "/usr/local/lib/python3.11/site-packages/starlette/routing.py", line 714, in __call__
    await self.middleware_stack(scope, receive, send)
  File "/usr/local/lib/python3.11/site-packages/starlette/routing.py", line 734, in app
    await route.handle(scope, receive, send)
  File "/usr/local/lib/python3.11/site-packages/starlette/routing.py", line 288, in handle
    await self.app(scope, receive, send)
  File "/usr/local/lib/python3.11/site-packages/starlette/routing.py", line 76, in app
    await wrap_app_handling_exceptions(app, request)(scope, receive, send)
  File "/usr/local/lib/python3.11/site-packages/starlette/_exception_handler.py", line 53, in wrapped_app
    raise exc
  File "/usr/local/lib/python3.11/site-packages/starlette/_exception_handler.py", line 42, in wrapped_app
    await app(scope, receive, sender)
  File "/usr/local/lib/python3.11/site-packages/starlette/routing.py", line 73, in app
    response = await f(request)
               ^^^^^^^^^^^^^^^^
  File "/usr/local/lib/python3.11/site-packages/fastapi/routing.py", line 301, in app
    raw_response = await run_endpoint_function(
                   ^^^^^^^^^^^^^^^^^^^^^^^^^^^^
  File "/usr/local/lib/python3.11/site-packages/fastapi/routing.py", line 214, in run_endpoint_function
    return await run_in_threadpool(dependant.call, **values)
           ^^^^^^^^^^^^^^^^^^^^^^^^^^^^^^^^^^^^^^^^^^^^^^^^^
  File "/usr/local/lib/python3.11/site-packages/starlette/concurrency.py", line 37, in run_in_threadpool
    return await anyio.to_thread.run_sync(func)
           ^^^^^^^^^^^^^^^^^^^^^^^^^^^^^^^^^^^^
  File "/usr/local/lib/python3.11/site-packages/anyio/to_thread.py", line 56, in run_sync
    return await get_async_backend().run_sync_in_worker_thread(
           ^^^^^^^^^^^^^^^^^^^^^^^^^^^^^^^^^^^^^^^^^^^^^^^^^^^^
  File "/usr/local/lib/python3.11/site-packages/anyio/_backends/_asyncio.py", line 2470, in run_sync_in_worker_thread
    return await future
           ^^^^^^^^^^^^
  File "/usr/local/lib/python3.11/site-packages/anyio/_backends/_asyncio.py", line 967, in run
    result = context.run(func, *args)
             ^^^^^^^^^^^^^^^^^^^^^^^^
  File "/app/rule_api_server.py", line 304, in propose_rule_change
    return RuleProposal(**data)
           ^^^^^^^^^^^^^^^^^^^^
  File "/usr/local/lib/python3.11/site-packages/pydantic/main.py", line 253, in __init__
    validated_self = self.__pydantic_validator__.validate_python(data, self_instance=self)
                     ^^^^^^^^^^^^^^^^^^^^^^^^^^^^^^^^^^^^^^^^^^^^^^^^^^^^^^^^^^^^^^^^^^^^^
pydantic_core._pydantic_core.ValidationError: 1 validation error for RuleProposal
id
  Input should be a valid string [type=string_type, input_value=UUID('1aaf8c52-afb2-4eb4-8bb1-8d43a8c9d8af'), input_type=UUID]
    For further information visit https://errors.pydantic.dev/2.11/v/string_type

INFO:httpx:HTTP Request: POST http://testserver/propose-rule-change "HTTP/1.1 500 Internal Server Error"
------------------------------ Captured log call -------------------------------
ERROR    rule_api_server:rule_api_server.py:1172 [ERROR] Middleware caught exception: 1 validation error for RuleProposal
id
  Input should be a valid string [type=string_type, input_value=UUID('1aaf8c52-afb2-4eb4-8bb1-8d43a8c9d8af'), input_type=UUID]
    For further information visit https://errors.pydantic.dev/2.11/v/string_type
Traceback (most recent call last):
  File "/usr/local/lib/python3.11/site-packages/starlette/middleware/base.py", line 148, in call_next
    message = await recv_stream.receive()
              ^^^^^^^^^^^^^^^^^^^^^^^^^^^
  File "/usr/local/lib/python3.11/site-packages/anyio/streams/memory.py", line 126, in receive
    raise EndOfStream from None
anyio.EndOfStream

During handling of the above exception, another exception occurred:

Traceback (most recent call last):
  File "/app/rule_api_server.py", line 1167, in error_logging_middleware
    return await call_next(request)
           ^^^^^^^^^^^^^^^^^^^^^^^^
  File "/usr/local/lib/python3.11/site-packages/starlette/middleware/base.py", line 156, in call_next
    raise app_exc
  File "/usr/local/lib/python3.11/site-packages/starlette/middleware/base.py", line 141, in coro
    await self.app(scope, receive_or_disconnect, send_no_error)
  File "/usr/local/lib/python3.11/site-packages/starlette/middleware/cors.py", line 85, in __call__
    await self.app(scope, receive, send)
  File "/usr/local/lib/python3.11/site-packages/starlette/middleware/exceptions.py", line 62, in __call__
    await wrap_app_handling_exceptions(self.app, conn)(scope, receive, send)
  File "/usr/local/lib/python3.11/site-packages/starlette/_exception_handler.py", line 53, in wrapped_app
    raise exc
  File "/usr/local/lib/python3.11/site-packages/starlette/_exception_handler.py", line 42, in wrapped_app
    await app(scope, receive, sender)
  File "/usr/local/lib/python3.11/site-packages/starlette/routing.py", line 714, in __call__
    await self.middleware_stack(scope, receive, send)
  File "/usr/local/lib/python3.11/site-packages/starlette/routing.py", line 734, in app
    await route.handle(scope, receive, send)
  File "/usr/local/lib/python3.11/site-packages/starlette/routing.py", line 288, in handle
    await self.app(scope, receive, send)
  File "/usr/local/lib/python3.11/site-packages/starlette/routing.py", line 76, in app
    await wrap_app_handling_exceptions(app, request)(scope, receive, send)
  File "/usr/local/lib/python3.11/site-packages/starlette/_exception_handler.py", line 53, in wrapped_app
    raise exc
  File "/usr/local/lib/python3.11/site-packages/starlette/_exception_handler.py", line 42, in wrapped_app
    await app(scope, receive, sender)
  File "/usr/local/lib/python3.11/site-packages/starlette/routing.py", line 73, in app
    response = await f(request)
               ^^^^^^^^^^^^^^^^
  File "/usr/local/lib/python3.11/site-packages/fastapi/routing.py", line 301, in app
    raw_response = await run_endpoint_function(
                   ^^^^^^^^^^^^^^^^^^^^^^^^^^^^
  File "/usr/local/lib/python3.11/site-packages/fastapi/routing.py", line 214, in run_endpoint_function
    return await run_in_threadpool(dependant.call, **values)
           ^^^^^^^^^^^^^^^^^^^^^^^^^^^^^^^^^^^^^^^^^^^^^^^^^
  File "/usr/local/lib/python3.11/site-packages/starlette/concurrency.py", line 37, in run_in_threadpool
    return await anyio.to_thread.run_sync(func)
           ^^^^^^^^^^^^^^^^^^^^^^^^^^^^^^^^^^^^
  File "/usr/local/lib/python3.11/site-packages/anyio/to_thread.py", line 56, in run_sync
    return await get_async_backend().run_sync_in_worker_thread(
           ^^^^^^^^^^^^^^^^^^^^^^^^^^^^^^^^^^^^^^^^^^^^^^^^^^^^
  File "/usr/local/lib/python3.11/site-packages/anyio/_backends/_asyncio.py", line 2470, in run_sync_in_worker_thread
    return await future
           ^^^^^^^^^^^^
  File "/usr/local/lib/python3.11/site-packages/anyio/_backends/_asyncio.py", line 967, in run
    result = context.run(func, *args)
             ^^^^^^^^^^^^^^^^^^^^^^^^
  File "/app/rule_api_server.py", line 304, in propose_rule_change
    return RuleProposal(**data)
           ^^^^^^^^^^^^^^^^^^^^
  File "/usr/local/lib/python3.11/site-packages/pydantic/main.py", line 253, in __init__
    validated_self = self.__pydantic_validator__.validate_python(data, self_instance=self)
                     ^^^^^^^^^^^^^^^^^^^^^^^^^^^^^^^^^^^^^^^^^^^^^^^^^^^^^^^^^^^^^^^^^^^^^
pydantic_core._pydantic_core.ValidationError: 1 validation error for RuleProposal
id
  Input should be a valid string [type=string_type, input_value=UUID('1aaf8c52-afb2-4eb4-8bb1-8d43a8c9d8af'), input_type=UUID]
    For further information visit https://errors.pydantic.dev/2.11/v/string_type

INFO     httpx:_client.py:1025 HTTP Request: POST http://testserver/propose-rule-change "HTTP/1.1 500 Internal Server Error"
________________________ test_list_pending_rule_changes ________________________
tests/test_rule_api_server.py:132: in test_list_pending_rule_changes
    assert response.status_code == 200
E   assert 404 == 200
E    +  where 404 = <Response [404 Not Found]>.status_code
---------------------------- Captured stderr setup -----------------------------
INFO:httpx:HTTP Request: POST http://testserver/admin/generate-token "HTTP/1.1 200 OK"
------------------------------ Captured log setup ------------------------------
INFO     httpx:_client.py:1025 HTTP Request: POST http://testserver/admin/generate-token "HTTP/1.1 200 OK"
----------------------------- Captured stderr call -----------------------------
INFO:httpx:HTTP Request: GET http://testserver/list-pending-rule-changes "HTTP/1.1 404 Not Found"
------------------------------ Captured log call -------------------------------
INFO     httpx:_client.py:1025 HTTP Request: GET http://testserver/list-pending-rule-changes "HTTP/1.1 404 Not Found"
_____________________ test_approve_and_reject_rule_change ______________________
tests/test_rule_api_server.py:153: in test_approve_and_reject_rule_change
    assert prop_response.status_code == 200
E   assert 500 == 200
E    +  where 500 = <Response [500 Internal Server Error]>.status_code
---------------------------- Captured stderr setup -----------------------------
INFO:httpx:HTTP Request: POST http://testserver/admin/generate-token "HTTP/1.1 200 OK"
------------------------------ Captured log setup ------------------------------
INFO     httpx:_client.py:1025 HTTP Request: POST http://testserver/admin/generate-token "HTTP/1.1 200 OK"
----------------------------- Captured stderr call -----------------------------
ERROR:rule_api_server:[ERROR] Middleware caught exception: 1 validation error for RuleProposal
id
  Input should be a valid string [type=string_type, input_value=UUID('7802932d-02a1-4762-ad16-52f468f57ffa'), input_type=UUID]
    For further information visit https://errors.pydantic.dev/2.11/v/string_type
Traceback (most recent call last):
  File "/usr/local/lib/python3.11/site-packages/starlette/middleware/base.py", line 148, in call_next
    message = await recv_stream.receive()
              ^^^^^^^^^^^^^^^^^^^^^^^^^^^
  File "/usr/local/lib/python3.11/site-packages/anyio/streams/memory.py", line 126, in receive
    raise EndOfStream from None
anyio.EndOfStream

During handling of the above exception, another exception occurred:

Traceback (most recent call last):
  File "/app/rule_api_server.py", line 1167, in error_logging_middleware
    return await call_next(request)
           ^^^^^^^^^^^^^^^^^^^^^^^^
  File "/usr/local/lib/python3.11/site-packages/starlette/middleware/base.py", line 156, in call_next
    raise app_exc
  File "/usr/local/lib/python3.11/site-packages/starlette/middleware/base.py", line 141, in coro
    await self.app(scope, receive_or_disconnect, send_no_error)
  File "/usr/local/lib/python3.11/site-packages/starlette/middleware/cors.py", line 85, in __call__
    await self.app(scope, receive, send)
  File "/usr/local/lib/python3.11/site-packages/starlette/middleware/exceptions.py", line 62, in __call__
    await wrap_app_handling_exceptions(self.app, conn)(scope, receive, send)
  File "/usr/local/lib/python3.11/site-packages/starlette/_exception_handler.py", line 53, in wrapped_app
    raise exc
  File "/usr/local/lib/python3.11/site-packages/starlette/_exception_handler.py", line 42, in wrapped_app
    await app(scope, receive, sender)
  File "/usr/local/lib/python3.11/site-packages/starlette/routing.py", line 714, in __call__
    await self.middleware_stack(scope, receive, send)
  File "/usr/local/lib/python3.11/site-packages/starlette/routing.py", line 734, in app
    await route.handle(scope, receive, send)
  File "/usr/local/lib/python3.11/site-packages/starlette/routing.py", line 288, in handle
    await self.app(scope, receive, send)
  File "/usr/local/lib/python3.11/site-packages/starlette/routing.py", line 76, in app
    await wrap_app_handling_exceptions(app, request)(scope, receive, send)
  File "/usr/local/lib/python3.11/site-packages/starlette/_exception_handler.py", line 53, in wrapped_app
    raise exc
  File "/usr/local/lib/python3.11/site-packages/starlette/_exception_handler.py", line 42, in wrapped_app
    await app(scope, receive, sender)
  File "/usr/local/lib/python3.11/site-packages/starlette/routing.py", line 73, in app
    response = await f(request)
               ^^^^^^^^^^^^^^^^
  File "/usr/local/lib/python3.11/site-packages/fastapi/routing.py", line 301, in app
    raw_response = await run_endpoint_function(
                   ^^^^^^^^^^^^^^^^^^^^^^^^^^^^
  File "/usr/local/lib/python3.11/site-packages/fastapi/routing.py", line 214, in run_endpoint_function
    return await run_in_threadpool(dependant.call, **values)
           ^^^^^^^^^^^^^^^^^^^^^^^^^^^^^^^^^^^^^^^^^^^^^^^^^
  File "/usr/local/lib/python3.11/site-packages/starlette/concurrency.py", line 37, in run_in_threadpool
    return await anyio.to_thread.run_sync(func)
           ^^^^^^^^^^^^^^^^^^^^^^^^^^^^^^^^^^^^
  File "/usr/local/lib/python3.11/site-packages/anyio/to_thread.py", line 56, in run_sync
    return await get_async_backend().run_sync_in_worker_thread(
           ^^^^^^^^^^^^^^^^^^^^^^^^^^^^^^^^^^^^^^^^^^^^^^^^^^^^
  File "/usr/local/lib/python3.11/site-packages/anyio/_backends/_asyncio.py", line 2470, in run_sync_in_worker_thread
    return await future
           ^^^^^^^^^^^^
  File "/usr/local/lib/python3.11/site-packages/anyio/_backends/_asyncio.py", line 967, in run
    result = context.run(func, *args)
             ^^^^^^^^^^^^^^^^^^^^^^^^
  File "/app/rule_api_server.py", line 304, in propose_rule_change
    return RuleProposal(**data)
           ^^^^^^^^^^^^^^^^^^^^
  File "/usr/local/lib/python3.11/site-packages/pydantic/main.py", line 253, in __init__
    validated_self = self.__pydantic_validator__.validate_python(data, self_instance=self)
                     ^^^^^^^^^^^^^^^^^^^^^^^^^^^^^^^^^^^^^^^^^^^^^^^^^^^^^^^^^^^^^^^^^^^^^
pydantic_core._pydantic_core.ValidationError: 1 validation error for RuleProposal
id
  Input should be a valid string [type=string_type, input_value=UUID('7802932d-02a1-4762-ad16-52f468f57ffa'), input_type=UUID]
    For further information visit https://errors.pydantic.dev/2.11/v/string_type

INFO:httpx:HTTP Request: POST http://testserver/propose-rule-change "HTTP/1.1 500 Internal Server Error"
------------------------------ Captured log call -------------------------------
ERROR    rule_api_server:rule_api_server.py:1172 [ERROR] Middleware caught exception: 1 validation error for RuleProposal
id
  Input should be a valid string [type=string_type, input_value=UUID('7802932d-02a1-4762-ad16-52f468f57ffa'), input_type=UUID]
    For further information visit https://errors.pydantic.dev/2.11/v/string_type
Traceback (most recent call last):
  File "/usr/local/lib/python3.11/site-packages/starlette/middleware/base.py", line 148, in call_next
    message = await recv_stream.receive()
              ^^^^^^^^^^^^^^^^^^^^^^^^^^^
  File "/usr/local/lib/python3.11/site-packages/anyio/streams/memory.py", line 126, in receive
    raise EndOfStream from None
anyio.EndOfStream

During handling of the above exception, another exception occurred:

Traceback (most recent call last):
  File "/app/rule_api_server.py", line 1167, in error_logging_middleware
    return await call_next(request)
           ^^^^^^^^^^^^^^^^^^^^^^^^
  File "/usr/local/lib/python3.11/site-packages/starlette/middleware/base.py", line 156, in call_next
    raise app_exc
  File "/usr/local/lib/python3.11/site-packages/starlette/middleware/base.py", line 141, in coro
    await self.app(scope, receive_or_disconnect, send_no_error)
  File "/usr/local/lib/python3.11/site-packages/starlette/middleware/cors.py", line 85, in __call__
    await self.app(scope, receive, send)
  File "/usr/local/lib/python3.11/site-packages/starlette/middleware/exceptions.py", line 62, in __call__
    await wrap_app_handling_exceptions(self.app, conn)(scope, receive, send)
  File "/usr/local/lib/python3.11/site-packages/starlette/_exception_handler.py", line 53, in wrapped_app
    raise exc
  File "/usr/local/lib/python3.11/site-packages/starlette/_exception_handler.py", line 42, in wrapped_app
    await app(scope, receive, sender)
  File "/usr/local/lib/python3.11/site-packages/starlette/routing.py", line 714, in __call__
    await self.middleware_stack(scope, receive, send)
  File "/usr/local/lib/python3.11/site-packages/starlette/routing.py", line 734, in app
    await route.handle(scope, receive, send)
  File "/usr/local/lib/python3.11/site-packages/starlette/routing.py", line 288, in handle
    await self.app(scope, receive, send)
  File "/usr/local/lib/python3.11/site-packages/starlette/routing.py", line 76, in app
    await wrap_app_handling_exceptions(app, request)(scope, receive, send)
  File "/usr/local/lib/python3.11/site-packages/starlette/_exception_handler.py", line 53, in wrapped_app
    raise exc
  File "/usr/local/lib/python3.11/site-packages/starlette/_exception_handler.py", line 42, in wrapped_app
    await app(scope, receive, sender)
  File "/usr/local/lib/python3.11/site-packages/starlette/routing.py", line 73, in app
    response = await f(request)
               ^^^^^^^^^^^^^^^^
  File "/usr/local/lib/python3.11/site-packages/fastapi/routing.py", line 301, in app
    raw_response = await run_endpoint_function(
                   ^^^^^^^^^^^^^^^^^^^^^^^^^^^^
  File "/usr/local/lib/python3.11/site-packages/fastapi/routing.py", line 214, in run_endpoint_function
    return await run_in_threadpool(dependant.call, **values)
           ^^^^^^^^^^^^^^^^^^^^^^^^^^^^^^^^^^^^^^^^^^^^^^^^^
  File "/usr/local/lib/python3.11/site-packages/starlette/concurrency.py", line 37, in run_in_threadpool
    return await anyio.to_thread.run_sync(func)
           ^^^^^^^^^^^^^^^^^^^^^^^^^^^^^^^^^^^^
  File "/usr/local/lib/python3.11/site-packages/anyio/to_thread.py", line 56, in run_sync
    return await get_async_backend().run_sync_in_worker_thread(
           ^^^^^^^^^^^^^^^^^^^^^^^^^^^^^^^^^^^^^^^^^^^^^^^^^^^^
  File "/usr/local/lib/python3.11/site-packages/anyio/_backends/_asyncio.py", line 2470, in run_sync_in_worker_thread
    return await future
           ^^^^^^^^^^^^
  File "/usr/local/lib/python3.11/site-packages/anyio/_backends/_asyncio.py", line 967, in run
    result = context.run(func, *args)
             ^^^^^^^^^^^^^^^^^^^^^^^^
  File "/app/rule_api_server.py", line 304, in propose_rule_change
    return RuleProposal(**data)
           ^^^^^^^^^^^^^^^^^^^^
  File "/usr/local/lib/python3.11/site-packages/pydantic/main.py", line 253, in __init__
    validated_self = self.__pydantic_validator__.validate_python(data, self_instance=self)
                     ^^^^^^^^^^^^^^^^^^^^^^^^^^^^^^^^^^^^^^^^^^^^^^^^^^^^^^^^^^^^^^^^^^^^^
pydantic_core._pydantic_core.ValidationError: 1 validation error for RuleProposal
id
  Input should be a valid string [type=string_type, input_value=UUID('7802932d-02a1-4762-ad16-52f468f57ffa'), input_type=UUID]
    For further information visit https://errors.pydantic.dev/2.11/v/string_type

INFO     httpx:_client.py:1025 HTTP Request: POST http://testserver/propose-rule-change "HTTP/1.1 500 Internal Server Error"
___________________________ test_reject_rule_change ____________________________
tests/test_rule_api_server.py:188: in test_reject_rule_change
    assert prop_response.status_code == 200
E   assert 500 == 200
E    +  where 500 = <Response [500 Internal Server Error]>.status_code
---------------------------- Captured stderr setup -----------------------------
INFO:httpx:HTTP Request: POST http://testserver/admin/generate-token "HTTP/1.1 200 OK"
------------------------------ Captured log setup ------------------------------
INFO     httpx:_client.py:1025 HTTP Request: POST http://testserver/admin/generate-token "HTTP/1.1 200 OK"
----------------------------- Captured stderr call -----------------------------
ERROR:rule_api_server:[ERROR] Middleware caught exception: 1 validation error for RuleProposal
id
  Input should be a valid string [type=string_type, input_value=UUID('f3590aed-8bef-4505-9071-d19b71196e4e'), input_type=UUID]
    For further information visit https://errors.pydantic.dev/2.11/v/string_type
Traceback (most recent call last):
  File "/usr/local/lib/python3.11/site-packages/starlette/middleware/base.py", line 148, in call_next
    message = await recv_stream.receive()
              ^^^^^^^^^^^^^^^^^^^^^^^^^^^
  File "/usr/local/lib/python3.11/site-packages/anyio/streams/memory.py", line 126, in receive
    raise EndOfStream from None
anyio.EndOfStream

During handling of the above exception, another exception occurred:

Traceback (most recent call last):
  File "/app/rule_api_server.py", line 1167, in error_logging_middleware
    return await call_next(request)
           ^^^^^^^^^^^^^^^^^^^^^^^^
  File "/usr/local/lib/python3.11/site-packages/starlette/middleware/base.py", line 156, in call_next
    raise app_exc
  File "/usr/local/lib/python3.11/site-packages/starlette/middleware/base.py", line 141, in coro
    await self.app(scope, receive_or_disconnect, send_no_error)
  File "/usr/local/lib/python3.11/site-packages/starlette/middleware/cors.py", line 85, in __call__
    await self.app(scope, receive, send)
  File "/usr/local/lib/python3.11/site-packages/starlette/middleware/exceptions.py", line 62, in __call__
    await wrap_app_handling_exceptions(self.app, conn)(scope, receive, send)
  File "/usr/local/lib/python3.11/site-packages/starlette/_exception_handler.py", line 53, in wrapped_app
    raise exc
  File "/usr/local/lib/python3.11/site-packages/starlette/_exception_handler.py", line 42, in wrapped_app
    await app(scope, receive, sender)
  File "/usr/local/lib/python3.11/site-packages/starlette/routing.py", line 714, in __call__
    await self.middleware_stack(scope, receive, send)
  File "/usr/local/lib/python3.11/site-packages/starlette/routing.py", line 734, in app
    await route.handle(scope, receive, send)
  File "/usr/local/lib/python3.11/site-packages/starlette/routing.py", line 288, in handle
    await self.app(scope, receive, send)
  File "/usr/local/lib/python3.11/site-packages/starlette/routing.py", line 76, in app
    await wrap_app_handling_exceptions(app, request)(scope, receive, send)
  File "/usr/local/lib/python3.11/site-packages/starlette/_exception_handler.py", line 53, in wrapped_app
    raise exc
  File "/usr/local/lib/python3.11/site-packages/starlette/_exception_handler.py", line 42, in wrapped_app
    await app(scope, receive, sender)
  File "/usr/local/lib/python3.11/site-packages/starlette/routing.py", line 73, in app
    response = await f(request)
               ^^^^^^^^^^^^^^^^
  File "/usr/local/lib/python3.11/site-packages/fastapi/routing.py", line 301, in app
    raw_response = await run_endpoint_function(
                   ^^^^^^^^^^^^^^^^^^^^^^^^^^^^
  File "/usr/local/lib/python3.11/site-packages/fastapi/routing.py", line 214, in run_endpoint_function
    return await run_in_threadpool(dependant.call, **values)
           ^^^^^^^^^^^^^^^^^^^^^^^^^^^^^^^^^^^^^^^^^^^^^^^^^
  File "/usr/local/lib/python3.11/site-packages/starlette/concurrency.py", line 37, in run_in_threadpool
    return await anyio.to_thread.run_sync(func)
           ^^^^^^^^^^^^^^^^^^^^^^^^^^^^^^^^^^^^
  File "/usr/local/lib/python3.11/site-packages/anyio/to_thread.py", line 56, in run_sync
    return await get_async_backend().run_sync_in_worker_thread(
           ^^^^^^^^^^^^^^^^^^^^^^^^^^^^^^^^^^^^^^^^^^^^^^^^^^^^
  File "/usr/local/lib/python3.11/site-packages/anyio/_backends/_asyncio.py", line 2470, in run_sync_in_worker_thread
    return await future
           ^^^^^^^^^^^^
  File "/usr/local/lib/python3.11/site-packages/anyio/_backends/_asyncio.py", line 967, in run
    result = context.run(func, *args)
             ^^^^^^^^^^^^^^^^^^^^^^^^
  File "/app/rule_api_server.py", line 304, in propose_rule_change
    return RuleProposal(**data)
           ^^^^^^^^^^^^^^^^^^^^
  File "/usr/local/lib/python3.11/site-packages/pydantic/main.py", line 253, in __init__
    validated_self = self.__pydantic_validator__.validate_python(data, self_instance=self)
                     ^^^^^^^^^^^^^^^^^^^^^^^^^^^^^^^^^^^^^^^^^^^^^^^^^^^^^^^^^^^^^^^^^^^^^
pydantic_core._pydantic_core.ValidationError: 1 validation error for RuleProposal
id
  Input should be a valid string [type=string_type, input_value=UUID('f3590aed-8bef-4505-9071-d19b71196e4e'), input_type=UUID]
    For further information visit https://errors.pydantic.dev/2.11/v/string_type

INFO:httpx:HTTP Request: POST http://testserver/propose-rule-change "HTTP/1.1 500 Internal Server Error"
------------------------------ Captured log call -------------------------------
ERROR    rule_api_server:rule_api_server.py:1172 [ERROR] Middleware caught exception: 1 validation error for RuleProposal
id
[...]
tests/test_rule_versioning.py:105: in test_rule_history_nonexistent
    assert response.status_code == 404
E   assert 200 == 404
E    +  where 200 = <Response [200 OK]>.status_code
---------------------------- Captured stderr setup -----------------------------
INFO:httpx:HTTP Request: POST http://testserver/admin/generate-token "HTTP/1.1 200 OK"
------------------------------ Captured log setup ------------------------------
INFO     httpx:_client.py:1025 HTTP Request: POST http://testserver/admin/generate-token "HTTP/1.1 200 OK"
----------------------------- Captured stderr call -----------------------------
INFO:httpx:HTTP Request: GET http://testserver/rules/b6e30b25-13e4-4b43-bf6c-92d50b0d57bd/history "HTTP/1.1 200 OK"
------------------------------ Captured log call -------------------------------
INFO     httpx:_client.py:1025 HTTP Request: GET http://testserver/rules/b6e30b25-13e4-4b43-bf6c-92d50b0d57bd/history "HTTP/1.1 200 OK"
__________________________ test_multiple_rule_updates __________________________
tests/test_rule_versioning.py:127: in test_multiple_rule_updates
    assert prop_response.status_code == 200
E   assert 500 == 200
E    +  where 500 = <Response [500 Internal Server Error]>.status_code
---------------------------- Captured stderr setup -----------------------------
INFO:httpx:HTTP Request: POST http://testserver/admin/generate-token "HTTP/1.1 200 OK"
------------------------------ Captured log setup ------------------------------
INFO     httpx:_client.py:1025 HTTP Request: POST http://testserver/admin/generate-token "HTTP/1.1 200 OK"
----------------------------- Captured stderr call -----------------------------
ERROR:rule_api_server:[ERROR] Middleware caught exception: 1 validation error for RuleProposal
id
  Input should be a valid string [type=string_type, input_value=UUID('792e4074-642b-4a7a-bd2e-5933b493755d'), input_type=UUID]
    For further information visit https://errors.pydantic.dev/2.11/v/string_type
Traceback (most recent call last):
  File "/usr/local/lib/python3.11/site-packages/starlette/middleware/base.py", line 148, in call_next
    message = await recv_stream.receive()
              ^^^^^^^^^^^^^^^^^^^^^^^^^^^
  File "/usr/local/lib/python3.11/site-packages/anyio/streams/memory.py", line 126, in receive
    raise EndOfStream from None
anyio.EndOfStream

During handling of the above exception, another exception occurred:

Traceback (most recent call last):
  File "/app/rule_api_server.py", line 1167, in error_logging_middleware
    return await call_next(request)
           ^^^^^^^^^^^^^^^^^^^^^^^^
  File "/usr/local/lib/python3.11/site-packages/starlette/middleware/base.py", line 156, in call_next
    raise app_exc
  File "/usr/local/lib/python3.11/site-packages/starlette/middleware/base.py", line 141, in coro
    await self.app(scope, receive_or_disconnect, send_no_error)
  File "/usr/local/lib/python3.11/site-packages/starlette/middleware/cors.py", line 85, in __call__
    await self.app(scope, receive, send)
  File "/usr/local/lib/python3.11/site-packages/starlette/middleware/exceptions.py", line 62, in __call__
    await wrap_app_handling_exceptions(self.app, conn)(scope, receive, send)
  File "/usr/local/lib/python3.11/site-packages/starlette/_exception_handler.py", line 53, in wrapped_app
    raise exc
  File "/usr/local/lib/python3.11/site-packages/starlette/_exception_handler.py", line 42, in wrapped_app
    await app(scope, receive, sender)
  File "/usr/local/lib/python3.11/site-packages/starlette/routing.py", line 714, in __call__
    await self.middleware_stack(scope, receive, send)
  File "/usr/local/lib/python3.11/site-packages/starlette/routing.py", line 734, in app
    await route.handle(scope, receive, send)
  File "/usr/local/lib/python3.11/site-packages/starlette/routing.py", line 288, in handle
    await self.app(scope, receive, send)
  File "/usr/local/lib/python3.11/site-packages/starlette/routing.py", line 76, in app
    await wrap_app_handling_exceptions(app, request)(scope, receive, send)
  File "/usr/local/lib/python3.11/site-packages/starlette/_exception_handler.py", line 53, in wrapped_app
    raise exc
  File "/usr/local/lib/python3.11/site-packages/starlette/_exception_handler.py", line 42, in wrapped_app
    await app(scope, receive, sender)
  File "/usr/local/lib/python3.11/site-packages/starlette/routing.py", line 73, in app
    response = await f(request)
               ^^^^^^^^^^^^^^^^
  File "/usr/local/lib/python3.11/site-packages/fastapi/routing.py", line 301, in app
    raw_response = await run_endpoint_function(
                   ^^^^^^^^^^^^^^^^^^^^^^^^^^^^
  File "/usr/local/lib/python3.11/site-packages/fastapi/routing.py", line 214, in run_endpoint_function
    return await run_in_threadpool(dependant.call, **values)
           ^^^^^^^^^^^^^^^^^^^^^^^^^^^^^^^^^^^^^^^^^^^^^^^^^
  File "/usr/local/lib/python3.11/site-packages/starlette/concurrency.py", line 37, in run_in_threadpool
    return await anyio.to_thread.run_sync(func)
           ^^^^^^^^^^^^^^^^^^^^^^^^^^^^^^^^^^^^
  File "/usr/local/lib/python3.11/site-packages/anyio/to_thread.py", line 56, in run_sync
    return await get_async_backend().run_sync_in_worker_thread(
           ^^^^^^^^^^^^^^^^^^^^^^^^^^^^^^^^^^^^^^^^^^^^^^^^^^^^
  File "/usr/local/lib/python3.11/site-packages/anyio/_backends/_asyncio.py", line 2470, in run_sync_in_worker_thread
    return await future
           ^^^^^^^^^^^^
  File "/usr/local/lib/python3.11/site-packages/anyio/_backends/_asyncio.py", line 967, in run
    result = context.run(func, *args)
             ^^^^^^^^^^^^^^^^^^^^^^^^
  File "/app/rule_api_server.py", line 304, in propose_rule_change
    return RuleProposal(**data)
           ^^^^^^^^^^^^^^^^^^^^
  File "/usr/local/lib/python3.11/site-packages/pydantic/main.py", line 253, in __init__
    validated_self = self.__pydantic_validator__.validate_python(data, self_instance=self)
                     ^^^^^^^^^^^^^^^^^^^^^^^^^^^^^^^^^^^^^^^^^^^^^^^^^^^^^^^^^^^^^^^^^^^^^
pydantic_core._pydantic_core.ValidationError: 1 validation error for RuleProposal
id
  Input should be a valid string [type=string_type, input_value=UUID('792e4074-642b-4a7a-bd2e-5933b493755d'), input_type=UUID]
    For further information visit https://errors.pydantic.dev/2.11/v/string_type

INFO:httpx:HTTP Request: POST http://testserver/propose-rule-change "HTTP/1.1 500 Internal Server Error"
------------------------------ Captured log call -------------------------------
ERROR    rule_api_server:rule_api_server.py:1172 [ERROR] Middleware caught exception: 1 validation error for RuleProposal
id
  Input should be a valid string [type=string_type, input_value=UUID('792e4074-642b-4a7a-bd2e-5933b493755d'), input_type=UUID]
    For further information visit https://errors.pydantic.dev/2.11/v/string_type
Traceback (most recent call last):
  File "/usr/local/lib/python3.11/site-packages/starlette/middleware/base.py", line 148, in call_next
    message = await recv_stream.receive()
              ^^^^^^^^^^^^^^^^^^^^^^^^^^^
  File "/usr/local/lib/python3.11/site-packages/anyio/streams/memory.py", line 126, in receive
    raise EndOfStream from None
anyio.EndOfStream

During handling of the above exception, another exception occurred:

Traceback (most recent call last):
  File "/app/rule_api_server.py", line 1167, in error_logging_middleware
    return await call_next(request)
           ^^^^^^^^^^^^^^^^^^^^^^^^
  File "/usr/local/lib/python3.11/site-packages/starlette/middleware/base.py", line 156, in call_next
    raise app_exc
  File "/usr/local/lib/python3.11/site-packages/starlette/middleware/base.py", line 141, in coro
    await self.app(scope, receive_or_disconnect, send_no_error)
  File "/usr/local/lib/python3.11/site-packages/starlette/middleware/cors.py", line 85, in __call__
    await self.app(scope, receive, send)
  File "/usr/local/lib/python3.11/site-packages/starlette/middleware/exceptions.py", line 62, in __call__
    await wrap_app_handling_exceptions(self.app, conn)(scope, receive, send)
  File "/usr/local/lib/python3.11/site-packages/starlette/_exception_handler.py", line 53, in wrapped_app
    raise exc
  File "/usr/local/lib/python3.11/site-packages/starlette/_exception_handler.py", line 42, in wrapped_app
    await app(scope, receive, sender)
  File "/usr/local/lib/python3.11/site-packages/starlette/routing.py", line 714, in __call__
    await self.middleware_stack(scope, receive, send)
  File "/usr/local/lib/python3.11/site-packages/starlette/routing.py", line 734, in app
    await route.handle(scope, receive, send)
  File "/usr/local/lib/python3.11/site-packages/starlette/routing.py", line 288, in handle
    await self.app(scope, receive, send)
  File "/usr/local/lib/python3.11/site-packages/starlette/routing.py", line 76, in app
    await wrap_app_handling_exceptions(app, request)(scope, receive, send)
  File "/usr/local/lib/python3.11/site-packages/starlette/_exception_handler.py", line 53, in wrapped_app
    raise exc
  File "/usr/local/lib/python3.11/site-packages/starlette/_exception_handler.py", line 42, in wrapped_app
    await app(scope, receive, sender)
  File "/usr/local/lib/python3.11/site-packages/starlette/routing.py", line 73, in app
    response = await f(request)
               ^^^^^^^^^^^^^^^^
  File "/usr/local/lib/python3.11/site-packages/fastapi/routing.py", line 301, in app
    raw_response = await run_endpoint_function(
                   ^^^^^^^^^^^^^^^^^^^^^^^^^^^^
  File "/usr/local/lib/python3.11/site-packages/fastapi/routing.py", line 214, in run_endpoint_function
    return await run_in_threadpool(dependant.call, **values)
           ^^^^^^^^^^^^^^^^^^^^^^^^^^^^^^^^^^^^^^^^^^^^^^^^^
  File "/usr/local/lib/python3.11/site-packages/starlette/concurrency.py", line 37, in run_in_threadpool
    return await anyio.to_thread.run_sync(func)
           ^^^^^^^^^^^^^^^^^^^^^^^^^^^^^^^^^^^^
  File "/usr/local/lib/python3.11/site-packages/anyio/to_thread.py", line 56, in run_sync
    return await get_async_backend().run_sync_in_worker_thread(
           ^^^^^^^^^^^^^^^^^^^^^^^^^^^^^^^^^^^^^^^^^^^^^^^^^^^^
  File "/usr/local/lib/python3.11/site-packages/anyio/_backends/_asyncio.py", line 2470, in run_sync_in_worker_thread
    return await future
           ^^^^^^^^^^^^
  File "/usr/local/lib/python3.11/site-packages/anyio/_backends/_asyncio.py", line 967, in run
    result = context.run(func, *args)
             ^^^^^^^^^^^^^^^^^^^^^^^^
  File "/app/rule_api_server.py", line 304, in propose_rule_change
    return RuleProposal(**data)
           ^^^^^^^^^^^^^^^^^^^^
  File "/usr/local/lib/python3.11/site-packages/pydantic/main.py", line 253, in __init__
    validated_self = self.__pydantic_validator__.validate_python(data, self_instance=self)
                     ^^^^^^^^^^^^^^^^^^^^^^^^^^^^^^^^^^^^^^^^^^^^^^^^^^^^^^^^^^^^^^^^^^^^^
pydantic_core._pydantic_core.ValidationError: 1 validation error for RuleProposal
id
  Input should be a valid string [type=string_type, input_value=UUID('792e4074-642b-4a7a-bd2e-5933b493755d'), input_type=UUID]
    For further information visit https://errors.pydantic.dev/2.11/v/string_type

INFO     httpx:_client.py:1025 HTTP Request: POST http://testserver/propose-rule-change "HTTP/1.1 500 Internal Server Error"
__________________________ test_rule_version_metadata __________________________
tests/test_rule_versioning.py:210: in test_rule_version_metadata
    assert prop_response.status_code == 200
E   assert 422 == 200
E    +  where 422 = <Response [422 Unprocessable Entity]>.status_code
---------------------------- Captured stderr setup -----------------------------
INFO:httpx:HTTP Request: POST http://testserver/admin/generate-token "HTTP/1.1 200 OK"
------------------------------ Captured log setup ------------------------------
INFO     httpx:_client.py:1025 HTTP Request: POST http://testserver/admin/generate-token "HTTP/1.1 200 OK"
----------------------------- Captured stderr call -----------------------------
INFO:httpx:HTTP Request: POST http://testserver/propose-rule-change "HTTP/1.1 422 Unprocessable Entity"
------------------------------ Captured log call -------------------------------
INFO     httpx:_client.py:1025 HTTP Request: POST http://testserver/propose-rule-change "HTTP/1.1 422 Unprocessable Entity"
=========================== short test summary info ============================
FAILED tests/test_admin_endpoints.py::test_generate_token - AssertionError: a...
FAILED tests/test_admin_endpoints.py::test_error_logging - assert 422 == 404
FAILED tests/test_admin_endpoints.py::test_token_validation - assert 422 == 401
FAILED tests/test_admin_endpoints.py::test_token_role_restrictions - assert 2...
FAILED tests/test_code_review_endpoints.py::test_review_code_files - assert F...
FAILED tests/test_code_review_endpoints.py::test_review_code_snippet - assert...
FAILED tests/test_code_review_endpoints.py::test_review_code_files_llm - asse...
FAILED tests/test_code_review_endpoints.py::test_review_code_files_multiple
FAILED tests/test_dependency_injection.py::test_get_db_uses_mock - AssertionE...
FAILED tests/test_misc_scripts_auto_feedback.py::test_valid_args_dry_run - Sy...
FAILED tests/test_misc_scripts_auto_feedback.py::test_missing_env_vars - Syst...
FAILED tests/test_misc_scripts_auto_feedback.py::test_invalid_input_file - Sy...
FAILED tests/test_misc_scripts_auto_feedback.py::test_valid_args_dry_run_cli
FAILED tests/test_misc_scripts_auto_feedback.py::test_missing_env_vars_cli - ...
FAILED tests/test_onboarding.py::test_internal_project_onboarding - requests....
FAILED tests/test_onboarding.py::test_onboarding_validation - requests.except...
FAILED tests/test_onboarding.py::test_onboarding_progress_retrieval - request...
FAILED tests/test_rule_api_server.py::test_protected_route_without_token - as...
FAILED tests/test_rule_api_server.py::test_protected_route_with_token - asser...
FAILED tests/test_rule_api_server.py::test_propose_rule_change - assert 500 =...
FAILED tests/test_rule_api_server.py::test_list_pending_rule_changes - assert...
FAILED tests/test_rule_api_server.py::test_approve_and_reject_rule_change - a...
FAILED tests/test_rule_api_server.py::test_reject_rule_change - assert 500 ==...
FAILED tests/test_rule_api_server.py::test_list_rules - assert 404 == 200
FAILED tests/test_rule_api_server.py::test_rules_mdc_endpoint - assert 404 ==...
FAILED tests/test_rule_api_server.py::test_review_code_files_endpoint - Asser...
FAILED tests/test_rule_api_server.py::test_review_code_snippet_endpoint - ass...
FAILED tests/test_rule_api_server.py::test_rule_versioning_and_history - asse...
FAILED tests/test_rule_api_server.py::test_bug_report_endpoint - assert 404 =...
FAILED tests/test_rule_api_server.py::test_suggest_enhancement_and_list - Key...
FAILED tests/test_rule_api_server.py::test_enhancement_to_proposal_and_reject
FAILED tests/test_rule_api_server.py::test_proposal_to_enhancement - assert 5...
FAILED tests/test_rule_api_server.py::test_changelog_markdown_endpoint - asse...
FAILED tests/test_rule_api_server.py::test_rules_multi_category_filter - asse...
FAILED tests/test_rule_api_server.py::test_memory_graph_node_crud - assert 50...
FAILED tests/test_rule_api_server.py::test_memory_graph_edge_crud_and_traversal
FAILED tests/test_rule_api_server.py::test_memory_graph_vector_search - asser...
FAILED tests/test_rule_api_server.py::test_rule_proposal_categories_field - a...
FAILED tests/test_rule_api_server.py::test_patch_onboarding_progress - assert...
FAILED tests/test_rule_api_server.py::test_review_code_files_llm_endpoint - a...
FAILED tests/test_rule_api_server.py::test_rule_promotion_endpoint - assert 5...
FAILED tests/test_rule_api_server.py::test_onboarding_init_idempotency - asse...
FAILED tests/test_rule_conflicts.py::test_rule_conflict_detection - assert 42...
FAILED tests/test_rule_conflicts.py::test_rule_scope_conflicts - assert 500 =...
FAILED tests/test_rule_conflicts.py::test_rule_enforcement_in_ci - assert 500...
FAILED tests/test_rule_conflicts.py::test_rule_violation_reporting - assert 5...
FAILED tests/test_rule_conflicts.py::test_rule_compliance_report - assert 500...
FAILED tests/test_rule_conflicts.py::test_rule_conflicts - assert 422 == 200
FAILED tests/test_rule_conflicts.py::test_rule_conflicts_different_patterns
FAILED tests/test_rule_conflicts.py::test_rule_conflicts_same_name - assert 4...
FAILED tests/test_rule_conflicts.py::test_rule_conflicts_update - assert 422 ...
FAILED tests/test_rule_conflicts.py::test_rule_conflicts_delete - assert 422 ...
FAILED tests/test_rule_enforcement.py::test_rule_validation_and_formatting - ...
FAILED tests/test_rule_enforcement.py::test_rule_enforcement_through_code_review
FAILED tests/test_rule_enforcement.py::test_rule_enforcement_scope_hierarchy
FAILED tests/test_rule_enforcement.py::test_rule_enforcement_scope_hierarchy_invalid_promotion
FAILED tests/test_rule_enforcement.py::test_rule_enforcement_versioning - ass...
FAILED tests/test_rule_enforcement.py::test_rule_enforcement_combinations - a...
FAILED tests/test_rule_enforcement_edge_cases.py::test_rule_enforcement_error_handling
FAILED tests/test_rule_enforcement_edge_cases.py::test_rule_promotion_edge_cases
FAILED tests/test_rule_enforcement_edge_cases.py::test_rule_versioning_edge_cases
FAILED tests/test_rule_enforcement_edge_cases.py::test_rule_feedback_edge_cases
FAILED tests/test_rule_enforcement_edge_cases.py::test_rule_enforcement_edge_cases
FAILED tests/test_rule_filtering.py::test_rule_filtering_by_category - assert...
FAILED tests/test_rule_filtering.py::test_rule_filtering_by_tag - assert 422 ...
FAILED tests/test_rule_filtering.py::test_rule_filtering_by_scope - assert 42...
FAILED tests/test_rule_filtering.py::test_rule_filtering_combinations - asser...
FAILED tests/test_rule_filtering.py::test_rule_search - assert 422 == 200
FAILED tests/test_rule_promotion.py::test_rule_promotion_flow - assert 422 ==...
FAILED tests/test_rule_promotion.py::test_invalid_promotion - assert 422 == 200
FAILED tests/test_rule_promotion.py::test_promotion_with_missing_scope_id - a...
FAILED tests/test_rule_proposal_feedback.py::test_submit_and_list_feedback - ...
FAILED tests/test_rule_proposal_feedback.py::test_multiple_feedback_entries
FAILED tests/test_rule_proposal_feedback.py::test_feedback_on_nonexistent_proposal
FAILED tests/test_rule_proposal_feedback.py::test_invalid_feedback_type - ass...
FAILED tests/test_rule_suggestion.py::test_direct_pytest_usage_detection - as...
FAILED tests/test_rule_suggestion.py::test_print_statement_detection - assert...
FAILED tests/test_rule_suggestion.py::test_eval_usage_detection - assert 0 > 0
FAILED tests/test_rule_suggestion.py::test_bare_except_detection - assert 0 > 0
FAILED tests/test_rule_suggestion.py::test_wildcard_imports_detection - asser...
FAILED tests/test_rule_suggestion.py::test_long_functions_detection - assert ...
FAILED tests/test_rule_suggestion.py::test_missing_docstrings_detection - ass...
FAILED tests/test_rule_suggestion.py::test_deprecated_libraries_detection - a...
FAILED tests/test_rule_suggestion.py::test_scan_file_function - assert 0 >= 3
FAILED tests/test_rule_suggestion.py::test_review_code_snippet_endpoint - ass...
FAILED tests/test_rule_updates.py::test_basic_rule_update - assert 422 == 200
FAILED tests/test_rule_updates.py::test_partial_rule_update - assert 422 == 200
FAILED tests/test_rule_updates.py::test_update_with_invalid_data - assert 422...
FAILED tests/test_rule_updates.py::test_update_immutable_fields - assert 422 ...
FAILED tests/test_rule_versioning.py::test_rule_versioning_flow - assert 422 ...
FAILED tests/test_rule_versioning.py::test_rule_history_nonexistent - assert ...
FAILED tests/test_rule_versioning.py::test_multiple_rule_updates - assert 500...
FAILED tests/test_rule_versioning.py::test_rule_version_metadata - assert 422...
============ 93 failed, 64 passed, 12 skipped, 2 warnings in 2.98s =============
